{"/home/matteopossamai/Desktop/projects/ProgettoG09/backend/index.ts": {"path":"/home/matteopossamai/Desktop/projects/ProgettoG09/backend/index.ts","statementMap":{"0":{"start":{"line":1,"column":0},"end":{"line":1,"column":67}},"1":{"start":{"line":2,"column":0},"end":{"line":2,"column":28}},"2":{"start":{"line":3,"column":0},"end":{"line":3,"column":32}},"3":{"start":{"line":6,"column":0},"end":{"line":6,"column":39}},"4":{"start":{"line":7,"column":0},"end":{"line":7,"column":39}},"5":{"start":{"line":8,"column":0},"end":{"line":8,"column":47}},"6":{"start":{"line":9,"column":0},"end":{"line":9,"column":43}},"7":{"start":{"line":10,"column":0},"end":{"line":10,"column":43}},"8":{"start":{"line":11,"column":0},"end":{"line":11,"column":53}},"9":{"start":{"line":14,"column":0},"end":{"line":14,"column":47}},"10":{"start":{"line":18,"column":0},"end":{"line":18,"column":16}},"11":{"start":{"line":21,"column":25},"end":{"line":21,"column":34}},"12":{"start":{"line":22,"column":13},"end":{"line":22,"column":37}},"13":{"start":{"line":25,"column":0},"end":{"line":25,"column":24}},"14":{"start":{"line":26,"column":0},"end":{"line":26,"column":48}},"15":{"start":{"line":27,"column":0},"end":{"line":30,"column":3}},"16":{"start":{"line":28,"column":2},"end":{"line":28,"column":49}},"17":{"start":{"line":29,"column":2},"end":{"line":29,"column":9}},"18":{"start":{"line":34,"column":13},"end":{"line":34,"column":30}},"19":{"start":{"line":35,"column":0},"end":{"line":35,"column":null}},"20":{"start":{"line":38,"column":0},"end":{"line":40,"column":70}},"21":{"start":{"line":40,"column":18},"end":{"line":40,"column":68}},"22":{"start":{"line":43,"column":0},"end":{"line":43,"column":29}},"23":{"start":{"line":46,"column":0},"end":{"line":48,"column":3}},"24":{"start":{"line":47,"column":2},"end":{"line":47,"column":34}},"25":{"start":{"line":57,"column":18},"end":{"line":57,"column":47}},"26":{"start":{"line":58,"column":24},"end":{"line":58,"column":49}},"27":{"start":{"line":59,"column":16},"end":{"line":59,"column":92}},"28":{"start":{"line":60,"column":0},"end":{"line":60,"column":99}},"29":{"start":{"line":63,"column":0},"end":{"line":63,"column":25}},"30":{"start":{"line":66,"column":0},"end":{"line":66,"column":24}},"31":{"start":{"line":67,"column":0},"end":{"line":67,"column":28}},"32":{"start":{"line":68,"column":0},"end":{"line":68,"column":26}},"33":{"start":{"line":69,"column":0},"end":{"line":69,"column":26}},"34":{"start":{"line":70,"column":0},"end":{"line":70,"column":31}},"35":{"start":{"line":73,"column":13},"end":{"line":75,"column":2}},"36":{"start":{"line":74,"column":2},"end":{"line":74,"column":60}},"37":{"start":{"line":78,"column":9},"end":{"line":78,"column":15}},"38":{"start":{"line":77,"column":0},"end":{"line":77,"column":19}}},"fnMap":{"0":{"name":"(anonymous_1)","decl":{"start":{"line":27,"column":8},"end":{"line":27,"column":9}},"loc":{"start":{"line":27,"column":46},"end":{"line":30,"column":1}}},"1":{"name":"(anonymous_2)","decl":{"start":{"line":40,"column":9},"end":{"line":40,"column":10}},"loc":{"start":{"line":40,"column":18},"end":{"line":40,"column":68}}},"2":{"name":"(anonymous_3)","decl":{"start":{"line":46,"column":19},"end":{"line":46,"column":20}},"loc":{"start":{"line":46,"column":51},"end":{"line":48,"column":1}}},"3":{"name":"(anonymous_4)","decl":{"start":{"line":73,"column":30},"end":{"line":73,"column":33}},"loc":{"start":{"line":73,"column":35},"end":{"line":75,"column":1}}}},"branchMap":{"0":{"loc":{"start":{"line":22,"column":13},"end":{"line":22,"column":37}},"type":"binary-expr","locations":[{"start":{"line":22,"column":13},"end":{"line":22,"column":29}},{"start":{"line":22,"column":33},"end":{"line":22,"column":37}}]},"1":{"loc":{"start":{"line":39,"column":9},"end":{"line":39,"column":79}},"type":"binary-expr","locations":[{"start":{"line":39,"column":9},"end":{"line":39,"column":32}},{"start":{"line":39,"column":36},"end":{"line":39,"column":79}}]}},"s":{"0":7,"1":7,"2":7,"3":7,"4":7,"5":7,"6":7,"7":7,"8":7,"9":7,"10":7,"11":7,"12":7,"13":7,"14":7,"15":7,"16":136,"17":136,"18":7,"19":7,"20":7,"21":0,"22":7,"23":7,"24":1,"25":7,"26":7,"27":7,"28":7,"29":7,"30":7,"31":7,"32":7,"33":7,"34":7,"35":7,"36":7,"37":7,"38":7},"f":{"0":136,"1":0,"2":1,"3":7},"b":{"0":[7,0],"1":[7,0]}}
,"/home/matteopossamai/Desktop/projects/ProgettoG09/backend/controller/auth.ts": {"path":"/home/matteopossamai/Desktop/projects/ProgettoG09/backend/controller/auth.ts","statementMap":{"0":{"start":{"line":1,"column":0},"end":{"line":1,"column":60}},"1":{"start":{"line":3,"column":0},"end":{"line":3,"column":34}},"2":{"start":{"line":5,"column":15},"end":{"line":5,"column":49}},"3":{"start":{"line":7,"column":21},"end":{"line":24,"column":null}},"4":{"start":{"line":7,"column":59},"end":{"line":24,"column":null}},"5":{"start":{"line":8,"column":32},"end":{"line":8,"column":40}},"6":{"start":{"line":10,"column":15},"end":{"line":10,"column":51}},"7":{"start":{"line":12,"column":4},"end":{"line":14,"column":null}},"8":{"start":{"line":13,"column":8},"end":{"line":13,"column":54}},"9":{"start":{"line":16,"column":4},"end":{"line":18,"column":null}},"10":{"start":{"line":17,"column":8},"end":{"line":17,"column":61}},"11":{"start":{"line":20,"column":18},"end":{"line":20,"column":51}},"12":{"start":{"line":21,"column":14},"end":{"line":21,"column":51}},"13":{"start":{"line":22,"column":4},"end":{"line":22,"column":41}},"14":{"start":{"line":23,"column":4},"end":{"line":23,"column":null}},"15":{"start":{"line":7,"column":13},"end":{"line":7,"column":21}},"16":{"start":{"line":26,"column":24},"end":{"line":39,"column":null}},"17":{"start":{"line":26,"column":62},"end":{"line":39,"column":null}},"18":{"start":{"line":27,"column":16},"end":{"line":27,"column":77}},"19":{"start":{"line":29,"column":4},"end":{"line":31,"column":null}},"20":{"start":{"line":30,"column":8},"end":{"line":30,"column":57}},"21":{"start":{"line":33,"column":4},"end":{"line":38,"column":null}},"22":{"start":{"line":34,"column":24},"end":{"line":34,"column":67}},"23":{"start":{"line":35,"column":8},"end":{"line":35,"column":101}},"24":{"start":{"line":37,"column":8},"end":{"line":37,"column":53}},"25":{"start":{"line":26,"column":13},"end":{"line":26,"column":24}},"26":{"start":{"line":41,"column":22},"end":{"line":53,"column":1}},"27":{"start":{"line":42,"column":16},"end":{"line":42,"column":77}},"28":{"start":{"line":43,"column":4},"end":{"line":43,"column":34}},"29":{"start":{"line":45,"column":4},"end":{"line":52,"column":null}},"30":{"start":{"line":46,"column":22},"end":{"line":46,"column":24}},"31":{"start":{"line":47,"column":20},"end":{"line":47,"column":53}},"32":{"start":{"line":48,"column":8},"end":{"line":48,"column":47}},"33":{"start":{"line":49,"column":8},"end":{"line":49,"column":55}},"34":{"start":{"line":51,"column":8},"end":{"line":51,"column":63}},"35":{"start":{"line":41,"column":13},"end":{"line":41,"column":22}}},"fnMap":{"0":{"name":"(anonymous_8)","decl":{"start":{"line":7,"column":21},"end":{"line":7,"column":28}},"loc":{"start":{"line":7,"column":59},"end":{"line":24,"column":null}}},"1":{"name":"(anonymous_9)","decl":{"start":{"line":7,"column":59},"end":{"line":7,"column":null}},"loc":{"start":{"line":7,"column":59},"end":{"line":24,"column":1}}},"2":{"name":"(anonymous_10)","decl":{"start":{"line":26,"column":24},"end":{"line":26,"column":31}},"loc":{"start":{"line":26,"column":62},"end":{"line":39,"column":null}}},"3":{"name":"(anonymous_11)","decl":{"start":{"line":26,"column":62},"end":{"line":26,"column":null}},"loc":{"start":{"line":26,"column":62},"end":{"line":39,"column":1}}},"4":{"name":"(anonymous_12)","decl":{"start":{"line":41,"column":22},"end":{"line":41,"column":23}},"loc":{"start":{"line":41,"column":54},"end":{"line":53,"column":1}}}},"branchMap":{"0":{"loc":{"start":{"line":5,"column":15},"end":{"line":5,"column":49}},"type":"binary-expr","locations":[{"start":{"line":5,"column":15},"end":{"line":5,"column":37}},{"start":{"line":5,"column":41},"end":{"line":5,"column":49}}]},"1":{"loc":{"start":{"line":12,"column":4},"end":{"line":14,"column":null}},"type":"if","locations":[{"start":{"line":12,"column":4},"end":{"line":14,"column":null}}]},"2":{"loc":{"start":{"line":16,"column":4},"end":{"line":18,"column":null}},"type":"if","locations":[{"start":{"line":16,"column":4},"end":{"line":18,"column":null}}]},"3":{"loc":{"start":{"line":27,"column":16},"end":{"line":27,"column":77}},"type":"binary-expr","locations":[{"start":{"line":27,"column":16},"end":{"line":27,"column":45}},{"start":{"line":27,"column":49},"end":{"line":27,"column":77}}]},"4":{"loc":{"start":{"line":29,"column":4},"end":{"line":31,"column":null}},"type":"if","locations":[{"start":{"line":29,"column":4},"end":{"line":31,"column":null}}]},"5":{"loc":{"start":{"line":42,"column":16},"end":{"line":42,"column":77}},"type":"binary-expr","locations":[{"start":{"line":42,"column":16},"end":{"line":42,"column":45}},{"start":{"line":42,"column":49},"end":{"line":42,"column":77}}]},"6":{"loc":{"start":{"line":45,"column":4},"end":{"line":52,"column":null}},"type":"if","locations":[{"start":{"line":45,"column":4},"end":{"line":52,"column":null}},{"start":{"line":50,"column":11},"end":{"line":52,"column":null}}]}},"s":{"0":7,"1":7,"2":7,"3":7,"4":3,"5":3,"6":3,"7":3,"8":1,"9":2,"10":1,"11":1,"12":1,"13":1,"14":1,"15":7,"16":7,"17":3,"18":3,"19":3,"20":1,"21":2,"22":2,"23":2,"24":1,"25":7,"26":7,"27":2,"28":2,"29":2,"30":1,"31":1,"32":1,"33":1,"34":1,"35":7},"f":{"0":3,"1":3,"2":3,"3":3,"4":2},"b":{"0":[7,7],"1":[1],"2":[1],"3":[3,1],"4":[1],"5":[2,1],"6":[1,1]}}
,"/home/matteopossamai/Desktop/projects/ProgettoG09/backend/controller/budget.ts": {"path":"/home/matteopossamai/Desktop/projects/ProgettoG09/backend/controller/budget.ts","statementMap":{"0":{"start":{"line":2,"column":0},"end":{"line":2,"column":52}},"1":{"start":{"line":5,"column":28},"end":{"line":38,"column":1}},"2":{"start":{"line":6,"column":4},"end":{"line":37,"column":7}},"3":{"start":{"line":8,"column":8},"end":{"line":33,"column":null}},"4":{"start":{"line":9,"column":30},"end":{"line":17,"column":14}},"5":{"start":{"line":19,"column":12},"end":{"line":29,"column":15}},"6":{"start":{"line":21,"column":16},"end":{"line":21,"column":43}},"7":{"start":{"line":24,"column":16},"end":{"line":28,"column":null}},"8":{"start":{"line":25,"column":20},"end":{"line":25,"column":56}},"9":{"start":{"line":27,"column":20},"end":{"line":27,"column":66}},"10":{"start":{"line":32,"column":12},"end":{"line":32,"column":63}},"11":{"start":{"line":36,"column":8},"end":{"line":36,"column":54}},"12":{"start":{"line":5,"column":13},"end":{"line":5,"column":28}},"13":{"start":{"line":41,"column":26},"end":{"line":50,"column":1}},"14":{"start":{"line":42,"column":4},"end":{"line":49,"column":7}},"15":{"start":{"line":44,"column":8},"end":{"line":44,"column":35}},"16":{"start":{"line":48,"column":8},"end":{"line":48,"column":54}},"17":{"start":{"line":41,"column":13},"end":{"line":41,"column":26}},"18":{"start":{"line":53,"column":32},"end":{"line":62,"column":1}},"19":{"start":{"line":54,"column":4},"end":{"line":61,"column":7}},"20":{"start":{"line":56,"column":8},"end":{"line":56,"column":35}},"21":{"start":{"line":60,"column":8},"end":{"line":60,"column":54}},"22":{"start":{"line":53,"column":13},"end":{"line":53,"column":32}},"23":{"start":{"line":65,"column":25},"end":{"line":78,"column":1}},"24":{"start":{"line":66,"column":4},"end":{"line":77,"column":7}},"25":{"start":{"line":68,"column":8},"end":{"line":72,"column":null}},"26":{"start":{"line":69,"column":12},"end":{"line":69,"column":39}},"27":{"start":{"line":71,"column":12},"end":{"line":71,"column":53}},"28":{"start":{"line":76,"column":8},"end":{"line":76,"column":54}},"29":{"start":{"line":65,"column":13},"end":{"line":65,"column":25}},"30":{"start":{"line":81,"column":28},"end":{"line":94,"column":1}},"31":{"start":{"line":82,"column":8},"end":{"line":93,"column":15}},"32":{"start":{"line":84,"column":16},"end":{"line":88,"column":null}},"33":{"start":{"line":85,"column":20},"end":{"line":85,"column":59}},"34":{"start":{"line":87,"column":20},"end":{"line":87,"column":61}},"35":{"start":{"line":92,"column":16},"end":{"line":92,"column":62}},"36":{"start":{"line":81,"column":13},"end":{"line":81,"column":28}},"37":{"start":{"line":97,"column":28},"end":{"line":110,"column":1}},"38":{"start":{"line":98,"column":4},"end":{"line":109,"column":7}},"39":{"start":{"line":100,"column":8},"end":{"line":104,"column":null}},"40":{"start":{"line":101,"column":12},"end":{"line":101,"column":51}},"41":{"start":{"line":103,"column":12},"end":{"line":103,"column":53}},"42":{"start":{"line":108,"column":8},"end":{"line":108,"column":54}},"43":{"start":{"line":97,"column":13},"end":{"line":97,"column":28}}},"fnMap":{"0":{"name":"(anonymous_1)","decl":{"start":{"line":5,"column":28},"end":{"line":5,"column":29}},"loc":{"start":{"line":5,"column":76},"end":{"line":38,"column":1}}},"1":{"name":"(anonymous_2)","decl":{"start":{"line":7,"column":10},"end":{"line":7,"column":11}},"loc":{"start":{"line":7,"column":38},"end":{"line":34,"column":5}}},"2":{"name":"(anonymous_3)","decl":{"start":{"line":20,"column":18},"end":{"line":20,"column":19}},"loc":{"start":{"line":20,"column":39},"end":{"line":22,"column":13}}},"3":{"name":"(anonymous_4)","decl":{"start":{"line":23,"column":19},"end":{"line":23,"column":20}},"loc":{"start":{"line":23,"column":34},"end":{"line":29,"column":13}}},"4":{"name":"(anonymous_5)","decl":{"start":{"line":35,"column":11},"end":{"line":35,"column":12}},"loc":{"start":{"line":35,"column":26},"end":{"line":37,"column":5}}},"5":{"name":"(anonymous_6)","decl":{"start":{"line":41,"column":26},"end":{"line":41,"column":27}},"loc":{"start":{"line":41,"column":74},"end":{"line":50,"column":1}}},"6":{"name":"(anonymous_7)","decl":{"start":{"line":43,"column":10},"end":{"line":43,"column":11}},"loc":{"start":{"line":43,"column":33},"end":{"line":45,"column":5}}},"7":{"name":"(anonymous_8)","decl":{"start":{"line":46,"column":11},"end":{"line":46,"column":12}},"loc":{"start":{"line":46,"column":26},"end":{"line":49,"column":5}}},"8":{"name":"(anonymous_9)","decl":{"start":{"line":53,"column":32},"end":{"line":53,"column":33}},"loc":{"start":{"line":53,"column":80},"end":{"line":62,"column":1}}},"9":{"name":"(anonymous_10)","decl":{"start":{"line":55,"column":10},"end":{"line":55,"column":11}},"loc":{"start":{"line":55,"column":33},"end":{"line":57,"column":5}}},"10":{"name":"(anonymous_11)","decl":{"start":{"line":58,"column":11},"end":{"line":58,"column":12}},"loc":{"start":{"line":58,"column":26},"end":{"line":61,"column":5}}},"11":{"name":"(anonymous_12)","decl":{"start":{"line":65,"column":25},"end":{"line":65,"column":26}},"loc":{"start":{"line":65,"column":73},"end":{"line":78,"column":1}}},"12":{"name":"(anonymous_13)","decl":{"start":{"line":67,"column":10},"end":{"line":67,"column":11}},"loc":{"start":{"line":67,"column":38},"end":{"line":73,"column":5}}},"13":{"name":"(anonymous_14)","decl":{"start":{"line":74,"column":11},"end":{"line":74,"column":12}},"loc":{"start":{"line":74,"column":26},"end":{"line":77,"column":5}}},"14":{"name":"(anonymous_15)","decl":{"start":{"line":81,"column":28},"end":{"line":81,"column":29}},"loc":{"start":{"line":81,"column":76},"end":{"line":94,"column":1}}},"15":{"name":"(anonymous_16)","decl":{"start":{"line":83,"column":18},"end":{"line":83,"column":19}},"loc":{"start":{"line":83,"column":46},"end":{"line":89,"column":13}}},"16":{"name":"(anonymous_17)","decl":{"start":{"line":90,"column":19},"end":{"line":90,"column":20}},"loc":{"start":{"line":90,"column":34},"end":{"line":93,"column":13}}},"17":{"name":"(anonymous_18)","decl":{"start":{"line":97,"column":28},"end":{"line":97,"column":29}},"loc":{"start":{"line":97,"column":76},"end":{"line":110,"column":1}}},"18":{"name":"(anonymous_19)","decl":{"start":{"line":99,"column":10},"end":{"line":99,"column":11}},"loc":{"start":{"line":99,"column":38},"end":{"line":105,"column":5}}},"19":{"name":"(anonymous_20)","decl":{"start":{"line":106,"column":11},"end":{"line":106,"column":12}},"loc":{"start":{"line":106,"column":26},"end":{"line":109,"column":5}}}},"branchMap":{"0":{"loc":{"start":{"line":8,"column":8},"end":{"line":33,"column":null}},"type":"if","locations":[{"start":{"line":8,"column":8},"end":{"line":33,"column":null}},{"start":{"line":31,"column":14},"end":{"line":33,"column":null}}]},"1":{"loc":{"start":{"line":24,"column":16},"end":{"line":28,"column":null}},"type":"if","locations":[{"start":{"line":24,"column":16},"end":{"line":28,"column":null}},{"start":{"line":26,"column":22},"end":{"line":28,"column":null}}]},"2":{"loc":{"start":{"line":68,"column":8},"end":{"line":72,"column":null}},"type":"if","locations":[{"start":{"line":68,"column":8},"end":{"line":72,"column":null}},{"start":{"line":70,"column":15},"end":{"line":72,"column":null}}]},"3":{"loc":{"start":{"line":84,"column":16},"end":{"line":88,"column":null}},"type":"if","locations":[{"start":{"line":84,"column":16},"end":{"line":88,"column":null}},{"start":{"line":86,"column":23},"end":{"line":88,"column":null}}]},"4":{"loc":{"start":{"line":100,"column":8},"end":{"line":104,"column":null}},"type":"if","locations":[{"start":{"line":100,"column":8},"end":{"line":104,"column":null}},{"start":{"line":102,"column":15},"end":{"line":104,"column":null}}]}},"s":{"0":7,"1":7,"2":4,"3":4,"4":3,"5":3,"6":2,"7":1,"8":1,"9":0,"10":1,"11":0,"12":7,"13":7,"14":1,"15":1,"16":0,"17":7,"18":7,"19":2,"20":2,"21":0,"22":7,"23":7,"24":4,"25":4,"26":2,"27":2,"28":0,"29":7,"30":7,"31":2,"32":2,"33":1,"34":1,"35":0,"36":7,"37":7,"38":4,"39":4,"40":2,"41":2,"42":0,"43":7},"f":{"0":4,"1":4,"2":2,"3":1,"4":0,"5":1,"6":1,"7":0,"8":2,"9":2,"10":0,"11":4,"12":4,"13":0,"14":2,"15":2,"16":0,"17":4,"18":4,"19":0},"b":{"0":[3,1],"1":[1,0],"2":[2,2],"3":[1,1],"4":[2,2]}}
,"/home/matteopossamai/Desktop/projects/ProgettoG09/backend/controller/category.ts": {"path":"/home/matteopossamai/Desktop/projects/ProgettoG09/backend/controller/category.ts","statementMap":{"0":{"start":{"line":2,"column":0},"end":{"line":2,"column":58}},"1":{"start":{"line":5,"column":30},"end":{"line":40,"column":1}},"2":{"start":{"line":6,"column":4},"end":{"line":39,"column":7}},"3":{"start":{"line":8,"column":8},"end":{"line":35,"column":null}},"4":{"start":{"line":9,"column":32},"end":{"line":15,"column":14}},"5":{"start":{"line":17,"column":12},"end":{"line":31,"column":15}},"6":{"start":{"line":19,"column":16},"end":{"line":19,"column":43}},"7":{"start":{"line":22,"column":16},"end":{"line":30,"column":null}},"8":{"start":{"line":23,"column":20},"end":{"line":23,"column":73}},"9":{"start":{"line":25,"column":20},"end":{"line":29,"column":null}},"10":{"start":{"line":26,"column":24},"end":{"line":26,"column":60}},"11":{"start":{"line":28,"column":24},"end":{"line":28,"column":70}},"12":{"start":{"line":34,"column":12},"end":{"line":34,"column":65}},"13":{"start":{"line":38,"column":8},"end":{"line":38,"column":54}},"14":{"start":{"line":5,"column":13},"end":{"line":5,"column":30}},"15":{"start":{"line":43,"column":29},"end":{"line":52,"column":1}},"16":{"start":{"line":44,"column":4},"end":{"line":51,"column":7}},"17":{"start":{"line":46,"column":8},"end":{"line":46,"column":35}},"18":{"start":{"line":50,"column":8},"end":{"line":50,"column":54}},"19":{"start":{"line":43,"column":13},"end":{"line":43,"column":29}},"20":{"start":{"line":55,"column":35},"end":{"line":63,"column":1}},"21":{"start":{"line":56,"column":4},"end":{"line":62,"column":7}},"22":{"start":{"line":58,"column":8},"end":{"line":58,"column":35}},"23":{"start":{"line":61,"column":8},"end":{"line":61,"column":54}},"24":{"start":{"line":55,"column":13},"end":{"line":55,"column":35}},"25":{"start":{"line":66,"column":27},"end":{"line":78,"column":1}},"26":{"start":{"line":67,"column":4},"end":{"line":77,"column":7}},"27":{"start":{"line":69,"column":8},"end":{"line":73,"column":null}},"28":{"start":{"line":70,"column":12},"end":{"line":70,"column":39}},"29":{"start":{"line":72,"column":12},"end":{"line":72,"column":55}},"30":{"start":{"line":76,"column":8},"end":{"line":76,"column":54}},"31":{"start":{"line":66,"column":13},"end":{"line":66,"column":27}},"32":{"start":{"line":82,"column":30},"end":{"line":94,"column":1}},"33":{"start":{"line":83,"column":4},"end":{"line":93,"column":7}},"34":{"start":{"line":85,"column":8},"end":{"line":89,"column":null}},"35":{"start":{"line":86,"column":12},"end":{"line":86,"column":53}},"36":{"start":{"line":88,"column":12},"end":{"line":88,"column":55}},"37":{"start":{"line":92,"column":8},"end":{"line":92,"column":54}},"38":{"start":{"line":82,"column":13},"end":{"line":82,"column":30}},"39":{"start":{"line":97,"column":30},"end":{"line":109,"column":1}},"40":{"start":{"line":98,"column":4},"end":{"line":108,"column":7}},"41":{"start":{"line":100,"column":8},"end":{"line":104,"column":null}},"42":{"start":{"line":101,"column":12},"end":{"line":101,"column":53}},"43":{"start":{"line":103,"column":12},"end":{"line":103,"column":55}},"44":{"start":{"line":107,"column":8},"end":{"line":107,"column":54}},"45":{"start":{"line":97,"column":13},"end":{"line":97,"column":30}}},"fnMap":{"0":{"name":"(anonymous_1)","decl":{"start":{"line":5,"column":30},"end":{"line":5,"column":31}},"loc":{"start":{"line":5,"column":78},"end":{"line":40,"column":1}}},"1":{"name":"(anonymous_2)","decl":{"start":{"line":7,"column":10},"end":{"line":7,"column":11}},"loc":{"start":{"line":7,"column":40},"end":{"line":36,"column":5}}},"2":{"name":"(anonymous_3)","decl":{"start":{"line":18,"column":18},"end":{"line":18,"column":19}},"loc":{"start":{"line":18,"column":41},"end":{"line":20,"column":13}}},"3":{"name":"(anonymous_4)","decl":{"start":{"line":21,"column":19},"end":{"line":21,"column":20}},"loc":{"start":{"line":21,"column":34},"end":{"line":31,"column":13}}},"4":{"name":"(anonymous_5)","decl":{"start":{"line":37,"column":11},"end":{"line":37,"column":12}},"loc":{"start":{"line":37,"column":26},"end":{"line":39,"column":5}}},"5":{"name":"(anonymous_6)","decl":{"start":{"line":43,"column":29},"end":{"line":43,"column":30}},"loc":{"start":{"line":43,"column":77},"end":{"line":52,"column":1}}},"6":{"name":"(anonymous_7)","decl":{"start":{"line":45,"column":10},"end":{"line":45,"column":11}},"loc":{"start":{"line":45,"column":35},"end":{"line":47,"column":5}}},"7":{"name":"(anonymous_8)","decl":{"start":{"line":48,"column":11},"end":{"line":48,"column":12}},"loc":{"start":{"line":48,"column":26},"end":{"line":51,"column":5}}},"8":{"name":"(anonymous_9)","decl":{"start":{"line":55,"column":35},"end":{"line":55,"column":36}},"loc":{"start":{"line":55,"column":83},"end":{"line":63,"column":1}}},"9":{"name":"(anonymous_10)","decl":{"start":{"line":57,"column":10},"end":{"line":57,"column":11}},"loc":{"start":{"line":57,"column":35},"end":{"line":59,"column":5}}},"10":{"name":"(anonymous_11)","decl":{"start":{"line":60,"column":11},"end":{"line":60,"column":12}},"loc":{"start":{"line":60,"column":24},"end":{"line":62,"column":5}}},"11":{"name":"(anonymous_12)","decl":{"start":{"line":66,"column":27},"end":{"line":66,"column":28}},"loc":{"start":{"line":66,"column":75},"end":{"line":78,"column":1}}},"12":{"name":"(anonymous_13)","decl":{"start":{"line":68,"column":10},"end":{"line":68,"column":11}},"loc":{"start":{"line":68,"column":40},"end":{"line":74,"column":5}}},"13":{"name":"(anonymous_14)","decl":{"start":{"line":75,"column":11},"end":{"line":75,"column":12}},"loc":{"start":{"line":75,"column":24},"end":{"line":77,"column":5}}},"14":{"name":"(anonymous_15)","decl":{"start":{"line":82,"column":30},"end":{"line":82,"column":31}},"loc":{"start":{"line":82,"column":78},"end":{"line":94,"column":1}}},"15":{"name":"(anonymous_16)","decl":{"start":{"line":84,"column":10},"end":{"line":84,"column":11}},"loc":{"start":{"line":84,"column":40},"end":{"line":90,"column":5}}},"16":{"name":"(anonymous_17)","decl":{"start":{"line":91,"column":11},"end":{"line":91,"column":12}},"loc":{"start":{"line":91,"column":24},"end":{"line":93,"column":5}}},"17":{"name":"(anonymous_18)","decl":{"start":{"line":97,"column":30},"end":{"line":97,"column":31}},"loc":{"start":{"line":97,"column":78},"end":{"line":109,"column":1}}},"18":{"name":"(anonymous_19)","decl":{"start":{"line":99,"column":10},"end":{"line":99,"column":11}},"loc":{"start":{"line":99,"column":40},"end":{"line":105,"column":5}}},"19":{"name":"(anonymous_20)","decl":{"start":{"line":106,"column":11},"end":{"line":106,"column":12}},"loc":{"start":{"line":106,"column":24},"end":{"line":108,"column":5}}}},"branchMap":{"0":{"loc":{"start":{"line":8,"column":8},"end":{"line":35,"column":null}},"type":"if","locations":[{"start":{"line":8,"column":8},"end":{"line":35,"column":null}},{"start":{"line":33,"column":14},"end":{"line":35,"column":null}}]},"1":{"loc":{"start":{"line":22,"column":16},"end":{"line":30,"column":null}},"type":"if","locations":[{"start":{"line":22,"column":16},"end":{"line":30,"column":null}},{"start":{"line":24,"column":22},"end":{"line":30,"column":null}}]},"2":{"loc":{"start":{"line":25,"column":20},"end":{"line":29,"column":null}},"type":"if","locations":[{"start":{"line":25,"column":20},"end":{"line":29,"column":null}},{"start":{"line":27,"column":25},"end":{"line":29,"column":null}}]},"3":{"loc":{"start":{"line":69,"column":8},"end":{"line":73,"column":null}},"type":"if","locations":[{"start":{"line":69,"column":8},"end":{"line":73,"column":null}},{"start":{"line":71,"column":15},"end":{"line":73,"column":null}}]},"4":{"loc":{"start":{"line":85,"column":8},"end":{"line":89,"column":null}},"type":"if","locations":[{"start":{"line":85,"column":8},"end":{"line":89,"column":null}},{"start":{"line":87,"column":15},"end":{"line":89,"column":null}}]},"5":{"loc":{"start":{"line":100,"column":8},"end":{"line":104,"column":null}},"type":"if","locations":[{"start":{"line":100,"column":8},"end":{"line":104,"column":null}},{"start":{"line":102,"column":15},"end":{"line":104,"column":null}}]}},"s":{"0":7,"1":7,"2":5,"3":5,"4":4,"5":4,"6":3,"7":1,"8":0,"9":1,"10":1,"11":0,"12":1,"13":0,"14":7,"15":7,"16":1,"17":1,"18":0,"19":7,"20":7,"21":2,"22":2,"23":0,"24":7,"25":7,"26":4,"27":4,"28":2,"29":2,"30":0,"31":7,"32":7,"33":2,"34":2,"35":1,"36":1,"37":0,"38":7,"39":7,"40":5,"41":5,"42":3,"43":2,"44":0,"45":7},"f":{"0":5,"1":5,"2":3,"3":1,"4":0,"5":1,"6":1,"7":0,"8":2,"9":2,"10":0,"11":4,"12":4,"13":0,"14":2,"15":2,"16":0,"17":5,"18":5,"19":0},"b":{"0":[4,1],"1":[0,1],"2":[1,0],"3":[2,2],"4":[1,1],"5":[3,2]}}
,"/home/matteopossamai/Desktop/projects/ProgettoG09/backend/controller/checker.ts": {"path":"/home/matteopossamai/Desktop/projects/ProgettoG09/backend/controller/checker.ts","statementMap":{"0":{"start":{"line":3,"column":0},"end":{"line":3,"column":45}},"1":{"start":{"line":6,"column":23},"end":{"line":25,"column":null}},"2":{"start":{"line":6,"column":105},"end":{"line":25,"column":null}},"3":{"start":{"line":7,"column":16},"end":{"line":7,"column":77}},"4":{"start":{"line":9,"column":4},"end":{"line":14,"column":null}},"5":{"start":{"line":10,"column":8},"end":{"line":13,"column":5}},"6":{"start":{"line":16,"column":23},"end":{"line":16,"column":90}},"7":{"start":{"line":17,"column":4},"end":{"line":24,"column":null}},"8":{"start":{"line":18,"column":8},"end":{"line":21,"column":11}},"9":{"start":{"line":23,"column":8},"end":{"line":23,"column":15}},"10":{"start":{"line":6,"column":13},"end":{"line":6,"column":23}}},"fnMap":{"0":{"name":"(anonymous_7)","decl":{"start":{"line":6,"column":23},"end":{"line":6,"column":30}},"loc":{"start":{"line":6,"column":105},"end":{"line":25,"column":null}}},"1":{"name":"(anonymous_8)","decl":{"start":{"line":6,"column":105},"end":{"line":6,"column":null}},"loc":{"start":{"line":6,"column":105},"end":{"line":25,"column":1}}}},"branchMap":{"0":{"loc":{"start":{"line":7,"column":16},"end":{"line":7,"column":77}},"type":"binary-expr","locations":[{"start":{"line":7,"column":16},"end":{"line":7,"column":45}},{"start":{"line":7,"column":49},"end":{"line":7,"column":77}}]},"1":{"loc":{"start":{"line":9,"column":4},"end":{"line":14,"column":null}},"type":"if","locations":[{"start":{"line":9,"column":4},"end":{"line":14,"column":null}}]},"2":{"loc":{"start":{"line":16,"column":41},"end":{"line":16,"column":71}},"type":"binary-expr","locations":[{"start":{"line":16,"column":41},"end":{"line":16,"column":59}},{"start":{"line":16,"column":63},"end":{"line":16,"column":71}}]},"3":{"loc":{"start":{"line":17,"column":4},"end":{"line":24,"column":null}},"type":"if","locations":[{"start":{"line":17,"column":4},"end":{"line":24,"column":null}},{"start":{"line":22,"column":10},"end":{"line":24,"column":null}}]}},"s":{"0":7,"1":7,"2":118,"3":118,"4":118,"5":29,"6":89,"7":89,"8":1,"9":88,"10":7},"f":{"0":118,"1":118},"b":{"0":[118,29],"1":[29],"2":[89,89],"3":[1,88]}}
,"/home/matteopossamai/Desktop/projects/ProgettoG09/backend/controller/transaction.ts": {"path":"/home/matteopossamai/Desktop/projects/ProgettoG09/backend/controller/transaction.ts","statementMap":{"0":{"start":{"line":2,"column":0},"end":{"line":2,"column":67}},"1":{"start":{"line":3,"column":0},"end":{"line":3,"column":38}},"2":{"start":{"line":4,"column":0},"end":{"line":4,"column":38}},"3":{"start":{"line":7,"column":33},"end":{"line":53,"column":null}},"4":{"start":{"line":7,"column":87},"end":{"line":53,"column":null}},"5":{"start":{"line":8,"column":4},"end":{"line":52,"column":null}},"6":{"start":{"line":9,"column":31},"end":{"line":18,"column":10}},"7":{"start":{"line":19,"column":21},"end":{"line":19,"column":87}},"8":{"start":{"line":20,"column":8},"end":{"line":44,"column":null}},"9":{"start":{"line":21,"column":12},"end":{"line":21,"column":53}},"10":{"start":{"line":23,"column":23},"end":{"line":23,"column":50}},"11":{"start":{"line":24,"column":8},"end":{"line":32,"column":null}},"12":{"start":{"line":26,"column":12},"end":{"line":30,"column":null}},"13":{"start":{"line":27,"column":13},"end":{"line":27,"column":44}},"14":{"start":{"line":29,"column":16},"end":{"line":29,"column":47}},"15":{"start":{"line":31,"column":12},"end":{"line":31,"column":32}},"16":{"start":{"line":35,"column":22},"end":{"line":35,"column":91}},"17":{"start":{"line":36,"column":8},"end":{"line":41,"column":null}},"18":{"start":{"line":37,"column":12},"end":{"line":40,"column":null}},"19":{"start":{"line":37,"column":25},"end":{"line":37,"column":26}},"20":{"start":{"line":38,"column":16},"end":{"line":38,"column":57}},"21":{"start":{"line":39,"column":16},"end":{"line":39,"column":40}},"22":{"start":{"line":43,"column":8},"end":{"line":43,"column":35}},"23":{"start":{"line":47,"column":8},"end":{"line":51,"column":null}},"24":{"start":{"line":48,"column":12},"end":{"line":48,"column":48}},"25":{"start":{"line":50,"column":12},"end":{"line":50,"column":58}},"26":{"start":{"line":7,"column":13},"end":{"line":7,"column":33}},"27":{"start":{"line":56,"column":31},"end":{"line":63,"column":null}},"28":{"start":{"line":56,"column":85},"end":{"line":63,"column":null}},"29":{"start":{"line":57,"column":4},"end":{"line":62,"column":null}},"30":{"start":{"line":58,"column":21},"end":{"line":58,"column":45}},"31":{"start":{"line":59,"column":8},"end":{"line":59,"column":35}},"32":{"start":{"line":61,"column":8},"end":{"line":61,"column":54}},"33":{"start":{"line":56,"column":13},"end":{"line":56,"column":31}},"34":{"start":{"line":66,"column":34},"end":{"line":77,"column":null}},"35":{"start":{"line":66,"column":88},"end":{"line":77,"column":null}},"36":{"start":{"line":67,"column":4},"end":{"line":76,"column":null}},"37":{"start":{"line":68,"column":21},"end":{"line":68,"column":62}},"38":{"start":{"line":69,"column":8},"end":{"line":73,"column":null}},"39":{"start":{"line":70,"column":12},"end":{"line":70,"column":39}},"40":{"start":{"line":72,"column":12},"end":{"line":72,"column":58}},"41":{"start":{"line":75,"column":8},"end":{"line":75,"column":54}},"42":{"start":{"line":66,"column":13},"end":{"line":66,"column":34}},"43":{"start":{"line":80,"column":37},"end":{"line":88,"column":null}},"44":{"start":{"line":80,"column":91},"end":{"line":88,"column":null}},"45":{"start":{"line":81,"column":4},"end":{"line":87,"column":7}},"46":{"start":{"line":83,"column":8},"end":{"line":83,"column":35}},"47":{"start":{"line":86,"column":8},"end":{"line":86,"column":54}},"48":{"start":{"line":80,"column":13},"end":{"line":80,"column":37}},"49":{"start":{"line":91,"column":37},"end":{"line":102,"column":null}},"50":{"start":{"line":91,"column":91},"end":{"line":102,"column":null}},"51":{"start":{"line":92,"column":4},"end":{"line":101,"column":null}},"52":{"start":{"line":93,"column":21},"end":{"line":93,"column":71}},"53":{"start":{"line":94,"column":8},"end":{"line":98,"column":null}},"54":{"start":{"line":95,"column":12},"end":{"line":95,"column":56}},"55":{"start":{"line":97,"column":12},"end":{"line":97,"column":58}},"56":{"start":{"line":100,"column":8},"end":{"line":100,"column":54}},"57":{"start":{"line":91,"column":13},"end":{"line":91,"column":37}},"58":{"start":{"line":105,"column":37},"end":{"line":117,"column":null}},"59":{"start":{"line":105,"column":91},"end":{"line":117,"column":null}},"60":{"start":{"line":106,"column":4},"end":{"line":116,"column":7}},"61":{"start":{"line":108,"column":8},"end":{"line":112,"column":null}},"62":{"start":{"line":109,"column":12},"end":{"line":109,"column":56}},"63":{"start":{"line":111,"column":12},"end":{"line":111,"column":58}},"64":{"start":{"line":115,"column":8},"end":{"line":115,"column":54}},"65":{"start":{"line":105,"column":13},"end":{"line":105,"column":37}}},"fnMap":{"0":{"name":"(anonymous_8)","decl":{"start":{"line":7,"column":33},"end":{"line":7,"column":40}},"loc":{"start":{"line":7,"column":87},"end":{"line":53,"column":null}}},"1":{"name":"(anonymous_9)","decl":{"start":{"line":7,"column":87},"end":{"line":7,"column":null}},"loc":{"start":{"line":7,"column":87},"end":{"line":53,"column":1}}},"2":{"name":"(anonymous_10)","decl":{"start":{"line":56,"column":31},"end":{"line":56,"column":38}},"loc":{"start":{"line":56,"column":85},"end":{"line":63,"column":null}}},"3":{"name":"(anonymous_11)","decl":{"start":{"line":56,"column":85},"end":{"line":56,"column":null}},"loc":{"start":{"line":56,"column":85},"end":{"line":63,"column":1}}},"4":{"name":"(anonymous_12)","decl":{"start":{"line":66,"column":34},"end":{"line":66,"column":41}},"loc":{"start":{"line":66,"column":88},"end":{"line":77,"column":null}}},"5":{"name":"(anonymous_13)","decl":{"start":{"line":66,"column":88},"end":{"line":66,"column":null}},"loc":{"start":{"line":66,"column":88},"end":{"line":77,"column":1}}},"6":{"name":"(anonymous_14)","decl":{"start":{"line":80,"column":37},"end":{"line":80,"column":44}},"loc":{"start":{"line":80,"column":91},"end":{"line":88,"column":null}}},"7":{"name":"(anonymous_15)","decl":{"start":{"line":80,"column":91},"end":{"line":80,"column":null}},"loc":{"start":{"line":80,"column":91},"end":{"line":88,"column":1}}},"8":{"name":"(anonymous_16)","decl":{"start":{"line":82,"column":10},"end":{"line":82,"column":11}},"loc":{"start":{"line":82,"column":38},"end":{"line":84,"column":5}}},"9":{"name":"(anonymous_17)","decl":{"start":{"line":85,"column":11},"end":{"line":85,"column":12}},"loc":{"start":{"line":85,"column":26},"end":{"line":87,"column":5}}},"10":{"name":"(anonymous_18)","decl":{"start":{"line":91,"column":37},"end":{"line":91,"column":44}},"loc":{"start":{"line":91,"column":91},"end":{"line":102,"column":null}}},"11":{"name":"(anonymous_19)","decl":{"start":{"line":91,"column":91},"end":{"line":91,"column":null}},"loc":{"start":{"line":91,"column":91},"end":{"line":102,"column":1}}},"12":{"name":"(anonymous_20)","decl":{"start":{"line":105,"column":37},"end":{"line":105,"column":44}},"loc":{"start":{"line":105,"column":91},"end":{"line":117,"column":null}}},"13":{"name":"(anonymous_21)","decl":{"start":{"line":105,"column":91},"end":{"line":105,"column":null}},"loc":{"start":{"line":105,"column":91},"end":{"line":117,"column":1}}},"14":{"name":"(anonymous_22)","decl":{"start":{"line":107,"column":10},"end":{"line":107,"column":11}},"loc":{"start":{"line":107,"column":43},"end":{"line":113,"column":5}}},"15":{"name":"(anonymous_23)","decl":{"start":{"line":114,"column":11},"end":{"line":114,"column":12}},"loc":{"start":{"line":114,"column":26},"end":{"line":116,"column":5}}}},"branchMap":{"0":{"loc":{"start":{"line":20,"column":8},"end":{"line":44,"column":null}},"type":"if","locations":[{"start":{"line":20,"column":8},"end":{"line":44,"column":null}},{"start":{"line":22,"column":15},"end":{"line":44,"column":null}}]},"1":{"loc":{"start":{"line":24,"column":8},"end":{"line":32,"column":null}},"type":"if","locations":[{"start":{"line":24,"column":8},"end":{"line":32,"column":null}}]},"2":{"loc":{"start":{"line":26,"column":12},"end":{"line":30,"column":null}},"type":"if","locations":[{"start":{"line":26,"column":12},"end":{"line":30,"column":null}},{"start":{"line":28,"column":18},"end":{"line":30,"column":null}}]},"3":{"loc":{"start":{"line":36,"column":8},"end":{"line":41,"column":null}},"type":"if","locations":[{"start":{"line":36,"column":8},"end":{"line":41,"column":null}}]},"4":{"loc":{"start":{"line":36,"column":12},"end":{"line":36,"column":50}},"type":"binary-expr","locations":[{"start":{"line":36,"column":12},"end":{"line":36,"column":19}},{"start":{"line":36,"column":23},"end":{"line":36,"column":50}}]},"5":{"loc":{"start":{"line":47,"column":8},"end":{"line":51,"column":null}},"type":"if","locations":[{"start":{"line":47,"column":8},"end":{"line":51,"column":null}},{"start":{"line":49,"column":14},"end":{"line":51,"column":null}}]},"6":{"loc":{"start":{"line":69,"column":8},"end":{"line":73,"column":null}},"type":"if","locations":[{"start":{"line":69,"column":8},"end":{"line":73,"column":null}},{"start":{"line":71,"column":15},"end":{"line":73,"column":null}}]},"7":{"loc":{"start":{"line":94,"column":8},"end":{"line":98,"column":null}},"type":"if","locations":[{"start":{"line":94,"column":8},"end":{"line":98,"column":null}},{"start":{"line":96,"column":15},"end":{"line":98,"column":null}}]},"8":{"loc":{"start":{"line":108,"column":8},"end":{"line":112,"column":null}},"type":"if","locations":[{"start":{"line":108,"column":8},"end":{"line":112,"column":null}},{"start":{"line":110,"column":15},"end":{"line":112,"column":null}}]}},"s":{"0":7,"1":7,"2":7,"3":7,"4":4,"5":4,"6":4,"7":4,"8":4,"9":1,"10":3,"11":2,"12":2,"13":0,"14":2,"15":2,"16":2,"17":2,"18":2,"19":2,"20":0,"21":0,"22":2,"23":1,"24":1,"25":0,"26":7,"27":7,"28":1,"29":1,"30":1,"31":1,"32":0,"33":7,"34":7,"35":3,"36":3,"37":3,"38":3,"39":2,"40":1,"41":0,"42":7,"43":7,"44":2,"45":2,"46":2,"47":0,"48":7,"49":7,"50":4,"51":4,"52":4,"53":4,"54":2,"55":2,"56":0,"57":7,"58":7,"59":2,"60":2,"61":2,"62":1,"63":1,"64":0,"65":7},"f":{"0":4,"1":4,"2":1,"3":1,"4":3,"5":3,"6":2,"7":2,"8":2,"9":0,"10":4,"11":4,"12":2,"13":2,"14":2,"15":0},"b":{"0":[1,3],"1":[2],"2":[0,2],"3":[2],"4":[2,2],"5":[1,0],"6":[2,1],"7":[2,2],"8":[1,1]}}
,"/home/matteopossamai/Desktop/projects/ProgettoG09/backend/controller/user.ts": {"path":"/home/matteopossamai/Desktop/projects/ProgettoG09/backend/controller/user.ts","statementMap":{"0":{"start":{"line":2,"column":0},"end":{"line":2,"column":46}},"1":{"start":{"line":3,"column":0},"end":{"line":3,"column":59}},"2":{"start":{"line":6,"column":22},"end":{"line":40,"column":1}},"3":{"start":{"line":7,"column":4},"end":{"line":39,"column":7}},"4":{"start":{"line":9,"column":8},"end":{"line":34,"column":null}},"5":{"start":{"line":11,"column":12},"end":{"line":13,"column":null}},"6":{"start":{"line":12,"column":16},"end":{"line":12,"column":190}},"7":{"start":{"line":14,"column":28},"end":{"line":21,"column":14}},"8":{"start":{"line":23,"column":12},"end":{"line":30,"column":15}},"9":{"start":{"line":25,"column":16},"end":{"line":25,"column":43}},"10":{"start":{"line":28,"column":16},"end":{"line":28,"column":null}},"11":{"start":{"line":29,"column":16},"end":{"line":29,"column":62}},"12":{"start":{"line":33,"column":12},"end":{"line":33,"column":56}},"13":{"start":{"line":37,"column":8},"end":{"line":37,"column":null}},"14":{"start":{"line":38,"column":8},"end":{"line":38,"column":54}},"15":{"start":{"line":6,"column":13},"end":{"line":6,"column":22}},"16":{"start":{"line":43,"column":24},"end":{"line":51,"column":1}},"17":{"start":{"line":44,"column":4},"end":{"line":50,"column":7}},"18":{"start":{"line":46,"column":8},"end":{"line":46,"column":35}},"19":{"start":{"line":49,"column":8},"end":{"line":49,"column":54}},"20":{"start":{"line":43,"column":13},"end":{"line":43,"column":24}},"21":{"start":{"line":54,"column":30},"end":{"line":66,"column":1}},"22":{"start":{"line":55,"column":4},"end":{"line":65,"column":7}},"23":{"start":{"line":57,"column":8},"end":{"line":61,"column":null}},"24":{"start":{"line":58,"column":12},"end":{"line":58,"column":51}},"25":{"start":{"line":60,"column":12},"end":{"line":60,"column":39}},"26":{"start":{"line":64,"column":8},"end":{"line":64,"column":54}},"27":{"start":{"line":54,"column":13},"end":{"line":54,"column":30}},"28":{"start":{"line":69,"column":26},"end":{"line":78,"column":2}},"29":{"start":{"line":69,"column":80},"end":{"line":78,"column":2}},"30":{"start":{"line":70,"column":15},"end":{"line":70,"column":67}},"31":{"start":{"line":72,"column":4},"end":{"line":77,"column":null}},"32":{"start":{"line":73,"column":8},"end":{"line":73,"column":54}},"33":{"start":{"line":75,"column":8},"end":{"line":75,"column":62}},"34":{"start":{"line":76,"column":8},"end":{"line":76,"column":38}},"35":{"start":{"line":69,"column":13},"end":{"line":69,"column":26}},"36":{"start":{"line":81,"column":26},"end":{"line":93,"column":1}},"37":{"start":{"line":82,"column":4},"end":{"line":92,"column":7}},"38":{"start":{"line":84,"column":8},"end":{"line":88,"column":null}},"39":{"start":{"line":85,"column":12},"end":{"line":85,"column":51}},"40":{"start":{"line":87,"column":12},"end":{"line":87,"column":49}},"41":{"start":{"line":91,"column":8},"end":{"line":91,"column":54}},"42":{"start":{"line":81,"column":13},"end":{"line":81,"column":26}},"43":{"start":{"line":95,"column":30},"end":{"line":107,"column":1}},"44":{"start":{"line":96,"column":4},"end":{"line":106,"column":7}},"45":{"start":{"line":98,"column":8},"end":{"line":102,"column":null}},"46":{"start":{"line":99,"column":12},"end":{"line":99,"column":51}},"47":{"start":{"line":101,"column":12},"end":{"line":101,"column":49}},"48":{"start":{"line":105,"column":8},"end":{"line":105,"column":54}},"49":{"start":{"line":95,"column":13},"end":{"line":95,"column":30}}},"fnMap":{"0":{"name":"(anonymous_8)","decl":{"start":{"line":6,"column":22},"end":{"line":6,"column":23}},"loc":{"start":{"line":6,"column":70},"end":{"line":40,"column":1}}},"1":{"name":"(anonymous_9)","decl":{"start":{"line":8,"column":10},"end":{"line":8,"column":11}},"loc":{"start":{"line":8,"column":36},"end":{"line":35,"column":5}}},"2":{"name":"(anonymous_10)","decl":{"start":{"line":24,"column":18},"end":{"line":24,"column":19}},"loc":{"start":{"line":24,"column":37},"end":{"line":26,"column":13}}},"3":{"name":"(anonymous_11)","decl":{"start":{"line":27,"column":19},"end":{"line":27,"column":20}},"loc":{"start":{"line":27,"column":34},"end":{"line":30,"column":13}}},"4":{"name":"(anonymous_12)","decl":{"start":{"line":36,"column":11},"end":{"line":36,"column":12}},"loc":{"start":{"line":36,"column":26},"end":{"line":39,"column":5}}},"5":{"name":"(anonymous_13)","decl":{"start":{"line":43,"column":24},"end":{"line":43,"column":25}},"loc":{"start":{"line":43,"column":72},"end":{"line":51,"column":1}}},"6":{"name":"(anonymous_14)","decl":{"start":{"line":45,"column":10},"end":{"line":45,"column":11}},"loc":{"start":{"line":45,"column":31},"end":{"line":47,"column":5}}},"7":{"name":"(anonymous_15)","decl":{"start":{"line":48,"column":11},"end":{"line":48,"column":12}},"loc":{"start":{"line":48,"column":26},"end":{"line":50,"column":5}}},"8":{"name":"(anonymous_16)","decl":{"start":{"line":54,"column":30},"end":{"line":54,"column":31}},"loc":{"start":{"line":54,"column":78},"end":{"line":66,"column":1}}},"9":{"name":"(anonymous_17)","decl":{"start":{"line":56,"column":10},"end":{"line":56,"column":11}},"loc":{"start":{"line":56,"column":36},"end":{"line":62,"column":5}}},"10":{"name":"(anonymous_18)","decl":{"start":{"line":63,"column":11},"end":{"line":63,"column":12}},"loc":{"start":{"line":63,"column":26},"end":{"line":65,"column":5}}},"11":{"name":"(anonymous_19)","decl":{"start":{"line":69,"column":26},"end":{"line":69,"column":33}},"loc":{"start":{"line":69,"column":80},"end":{"line":78,"column":2}}},"12":{"name":"(anonymous_20)","decl":{"start":{"line":69,"column":80},"end":{"line":69,"column":null}},"loc":{"start":{"line":69,"column":80},"end":{"line":78,"column":1}}},"13":{"name":"(anonymous_21)","decl":{"start":{"line":81,"column":26},"end":{"line":81,"column":27}},"loc":{"start":{"line":81,"column":74},"end":{"line":93,"column":1}}},"14":{"name":"(anonymous_22)","decl":{"start":{"line":83,"column":10},"end":{"line":83,"column":11}},"loc":{"start":{"line":83,"column":36},"end":{"line":89,"column":5}}},"15":{"name":"(anonymous_23)","decl":{"start":{"line":90,"column":11},"end":{"line":90,"column":12}},"loc":{"start":{"line":90,"column":26},"end":{"line":92,"column":5}}},"16":{"name":"(anonymous_24)","decl":{"start":{"line":95,"column":30},"end":{"line":95,"column":31}},"loc":{"start":{"line":95,"column":78},"end":{"line":107,"column":1}}},"17":{"name":"(anonymous_25)","decl":{"start":{"line":97,"column":10},"end":{"line":97,"column":11}},"loc":{"start":{"line":97,"column":36},"end":{"line":103,"column":5}}},"18":{"name":"(anonymous_26)","decl":{"start":{"line":104,"column":11},"end":{"line":104,"column":12}},"loc":{"start":{"line":104,"column":26},"end":{"line":106,"column":5}}}},"branchMap":{"0":{"loc":{"start":{"line":9,"column":8},"end":{"line":34,"column":null}},"type":"if","locations":[{"start":{"line":9,"column":8},"end":{"line":34,"column":null}},{"start":{"line":32,"column":14},"end":{"line":34,"column":null}}]},"1":{"loc":{"start":{"line":11,"column":12},"end":{"line":13,"column":null}},"type":"if","locations":[{"start":{"line":11,"column":12},"end":{"line":13,"column":null}}]},"2":{"loc":{"start":{"line":57,"column":8},"end":{"line":61,"column":null}},"type":"if","locations":[{"start":{"line":57,"column":8},"end":{"line":61,"column":null}},{"start":{"line":59,"column":14},"end":{"line":61,"column":null}}]},"3":{"loc":{"start":{"line":72,"column":4},"end":{"line":77,"column":null}},"type":"if","locations":[{"start":{"line":72,"column":4},"end":{"line":77,"column":null}},{"start":{"line":74,"column":10},"end":{"line":77,"column":null}}]},"4":{"loc":{"start":{"line":84,"column":8},"end":{"line":88,"column":null}},"type":"if","locations":[{"start":{"line":84,"column":8},"end":{"line":88,"column":null}},{"start":{"line":86,"column":14},"end":{"line":88,"column":null}}]},"5":{"loc":{"start":{"line":98,"column":8},"end":{"line":102,"column":null}},"type":"if","locations":[{"start":{"line":98,"column":8},"end":{"line":102,"column":null}},{"start":{"line":100,"column":14},"end":{"line":102,"column":null}}]}},"s":{"0":7,"1":7,"2":7,"3":8,"4":8,"5":6,"6":1,"7":5,"8":5,"9":5,"10":0,"11":0,"12":2,"13":0,"14":0,"15":7,"16":7,"17":1,"18":1,"19":0,"20":7,"21":7,"22":4,"23":4,"24":1,"25":3,"26":0,"27":7,"28":7,"29":8,"30":8,"31":8,"32":2,"33":6,"34":6,"35":7,"36":7,"37":2,"38":2,"39":1,"40":1,"41":0,"42":7,"43":7,"44":2,"45":2,"46":1,"47":1,"48":0,"49":7},"f":{"0":8,"1":8,"2":5,"3":0,"4":0,"5":1,"6":1,"7":0,"8":4,"9":4,"10":0,"11":8,"12":8,"13":2,"14":2,"15":0,"16":2,"17":2,"18":0},"b":{"0":[6,2],"1":[1],"2":[1,3],"3":[2,6],"4":[1,1],"5":[1,1]}}
,"/home/matteopossamai/Desktop/projects/ProgettoG09/backend/controller/wallet.ts": {"path":"/home/matteopossamai/Desktop/projects/ProgettoG09/backend/controller/wallet.ts","statementMap":{"0":{"start":{"line":2,"column":0},"end":{"line":2,"column":52}},"1":{"start":{"line":3,"column":0},"end":{"line":3,"column":48}},"2":{"start":{"line":6,"column":28},"end":{"line":34,"column":1}},"3":{"start":{"line":7,"column":4},"end":{"line":33,"column":7}},"4":{"start":{"line":9,"column":8},"end":{"line":32,"column":null}},"5":{"start":{"line":10,"column":28},"end":{"line":17,"column":14}},"6":{"start":{"line":19,"column":12},"end":{"line":29,"column":15}},"7":{"start":{"line":21,"column":16},"end":{"line":21,"column":43}},"8":{"start":{"line":24,"column":16},"end":{"line":28,"column":null}},"9":{"start":{"line":25,"column":20},"end":{"line":25,"column":56}},"10":{"start":{"line":27,"column":20},"end":{"line":27,"column":66}},"11":{"start":{"line":31,"column":12},"end":{"line":31,"column":63}},"12":{"start":{"line":6,"column":13},"end":{"line":6,"column":28}},"13":{"start":{"line":37,"column":26},"end":{"line":45,"column":1}},"14":{"start":{"line":38,"column":4},"end":{"line":44,"column":7}},"15":{"start":{"line":40,"column":8},"end":{"line":40,"column":35}},"16":{"start":{"line":43,"column":8},"end":{"line":43,"column":54}},"17":{"start":{"line":37,"column":13},"end":{"line":37,"column":26}},"18":{"start":{"line":48,"column":32},"end":{"line":56,"column":1}},"19":{"start":{"line":49,"column":4},"end":{"line":55,"column":7}},"20":{"start":{"line":51,"column":8},"end":{"line":51,"column":35}},"21":{"start":{"line":54,"column":8},"end":{"line":54,"column":54}},"22":{"start":{"line":48,"column":13},"end":{"line":48,"column":32}},"23":{"start":{"line":59,"column":25},"end":{"line":71,"column":1}},"24":{"start":{"line":60,"column":4},"end":{"line":70,"column":7}},"25":{"start":{"line":62,"column":8},"end":{"line":66,"column":null}},"26":{"start":{"line":63,"column":12},"end":{"line":63,"column":39}},"27":{"start":{"line":65,"column":12},"end":{"line":65,"column":53}},"28":{"start":{"line":69,"column":8},"end":{"line":69,"column":54}},"29":{"start":{"line":59,"column":13},"end":{"line":59,"column":25}},"30":{"start":{"line":74,"column":28},"end":{"line":86,"column":1}},"31":{"start":{"line":75,"column":4},"end":{"line":85,"column":11}},"32":{"start":{"line":77,"column":12},"end":{"line":81,"column":null}},"33":{"start":{"line":78,"column":16},"end":{"line":78,"column":55}},"34":{"start":{"line":80,"column":16},"end":{"line":80,"column":57}},"35":{"start":{"line":84,"column":12},"end":{"line":84,"column":58}},"36":{"start":{"line":74,"column":13},"end":{"line":74,"column":28}},"37":{"start":{"line":88,"column":28},"end":{"line":108,"column":1}},"38":{"start":{"line":89,"column":4},"end":{"line":107,"column":7}},"39":{"start":{"line":91,"column":8},"end":{"line":102,"column":null}},"40":{"start":{"line":92,"column":12},"end":{"line":99,"column":null}},"41":{"start":{"line":94,"column":12},"end":{"line":98,"column":null}},"42":{"start":{"line":95,"column":16},"end":{"line":95,"column":55}},"43":{"start":{"line":97,"column":16},"end":{"line":97,"column":57}},"44":{"start":{"line":101,"column":12},"end":{"line":101,"column":53}},"45":{"start":{"line":106,"column":8},"end":{"line":106,"column":54}},"46":{"start":{"line":88,"column":13},"end":{"line":88,"column":28}}},"fnMap":{"0":{"name":"(anonymous_1)","decl":{"start":{"line":6,"column":28},"end":{"line":6,"column":29}},"loc":{"start":{"line":6,"column":76},"end":{"line":34,"column":1}}},"1":{"name":"(anonymous_2)","decl":{"start":{"line":8,"column":10},"end":{"line":8,"column":11}},"loc":{"start":{"line":8,"column":38},"end":{"line":33,"column":5}}},"2":{"name":"(anonymous_3)","decl":{"start":{"line":20,"column":18},"end":{"line":20,"column":19}},"loc":{"start":{"line":20,"column":39},"end":{"line":22,"column":13}}},"3":{"name":"(anonymous_4)","decl":{"start":{"line":23,"column":19},"end":{"line":23,"column":20}},"loc":{"start":{"line":23,"column":34},"end":{"line":29,"column":13}}},"4":{"name":"(anonymous_5)","decl":{"start":{"line":37,"column":26},"end":{"line":37,"column":27}},"loc":{"start":{"line":37,"column":72},"end":{"line":45,"column":1}}},"5":{"name":"(anonymous_6)","decl":{"start":{"line":39,"column":10},"end":{"line":39,"column":11}},"loc":{"start":{"line":39,"column":33},"end":{"line":41,"column":5}}},"6":{"name":"(anonymous_7)","decl":{"start":{"line":42,"column":11},"end":{"line":42,"column":12}},"loc":{"start":{"line":42,"column":24},"end":{"line":44,"column":5}}},"7":{"name":"(anonymous_8)","decl":{"start":{"line":48,"column":32},"end":{"line":48,"column":33}},"loc":{"start":{"line":48,"column":80},"end":{"line":56,"column":1}}},"8":{"name":"(anonymous_9)","decl":{"start":{"line":50,"column":10},"end":{"line":50,"column":11}},"loc":{"start":{"line":50,"column":33},"end":{"line":52,"column":5}}},"9":{"name":"(anonymous_10)","decl":{"start":{"line":53,"column":11},"end":{"line":53,"column":12}},"loc":{"start":{"line":53,"column":24},"end":{"line":55,"column":5}}},"10":{"name":"(anonymous_11)","decl":{"start":{"line":59,"column":25},"end":{"line":59,"column":26}},"loc":{"start":{"line":59,"column":73},"end":{"line":71,"column":1}}},"11":{"name":"(anonymous_12)","decl":{"start":{"line":61,"column":10},"end":{"line":61,"column":11}},"loc":{"start":{"line":61,"column":38},"end":{"line":67,"column":5}}},"12":{"name":"(anonymous_13)","decl":{"start":{"line":68,"column":11},"end":{"line":68,"column":12}},"loc":{"start":{"line":68,"column":24},"end":{"line":70,"column":5}}},"13":{"name":"(anonymous_14)","decl":{"start":{"line":74,"column":28},"end":{"line":74,"column":29}},"loc":{"start":{"line":74,"column":76},"end":{"line":86,"column":1}}},"14":{"name":"(anonymous_15)","decl":{"start":{"line":76,"column":14},"end":{"line":76,"column":15}},"loc":{"start":{"line":76,"column":42},"end":{"line":82,"column":9}}},"15":{"name":"(anonymous_16)","decl":{"start":{"line":83,"column":15},"end":{"line":83,"column":16}},"loc":{"start":{"line":83,"column":28},"end":{"line":85,"column":9}}},"16":{"name":"(anonymous_17)","decl":{"start":{"line":88,"column":28},"end":{"line":88,"column":29}},"loc":{"start":{"line":88,"column":76},"end":{"line":108,"column":1}}},"17":{"name":"(anonymous_18)","decl":{"start":{"line":90,"column":10},"end":{"line":90,"column":11}},"loc":{"start":{"line":90,"column":38},"end":{"line":104,"column":5}}},"18":{"name":"(anonymous_19)","decl":{"start":{"line":93,"column":18},"end":{"line":93,"column":19}},"loc":{"start":{"line":93,"column":32},"end":{"line":99,"column":9}}},"19":{"name":"(anonymous_20)","decl":{"start":{"line":105,"column":11},"end":{"line":105,"column":12}},"loc":{"start":{"line":105,"column":24},"end":{"line":107,"column":5}}}},"branchMap":{"0":{"loc":{"start":{"line":9,"column":8},"end":{"line":32,"column":null}},"type":"if","locations":[{"start":{"line":9,"column":8},"end":{"line":32,"column":null}},{"start":{"line":30,"column":14},"end":{"line":32,"column":null}}]},"1":{"loc":{"start":{"line":24,"column":16},"end":{"line":28,"column":null}},"type":"if","locations":[{"start":{"line":24,"column":16},"end":{"line":28,"column":null}},{"start":{"line":26,"column":22},"end":{"line":28,"column":null}}]},"2":{"loc":{"start":{"line":62,"column":8},"end":{"line":66,"column":null}},"type":"if","locations":[{"start":{"line":62,"column":8},"end":{"line":66,"column":null}},{"start":{"line":64,"column":15},"end":{"line":66,"column":null}}]},"3":{"loc":{"start":{"line":77,"column":12},"end":{"line":81,"column":null}},"type":"if","locations":[{"start":{"line":77,"column":12},"end":{"line":81,"column":null}},{"start":{"line":79,"column":19},"end":{"line":81,"column":null}}]},"4":{"loc":{"start":{"line":91,"column":8},"end":{"line":102,"column":null}},"type":"if","locations":[{"start":{"line":91,"column":8},"end":{"line":102,"column":null}},{"start":{"line":100,"column":15},"end":{"line":102,"column":null}}]},"5":{"loc":{"start":{"line":94,"column":12},"end":{"line":98,"column":null}},"type":"if","locations":[{"start":{"line":94,"column":12},"end":{"line":98,"column":null}},{"start":{"line":96,"column":19},"end":{"line":98,"column":null}}]}},"s":{"0":7,"1":7,"2":7,"3":5,"4":5,"5":4,"6":4,"7":3,"8":1,"9":1,"10":0,"11":1,"12":7,"13":7,"14":1,"15":1,"16":0,"17":7,"18":7,"19":2,"20":2,"21":0,"22":7,"23":7,"24":4,"25":4,"26":2,"27":2,"28":0,"29":7,"30":7,"31":2,"32":2,"33":1,"34":1,"35":0,"36":7,"37":7,"38":5,"39":5,"40":3,"41":3,"42":3,"43":0,"44":2,"45":0,"46":7},"f":{"0":5,"1":5,"2":3,"3":1,"4":1,"5":1,"6":0,"7":2,"8":2,"9":0,"10":4,"11":4,"12":0,"13":2,"14":2,"15":0,"16":5,"17":5,"18":3,"19":0},"b":{"0":[4,1],"1":[1,0],"2":[2,2],"3":[1,1],"4":[3,2],"5":[3,0]}}
,"/home/matteopossamai/Desktop/projects/ProgettoG09/backend/models/budget.ts": {"path":"/home/matteopossamai/Desktop/projects/ProgettoG09/backend/models/budget.ts","statementMap":{"0":{"start":{"line":1,"column":0},"end":{"line":1,"column":41}},"1":{"start":{"line":3,"column":15},"end":{"line":11,"column":2}},"2":{"start":{"line":23,"column":15},"end":{"line":23,"column":38}},"3":{"start":{"line":25,"column":0},"end":{"line":25,"column":22}}},"fnMap":{},"branchMap":{},"s":{"0":7,"1":7,"2":7,"3":7},"f":{},"b":{}}
,"/home/matteopossamai/Desktop/projects/ProgettoG09/backend/models/category.ts": {"path":"/home/matteopossamai/Desktop/projects/ProgettoG09/backend/models/category.ts","statementMap":{"0":{"start":{"line":2,"column":0},"end":{"line":2,"column":41}},"1":{"start":{"line":4,"column":15},"end":{"line":9,"column":2}},"2":{"start":{"line":18,"column":17},"end":{"line":18,"column":42}},"3":{"start":{"line":20,"column":0},"end":{"line":20,"column":24}}},"fnMap":{},"branchMap":{},"s":{"0":7,"1":7,"2":7,"3":7},"f":{},"b":{}}
,"/home/matteopossamai/Desktop/projects/ProgettoG09/backend/models/transaction.ts": {"path":"/home/matteopossamai/Desktop/projects/ProgettoG09/backend/models/transaction.ts","statementMap":{"0":{"start":{"line":1,"column":0},"end":{"line":1,"column":41}},"1":{"start":{"line":3,"column":15},"end":{"line":12,"column":2}},"2":{"start":{"line":25,"column":20},"end":{"line":25,"column":48}},"3":{"start":{"line":27,"column":0},"end":{"line":27,"column":27}}},"fnMap":{},"branchMap":{},"s":{"0":7,"1":7,"2":7,"3":7},"f":{},"b":{}}
,"/home/matteopossamai/Desktop/projects/ProgettoG09/backend/models/user.ts": {"path":"/home/matteopossamai/Desktop/projects/ProgettoG09/backend/models/user.ts","statementMap":{"0":{"start":{"line":1,"column":0},"end":{"line":1,"column":41}},"1":{"start":{"line":3,"column":15},"end":{"line":10,"column":2}},"2":{"start":{"line":12,"column":13},"end":{"line":12,"column":34}},"3":{"start":{"line":23,"column":0},"end":{"line":23,"column":20}}},"fnMap":{},"branchMap":{},"s":{"0":7,"1":7,"2":7,"3":7},"f":{},"b":{}}
,"/home/matteopossamai/Desktop/projects/ProgettoG09/backend/models/wallet.ts": {"path":"/home/matteopossamai/Desktop/projects/ProgettoG09/backend/models/wallet.ts","statementMap":{"0":{"start":{"line":1,"column":0},"end":{"line":1,"column":41}},"1":{"start":{"line":3,"column":15},"end":{"line":10,"column":2}},"2":{"start":{"line":21,"column":15},"end":{"line":21,"column":38}},"3":{"start":{"line":23,"column":0},"end":{"line":23,"column":22}}},"fnMap":{},"branchMap":{},"s":{"0":7,"1":7,"2":7,"3":7},"f":{},"b":{}}
,"/home/matteopossamai/Desktop/projects/ProgettoG09/backend/router/auth.ts": {"path":"/home/matteopossamai/Desktop/projects/ProgettoG09/backend/router/auth.ts","statementMap":{"0":{"start":{"line":1,"column":0},"end":{"line":1,"column":30}},"1":{"start":{"line":2,"column":0},"end":{"line":2,"column":61}},"2":{"start":{"line":3,"column":0},"end":{"line":3,"column":44}},"3":{"start":{"line":5,"column":19},"end":{"line":5,"column":35}},"4":{"start":{"line":7,"column":0},"end":{"line":7,"column":33}},"5":{"start":{"line":8,"column":0},"end":{"line":8,"column":39}},"6":{"start":{"line":9,"column":0},"end":{"line":9,"column":35}},"7":{"start":{"line":10,"column":0},"end":{"line":10,"column":35}},"8":{"start":{"line":12,"column":0},"end":{"line":12,"column":26}}},"fnMap":{},"branchMap":{},"s":{"0":7,"1":7,"2":7,"3":7,"4":7,"5":7,"6":7,"7":7,"8":7},"f":{},"b":{}}
,"/home/matteopossamai/Desktop/projects/ProgettoG09/backend/router/budget.ts": {"path":"/home/matteopossamai/Desktop/projects/ProgettoG09/backend/router/budget.ts","statementMap":{"0":{"start":{"line":1,"column":0},"end":{"line":1,"column":30}},"1":{"start":{"line":2,"column":0},"end":{"line":2,"column":120}},"2":{"start":{"line":4,"column":21},"end":{"line":4,"column":37}},"3":{"start":{"line":6,"column":0},"end":{"line":6,"column":48}},"4":{"start":{"line":7,"column":0},"end":{"line":7,"column":45}},"5":{"start":{"line":8,"column":0},"end":{"line":8,"column":61}},"6":{"start":{"line":9,"column":0},"end":{"line":9,"column":55}},"7":{"start":{"line":10,"column":0},"end":{"line":10,"column":52}},"8":{"start":{"line":11,"column":0},"end":{"line":11,"column":61}},"9":{"start":{"line":13,"column":0},"end":{"line":13,"column":28}}},"fnMap":{},"branchMap":{},"s":{"0":7,"1":7,"2":7,"3":7,"4":7,"5":7,"6":7,"7":7,"8":7,"9":7},"f":{},"b":{}}
,"/home/matteopossamai/Desktop/projects/ProgettoG09/backend/router/category.ts": {"path":"/home/matteopossamai/Desktop/projects/ProgettoG09/backend/router/category.ts","statementMap":{"0":{"start":{"line":1,"column":0},"end":{"line":1,"column":30}},"1":{"start":{"line":2,"column":0},"end":{"line":2,"column":137}},"2":{"start":{"line":4,"column":23},"end":{"line":4,"column":39}},"3":{"start":{"line":6,"column":0},"end":{"line":6,"column":54}},"4":{"start":{"line":7,"column":0},"end":{"line":7,"column":52}},"5":{"start":{"line":8,"column":0},"end":{"line":8,"column":68}},"6":{"start":{"line":9,"column":0},"end":{"line":9,"column":61}},"7":{"start":{"line":10,"column":0},"end":{"line":10,"column":58}},"8":{"start":{"line":11,"column":0},"end":{"line":11,"column":67}},"9":{"start":{"line":13,"column":0},"end":{"line":13,"column":30}}},"fnMap":{},"branchMap":{},"s":{"0":7,"1":7,"2":7,"3":7,"4":7,"5":7,"6":7,"7":7,"8":7,"9":7},"f":{},"b":{}}
,"/home/matteopossamai/Desktop/projects/ProgettoG09/backend/router/transaction.ts": {"path":"/home/matteopossamai/Desktop/projects/ProgettoG09/backend/router/transaction.ts","statementMap":{"0":{"start":{"line":1,"column":0},"end":{"line":1,"column":30}},"1":{"start":{"line":2,"column":0},"end":{"line":2,"column":167}},"2":{"start":{"line":4,"column":26},"end":{"line":4,"column":42}},"3":{"start":{"line":6,"column":0},"end":{"line":6,"column":63}},"4":{"start":{"line":7,"column":0},"end":{"line":7,"column":60}},"5":{"start":{"line":8,"column":0},"end":{"line":8,"column":76}},"6":{"start":{"line":9,"column":0},"end":{"line":9,"column":66}},"7":{"start":{"line":10,"column":0},"end":{"line":10,"column":65}},"8":{"start":{"line":11,"column":0},"end":{"line":11,"column":72}},"9":{"start":{"line":13,"column":0},"end":{"line":13,"column":33}}},"fnMap":{},"branchMap":{},"s":{"0":7,"1":7,"2":7,"3":7,"4":7,"5":7,"6":7,"7":7,"8":7,"9":7},"f":{},"b":{}}
,"/home/matteopossamai/Desktop/projects/ProgettoG09/backend/router/user.ts": {"path":"/home/matteopossamai/Desktop/projects/ProgettoG09/backend/router/user.ts","statementMap":{"0":{"start":{"line":1,"column":0},"end":{"line":1,"column":30}},"1":{"start":{"line":2,"column":0},"end":{"line":2,"column":null}},"2":{"start":{"line":5,"column":19},"end":{"line":5,"column":35}},"3":{"start":{"line":7,"column":0},"end":{"line":7,"column":39}},"4":{"start":{"line":8,"column":0},"end":{"line":8,"column":51}},"5":{"start":{"line":9,"column":0},"end":{"line":9,"column":47}},"6":{"start":{"line":10,"column":0},"end":{"line":10,"column":60}},"7":{"start":{"line":11,"column":0},"end":{"line":11,"column":50}},"8":{"start":{"line":13,"column":0},"end":{"line":13,"column":26}}},"fnMap":{},"branchMap":{},"s":{"0":7,"1":7,"2":7,"3":7,"4":7,"5":7,"6":7,"7":7,"8":7},"f":{},"b":{}}
,"/home/matteopossamai/Desktop/projects/ProgettoG09/backend/router/wallet.ts": {"path":"/home/matteopossamai/Desktop/projects/ProgettoG09/backend/router/wallet.ts","statementMap":{"0":{"start":{"line":1,"column":0},"end":{"line":1,"column":30}},"1":{"start":{"line":2,"column":0},"end":{"line":2,"column":121}},"2":{"start":{"line":4,"column":21},"end":{"line":4,"column":37}},"3":{"start":{"line":6,"column":0},"end":{"line":6,"column":48}},"4":{"start":{"line":7,"column":0},"end":{"line":7,"column":45}},"5":{"start":{"line":8,"column":0},"end":{"line":8,"column":61}},"6":{"start":{"line":9,"column":0},"end":{"line":9,"column":55}},"7":{"start":{"line":10,"column":0},"end":{"line":10,"column":52}},"8":{"start":{"line":11,"column":0},"end":{"line":11,"column":61}},"9":{"start":{"line":13,"column":0},"end":{"line":13,"column":28}}},"fnMap":{},"branchMap":{},"s":{"0":7,"1":7,"2":7,"3":7,"4":7,"5":7,"6":7,"7":7,"8":7,"9":7},"f":{},"b":{}}
,"/home/matteopossamai/Desktop/projects/ProgettoG09/backend/utils/passwordChecker.ts": {"path":"/home/matteopossamai/Desktop/projects/ProgettoG09/backend/utils/passwordChecker.ts","statementMap":{"0":{"start":{"line":1,"column":31},"end":{"line":5,"column":1}},"1":{"start":{"line":3,"column":16},"end":{"line":3,"column":86}},"2":{"start":{"line":4,"column":4},"end":{"line":4,"column":32}},"3":{"start":{"line":1,"column":13},"end":{"line":1,"column":31}}},"fnMap":{"0":{"name":"(anonymous_0)","decl":{"start":{"line":1,"column":31},"end":{"line":1,"column":32}},"loc":{"start":{"line":1,"column":52},"end":{"line":5,"column":1}}}},"branchMap":{},"s":{"0":7,"1":12,"2":12,"3":7},"f":{"0":12},"b":{}}
,"/home/matteopossamai/Desktop/projects/ProgettoG09/backend/utils/token.ts": {"path":"/home/matteopossamai/Desktop/projects/ProgettoG09/backend/utils/token.ts","statementMap":{"0":{"start":{"line":1,"column":12},"end":{"line":1,"column":35}},"1":{"start":{"line":3,"column":29},"end":{"line":5,"column":1}},"2":{"start":{"line":4,"column":2},"end":{"line":4,"column":50}},"3":{"start":{"line":3,"column":13},"end":{"line":3,"column":29}},"4":{"start":{"line":7,"column":27},"end":{"line":12,"column":null}},"5":{"start":{"line":7,"column":67},"end":{"line":12,"column":null}},"6":{"start":{"line":8,"column":12},"end":{"line":10,"column":6}},"7":{"start":{"line":9,"column":6},"end":{"line":9,"column":21}},"8":{"start":{"line":11,"column":4},"end":{"line":11,"column":13}},"9":{"start":{"line":7,"column":13},"end":{"line":7,"column":27}}},"fnMap":{"0":{"name":"(anonymous_7)","decl":{"start":{"line":3,"column":29},"end":{"line":3,"column":30}},"loc":{"start":{"line":3,"column":84},"end":{"line":5,"column":1}}},"1":{"name":"(anonymous_8)","decl":{"start":{"line":7,"column":27},"end":{"line":7,"column":34}},"loc":{"start":{"line":7,"column":67},"end":{"line":12,"column":null}}},"2":{"name":"(anonymous_9)","decl":{"start":{"line":7,"column":67},"end":{"line":7,"column":null}},"loc":{"start":{"line":7,"column":67},"end":{"line":12,"column":1}}},"3":{"name":"(anonymous_10)","decl":{"start":{"line":8,"column":44},"end":{"line":8,"column":45}},"loc":{"start":{"line":8,"column":71},"end":{"line":10,"column":5}}}},"branchMap":{},"s":{"0":7,"1":7,"2":10,"3":7,"4":7,"5":94,"6":94,"7":94,"8":94,"9":7},"f":{"0":10,"1":94,"2":94,"3":94},"b":{}}
}
