{"/home/matteopossamai/Desktop/projects/ProgettoG09/backend/index.ts": {"path":"/home/matteopossamai/Desktop/projects/ProgettoG09/backend/index.ts","statementMap":{"0":{"start":{"line":1,"column":0},"end":{"line":1,"column":67}},"1":{"start":{"line":2,"column":0},"end":{"line":2,"column":28}},"2":{"start":{"line":3,"column":0},"end":{"line":3,"column":32}},"3":{"start":{"line":6,"column":0},"end":{"line":6,"column":39}},"4":{"start":{"line":7,"column":0},"end":{"line":7,"column":39}},"5":{"start":{"line":8,"column":0},"end":{"line":8,"column":47}},"6":{"start":{"line":9,"column":0},"end":{"line":9,"column":43}},"7":{"start":{"line":10,"column":0},"end":{"line":10,"column":43}},"8":{"start":{"line":11,"column":0},"end":{"line":11,"column":53}},"9":{"start":{"line":14,"column":0},"end":{"line":14,"column":47}},"10":{"start":{"line":16,"column":13},"end":{"line":16,"column":28}},"11":{"start":{"line":20,"column":0},"end":{"line":20,"column":16}},"12":{"start":{"line":23,"column":25},"end":{"line":23,"column":34}},"13":{"start":{"line":24,"column":13},"end":{"line":24,"column":37}},"14":{"start":{"line":25,"column":0},"end":{"line":25,"column":16}},"15":{"start":{"line":26,"column":0},"end":{"line":30,"column":3}},"16":{"start":{"line":27,"column":2},"end":{"line":27,"column":49}},"17":{"start":{"line":28,"column":2},"end":{"line":28,"column":95}},"18":{"start":{"line":29,"column":2},"end":{"line":29,"column":9}},"19":{"start":{"line":34,"column":0},"end":{"line":34,"column":24}},"20":{"start":{"line":35,"column":0},"end":{"line":35,"column":48}},"21":{"start":{"line":36,"column":0},"end":{"line":39,"column":3}},"22":{"start":{"line":37,"column":2},"end":{"line":37,"column":49}},"23":{"start":{"line":38,"column":2},"end":{"line":38,"column":9}},"24":{"start":{"line":43,"column":13},"end":{"line":43,"column":30}},"25":{"start":{"line":44,"column":0},"end":{"line":44,"column":null}},"26":{"start":{"line":47,"column":0},"end":{"line":49,"column":70}},"27":{"start":{"line":49,"column":18},"end":{"line":49,"column":68}},"28":{"start":{"line":52,"column":0},"end":{"line":52,"column":29}},"29":{"start":{"line":55,"column":0},"end":{"line":57,"column":3}},"30":{"start":{"line":56,"column":2},"end":{"line":56,"column":34}},"31":{"start":{"line":66,"column":18},"end":{"line":66,"column":47}},"32":{"start":{"line":67,"column":24},"end":{"line":67,"column":49}},"33":{"start":{"line":68,"column":16},"end":{"line":68,"column":92}},"34":{"start":{"line":69,"column":0},"end":{"line":69,"column":99}},"35":{"start":{"line":72,"column":0},"end":{"line":72,"column":25}},"36":{"start":{"line":75,"column":0},"end":{"line":75,"column":24}},"37":{"start":{"line":76,"column":0},"end":{"line":76,"column":28}},"38":{"start":{"line":77,"column":0},"end":{"line":77,"column":26}},"39":{"start":{"line":78,"column":0},"end":{"line":78,"column":26}},"40":{"start":{"line":79,"column":0},"end":{"line":79,"column":31}},"41":{"start":{"line":82,"column":13},"end":{"line":84,"column":2}},"42":{"start":{"line":83,"column":2},"end":{"line":83,"column":60}},"43":{"start":{"line":87,"column":9},"end":{"line":87,"column":15}},"44":{"start":{"line":86,"column":0},"end":{"line":86,"column":19}}},"fnMap":{"0":{"name":"(anonymous_1)","decl":{"start":{"line":26,"column":8},"end":{"line":26,"column":17}},"loc":{"start":{"line":26,"column":31},"end":{"line":30,"column":1}}},"1":{"name":"(anonymous_2)","decl":{"start":{"line":36,"column":8},"end":{"line":36,"column":9}},"loc":{"start":{"line":36,"column":46},"end":{"line":39,"column":1}}},"2":{"name":"(anonymous_3)","decl":{"start":{"line":49,"column":9},"end":{"line":49,"column":10}},"loc":{"start":{"line":49,"column":18},"end":{"line":49,"column":68}}},"3":{"name":"(anonymous_4)","decl":{"start":{"line":55,"column":19},"end":{"line":55,"column":20}},"loc":{"start":{"line":55,"column":51},"end":{"line":57,"column":1}}},"4":{"name":"(anonymous_5)","decl":{"start":{"line":82,"column":30},"end":{"line":82,"column":33}},"loc":{"start":{"line":82,"column":35},"end":{"line":84,"column":1}}}},"branchMap":{"0":{"loc":{"start":{"line":24,"column":13},"end":{"line":24,"column":37}},"type":"binary-expr","locations":[{"start":{"line":24,"column":13},"end":{"line":24,"column":29}},{"start":{"line":24,"column":33},"end":{"line":24,"column":37}}]},"1":{"loc":{"start":{"line":48,"column":9},"end":{"line":48,"column":79}},"type":"binary-expr","locations":[{"start":{"line":48,"column":9},"end":{"line":48,"column":32}},{"start":{"line":48,"column":36},"end":{"line":48,"column":79}}]}},"s":{"0":7,"1":7,"2":7,"3":7,"4":7,"5":7,"6":7,"7":7,"8":7,"9":7,"10":7,"11":7,"12":7,"13":7,"14":7,"15":7,"16":136,"17":136,"18":136,"19":7,"20":7,"21":7,"22":136,"23":136,"24":7,"25":7,"26":7,"27":0,"28":7,"29":7,"30":1,"31":7,"32":7,"33":7,"34":7,"35":7,"36":7,"37":7,"38":7,"39":7,"40":7,"41":7,"42":7,"43":7,"44":7},"f":{"0":136,"1":136,"2":0,"3":1,"4":7},"b":{"0":[7,0],"1":[7,0]}}
,"/home/matteopossamai/Desktop/projects/ProgettoG09/backend/controller/auth.ts": {"path":"/home/matteopossamai/Desktop/projects/ProgettoG09/backend/controller/auth.ts","statementMap":{"0":{"start":{"line":1,"column":0},"end":{"line":1,"column":60}},"1":{"start":{"line":3,"column":0},"end":{"line":3,"column":34}},"2":{"start":{"line":5,"column":15},"end":{"line":5,"column":49}},"3":{"start":{"line":7,"column":21},"end":{"line":24,"column":null}},"4":{"start":{"line":7,"column":59},"end":{"line":24,"column":null}},"5":{"start":{"line":8,"column":32},"end":{"line":8,"column":40}},"6":{"start":{"line":10,"column":15},"end":{"line":10,"column":51}},"7":{"start":{"line":12,"column":4},"end":{"line":14,"column":null}},"8":{"start":{"line":13,"column":8},"end":{"line":13,"column":54}},"9":{"start":{"line":16,"column":4},"end":{"line":18,"column":null}},"10":{"start":{"line":17,"column":8},"end":{"line":17,"column":61}},"11":{"start":{"line":20,"column":18},"end":{"line":20,"column":51}},"12":{"start":{"line":21,"column":14},"end":{"line":21,"column":51}},"13":{"start":{"line":22,"column":4},"end":{"line":22,"column":41}},"14":{"start":{"line":23,"column":4},"end":{"line":23,"column":null}},"15":{"start":{"line":7,"column":13},"end":{"line":7,"column":21}},"16":{"start":{"line":26,"column":24},"end":{"line":39,"column":null}},"17":{"start":{"line":26,"column":62},"end":{"line":39,"column":null}},"18":{"start":{"line":27,"column":16},"end":{"line":27,"column":77}},"19":{"start":{"line":29,"column":4},"end":{"line":31,"column":null}},"20":{"start":{"line":30,"column":8},"end":{"line":30,"column":57}},"21":{"start":{"line":33,"column":4},"end":{"line":38,"column":null}},"22":{"start":{"line":34,"column":24},"end":{"line":34,"column":67}},"23":{"start":{"line":35,"column":8},"end":{"line":35,"column":101}},"24":{"start":{"line":37,"column":8},"end":{"line":37,"column":53}},"25":{"start":{"line":26,"column":13},"end":{"line":26,"column":24}},"26":{"start":{"line":41,"column":22},"end":{"line":53,"column":1}},"27":{"start":{"line":42,"column":16},"end":{"line":42,"column":77}},"28":{"start":{"line":43,"column":4},"end":{"line":43,"column":34}},"29":{"start":{"line":45,"column":4},"end":{"line":52,"column":null}},"30":{"start":{"line":46,"column":22},"end":{"line":46,"column":24}},"31":{"start":{"line":47,"column":20},"end":{"line":47,"column":53}},"32":{"start":{"line":48,"column":8},"end":{"line":48,"column":47}},"33":{"start":{"line":49,"column":8},"end":{"line":49,"column":55}},"34":{"start":{"line":51,"column":8},"end":{"line":51,"column":63}},"35":{"start":{"line":41,"column":13},"end":{"line":41,"column":22}}},"fnMap":{"0":{"name":"(anonymous_8)","decl":{"start":{"line":7,"column":21},"end":{"line":7,"column":28}},"loc":{"start":{"line":7,"column":59},"end":{"line":24,"column":null}}},"1":{"name":"(anonymous_9)","decl":{"start":{"line":7,"column":59},"end":{"line":7,"column":null}},"loc":{"start":{"line":7,"column":59},"end":{"line":24,"column":1}}},"2":{"name":"(anonymous_10)","decl":{"start":{"line":26,"column":24},"end":{"line":26,"column":31}},"loc":{"start":{"line":26,"column":62},"end":{"line":39,"column":null}}},"3":{"name":"(anonymous_11)","decl":{"start":{"line":26,"column":62},"end":{"line":26,"column":null}},"loc":{"start":{"line":26,"column":62},"end":{"line":39,"column":1}}},"4":{"name":"(anonymous_12)","decl":{"start":{"line":41,"column":22},"end":{"line":41,"column":23}},"loc":{"start":{"line":41,"column":54},"end":{"line":53,"column":1}}}},"branchMap":{"0":{"loc":{"start":{"line":5,"column":15},"end":{"line":5,"column":49}},"type":"binary-expr","locations":[{"start":{"line":5,"column":15},"end":{"line":5,"column":37}},{"start":{"line":5,"column":41},"end":{"line":5,"column":49}}]},"1":{"loc":{"start":{"line":12,"column":4},"end":{"line":14,"column":null}},"type":"if","locations":[{"start":{"line":12,"column":4},"end":{"line":14,"column":null}}]},"2":{"loc":{"start":{"line":16,"column":4},"end":{"line":18,"column":null}},"type":"if","locations":[{"start":{"line":16,"column":4},"end":{"line":18,"column":null}}]},"3":{"loc":{"start":{"line":27,"column":16},"end":{"line":27,"column":77}},"type":"binary-expr","locations":[{"start":{"line":27,"column":16},"end":{"line":27,"column":45}},{"start":{"line":27,"column":49},"end":{"line":27,"column":77}}]},"4":{"loc":{"start":{"line":29,"column":4},"end":{"line":31,"column":null}},"type":"if","locations":[{"start":{"line":29,"column":4},"end":{"line":31,"column":null}}]},"5":{"loc":{"start":{"line":42,"column":16},"end":{"line":42,"column":77}},"type":"binary-expr","locations":[{"start":{"line":42,"column":16},"end":{"line":42,"column":45}},{"start":{"line":42,"column":49},"end":{"line":42,"column":77}}]},"6":{"loc":{"start":{"line":45,"column":4},"end":{"line":52,"column":null}},"type":"if","locations":[{"start":{"line":45,"column":4},"end":{"line":52,"column":null}},{"start":{"line":50,"column":11},"end":{"line":52,"column":null}}]}},"s":{"0":7,"1":7,"2":7,"3":7,"4":3,"5":3,"6":3,"7":3,"8":1,"9":2,"10":1,"11":1,"12":1,"13":1,"14":1,"15":7,"16":7,"17":3,"18":3,"19":3,"20":1,"21":2,"22":2,"23":2,"24":1,"25":7,"26":7,"27":2,"28":2,"29":2,"30":1,"31":1,"32":1,"33":1,"34":1,"35":7},"f":{"0":3,"1":3,"2":3,"3":3,"4":2},"b":{"0":[7,7],"1":[1],"2":[1],"3":[3,1],"4":[1],"5":[2,1],"6":[1,1]}}
,"/home/matteopossamai/Desktop/projects/ProgettoG09/backend/controller/budget.ts": {"path":"/home/matteopossamai/Desktop/projects/ProgettoG09/backend/controller/budget.ts","statementMap":{"0":{"start":{"line":2,"column":0},"end":{"line":2,"column":52}},"1":{"start":{"line":3,"column":17},"end":{"line":3,"column":36}},"2":{"start":{"line":4,"column":17},"end":{"line":4,"column":40}},"3":{"start":{"line":7,"column":28},"end":{"line":41,"column":1}},"4":{"start":{"line":8,"column":4},"end":{"line":40,"column":7}},"5":{"start":{"line":10,"column":31},"end":{"line":10,"column":45}},"6":{"start":{"line":11,"column":8},"end":{"line":36,"column":null}},"7":{"start":{"line":12,"column":30},"end":{"line":20,"column":14}},"8":{"start":{"line":22,"column":12},"end":{"line":32,"column":15}},"9":{"start":{"line":24,"column":16},"end":{"line":24,"column":43}},"10":{"start":{"line":27,"column":16},"end":{"line":31,"column":null}},"11":{"start":{"line":28,"column":20},"end":{"line":28,"column":56}},"12":{"start":{"line":30,"column":20},"end":{"line":30,"column":66}},"13":{"start":{"line":35,"column":12},"end":{"line":35,"column":63}},"14":{"start":{"line":39,"column":8},"end":{"line":39,"column":54}},"15":{"start":{"line":7,"column":13},"end":{"line":7,"column":28}},"16":{"start":{"line":44,"column":26},"end":{"line":53,"column":1}},"17":{"start":{"line":45,"column":4},"end":{"line":52,"column":7}},"18":{"start":{"line":47,"column":8},"end":{"line":47,"column":35}},"19":{"start":{"line":51,"column":8},"end":{"line":51,"column":54}},"20":{"start":{"line":44,"column":13},"end":{"line":44,"column":26}},"21":{"start":{"line":56,"column":32},"end":{"line":65,"column":1}},"22":{"start":{"line":57,"column":4},"end":{"line":64,"column":7}},"23":{"start":{"line":59,"column":8},"end":{"line":59,"column":35}},"24":{"start":{"line":63,"column":8},"end":{"line":63,"column":54}},"25":{"start":{"line":56,"column":13},"end":{"line":56,"column":32}},"26":{"start":{"line":68,"column":25},"end":{"line":81,"column":1}},"27":{"start":{"line":69,"column":4},"end":{"line":80,"column":7}},"28":{"start":{"line":71,"column":8},"end":{"line":75,"column":null}},"29":{"start":{"line":72,"column":12},"end":{"line":72,"column":39}},"30":{"start":{"line":74,"column":12},"end":{"line":74,"column":53}},"31":{"start":{"line":79,"column":8},"end":{"line":79,"column":54}},"32":{"start":{"line":68,"column":13},"end":{"line":68,"column":25}},"33":{"start":{"line":84,"column":28},"end":{"line":97,"column":1}},"34":{"start":{"line":85,"column":8},"end":{"line":96,"column":15}},"35":{"start":{"line":87,"column":16},"end":{"line":91,"column":null}},"36":{"start":{"line":88,"column":20},"end":{"line":88,"column":59}},"37":{"start":{"line":90,"column":20},"end":{"line":90,"column":61}},"38":{"start":{"line":95,"column":16},"end":{"line":95,"column":62}},"39":{"start":{"line":84,"column":13},"end":{"line":84,"column":28}},"40":{"start":{"line":100,"column":28},"end":{"line":113,"column":1}},"41":{"start":{"line":101,"column":4},"end":{"line":112,"column":7}},"42":{"start":{"line":103,"column":8},"end":{"line":107,"column":null}},"43":{"start":{"line":104,"column":12},"end":{"line":104,"column":51}},"44":{"start":{"line":106,"column":12},"end":{"line":106,"column":53}},"45":{"start":{"line":111,"column":8},"end":{"line":111,"column":54}},"46":{"start":{"line":100,"column":13},"end":{"line":100,"column":28}}},"fnMap":{"0":{"name":"(anonymous_1)","decl":{"start":{"line":7,"column":28},"end":{"line":7,"column":29}},"loc":{"start":{"line":7,"column":76},"end":{"line":41,"column":1}}},"1":{"name":"(anonymous_2)","decl":{"start":{"line":9,"column":10},"end":{"line":9,"column":11}},"loc":{"start":{"line":9,"column":38},"end":{"line":37,"column":5}}},"2":{"name":"(anonymous_3)","decl":{"start":{"line":23,"column":18},"end":{"line":23,"column":19}},"loc":{"start":{"line":23,"column":39},"end":{"line":25,"column":13}}},"3":{"name":"(anonymous_4)","decl":{"start":{"line":26,"column":19},"end":{"line":26,"column":20}},"loc":{"start":{"line":26,"column":34},"end":{"line":32,"column":13}}},"4":{"name":"(anonymous_5)","decl":{"start":{"line":38,"column":11},"end":{"line":38,"column":12}},"loc":{"start":{"line":38,"column":26},"end":{"line":40,"column":5}}},"5":{"name":"(anonymous_6)","decl":{"start":{"line":44,"column":26},"end":{"line":44,"column":27}},"loc":{"start":{"line":44,"column":74},"end":{"line":53,"column":1}}},"6":{"name":"(anonymous_7)","decl":{"start":{"line":46,"column":10},"end":{"line":46,"column":11}},"loc":{"start":{"line":46,"column":33},"end":{"line":48,"column":5}}},"7":{"name":"(anonymous_8)","decl":{"start":{"line":49,"column":11},"end":{"line":49,"column":12}},"loc":{"start":{"line":49,"column":26},"end":{"line":52,"column":5}}},"8":{"name":"(anonymous_9)","decl":{"start":{"line":56,"column":32},"end":{"line":56,"column":33}},"loc":{"start":{"line":56,"column":80},"end":{"line":65,"column":1}}},"9":{"name":"(anonymous_10)","decl":{"start":{"line":58,"column":10},"end":{"line":58,"column":11}},"loc":{"start":{"line":58,"column":33},"end":{"line":60,"column":5}}},"10":{"name":"(anonymous_11)","decl":{"start":{"line":61,"column":11},"end":{"line":61,"column":12}},"loc":{"start":{"line":61,"column":26},"end":{"line":64,"column":5}}},"11":{"name":"(anonymous_12)","decl":{"start":{"line":68,"column":25},"end":{"line":68,"column":26}},"loc":{"start":{"line":68,"column":73},"end":{"line":81,"column":1}}},"12":{"name":"(anonymous_13)","decl":{"start":{"line":70,"column":10},"end":{"line":70,"column":11}},"loc":{"start":{"line":70,"column":38},"end":{"line":76,"column":5}}},"13":{"name":"(anonymous_14)","decl":{"start":{"line":77,"column":11},"end":{"line":77,"column":12}},"loc":{"start":{"line":77,"column":26},"end":{"line":80,"column":5}}},"14":{"name":"(anonymous_15)","decl":{"start":{"line":84,"column":28},"end":{"line":84,"column":29}},"loc":{"start":{"line":84,"column":76},"end":{"line":97,"column":1}}},"15":{"name":"(anonymous_16)","decl":{"start":{"line":86,"column":18},"end":{"line":86,"column":19}},"loc":{"start":{"line":86,"column":46},"end":{"line":92,"column":13}}},"16":{"name":"(anonymous_17)","decl":{"start":{"line":93,"column":19},"end":{"line":93,"column":20}},"loc":{"start":{"line":93,"column":34},"end":{"line":96,"column":13}}},"17":{"name":"(anonymous_18)","decl":{"start":{"line":100,"column":28},"end":{"line":100,"column":29}},"loc":{"start":{"line":100,"column":76},"end":{"line":113,"column":1}}},"18":{"name":"(anonymous_19)","decl":{"start":{"line":102,"column":10},"end":{"line":102,"column":11}},"loc":{"start":{"line":102,"column":38},"end":{"line":108,"column":5}}},"19":{"name":"(anonymous_20)","decl":{"start":{"line":109,"column":11},"end":{"line":109,"column":12}},"loc":{"start":{"line":109,"column":26},"end":{"line":112,"column":5}}}},"branchMap":{"0":{"loc":{"start":{"line":11,"column":8},"end":{"line":36,"column":null}},"type":"if","locations":[{"start":{"line":11,"column":8},"end":{"line":36,"column":null}},{"start":{"line":34,"column":14},"end":{"line":36,"column":null}}]},"1":{"loc":{"start":{"line":27,"column":16},"end":{"line":31,"column":null}},"type":"if","locations":[{"start":{"line":27,"column":16},"end":{"line":31,"column":null}},{"start":{"line":29,"column":22},"end":{"line":31,"column":null}}]},"2":{"loc":{"start":{"line":71,"column":8},"end":{"line":75,"column":null}},"type":"if","locations":[{"start":{"line":71,"column":8},"end":{"line":75,"column":null}},{"start":{"line":73,"column":15},"end":{"line":75,"column":null}}]},"3":{"loc":{"start":{"line":87,"column":16},"end":{"line":91,"column":null}},"type":"if","locations":[{"start":{"line":87,"column":16},"end":{"line":91,"column":null}},{"start":{"line":89,"column":23},"end":{"line":91,"column":null}}]},"4":{"loc":{"start":{"line":103,"column":8},"end":{"line":107,"column":null}},"type":"if","locations":[{"start":{"line":103,"column":8},"end":{"line":107,"column":null}},{"start":{"line":105,"column":15},"end":{"line":107,"column":null}}]}},"s":{"0":7,"1":7,"2":7,"3":7,"4":4,"5":4,"6":4,"7":3,"8":3,"9":2,"10":1,"11":1,"12":0,"13":1,"14":0,"15":7,"16":7,"17":1,"18":1,"19":0,"20":7,"21":7,"22":2,"23":2,"24":0,"25":7,"26":7,"27":4,"28":4,"29":2,"30":2,"31":0,"32":7,"33":7,"34":2,"35":2,"36":1,"37":1,"38":0,"39":7,"40":7,"41":4,"42":4,"43":2,"44":2,"45":0,"46":7},"f":{"0":4,"1":4,"2":2,"3":1,"4":0,"5":1,"6":1,"7":0,"8":2,"9":2,"10":0,"11":4,"12":4,"13":0,"14":2,"15":2,"16":0,"17":4,"18":4,"19":0},"b":{"0":[3,1],"1":[1,0],"2":[2,2],"3":[1,1],"4":[2,2]}}
,"/home/matteopossamai/Desktop/projects/ProgettoG09/backend/controller/category.ts": {"path":"/home/matteopossamai/Desktop/projects/ProgettoG09/backend/controller/category.ts","statementMap":{"0":{"start":{"line":2,"column":0},"end":{"line":2,"column":58}},"1":{"start":{"line":3,"column":0},"end":{"line":3,"column":68}},"2":{"start":{"line":4,"column":0},"end":{"line":4,"column":52}},"3":{"start":{"line":5,"column":17},"end":{"line":5,"column":36}},"4":{"start":{"line":6,"column":17},"end":{"line":6,"column":40}},"5":{"start":{"line":9,"column":30},"end":{"line":48,"column":1}},"6":{"start":{"line":10,"column":4},"end":{"line":47,"column":7}},"7":{"start":{"line":12,"column":31},"end":{"line":12,"column":45}},"8":{"start":{"line":13,"column":8},"end":{"line":43,"column":null}},"9":{"start":{"line":14,"column":32},"end":{"line":20,"column":14}},"10":{"start":{"line":22,"column":12},"end":{"line":37,"column":15}},"11":{"start":{"line":24,"column":16},"end":{"line":24,"column":43}},"12":{"start":{"line":27,"column":16},"end":{"line":27,"column":41}},"13":{"start":{"line":28,"column":16},"end":{"line":36,"column":null}},"14":{"start":{"line":29,"column":20},"end":{"line":29,"column":73}},"15":{"start":{"line":31,"column":20},"end":{"line":35,"column":null}},"16":{"start":{"line":32,"column":24},"end":{"line":32,"column":60}},"17":{"start":{"line":34,"column":24},"end":{"line":34,"column":70}},"18":{"start":{"line":42,"column":12},"end":{"line":42,"column":65}},"19":{"start":{"line":46,"column":8},"end":{"line":46,"column":54}},"20":{"start":{"line":9,"column":13},"end":{"line":9,"column":30}},"21":{"start":{"line":51,"column":29},"end":{"line":60,"column":1}},"22":{"start":{"line":52,"column":4},"end":{"line":59,"column":7}},"23":{"start":{"line":54,"column":8},"end":{"line":54,"column":35}},"24":{"start":{"line":58,"column":8},"end":{"line":58,"column":54}},"25":{"start":{"line":51,"column":13},"end":{"line":51,"column":29}},"26":{"start":{"line":63,"column":35},"end":{"line":71,"column":1}},"27":{"start":{"line":64,"column":4},"end":{"line":70,"column":7}},"28":{"start":{"line":66,"column":8},"end":{"line":66,"column":35}},"29":{"start":{"line":69,"column":8},"end":{"line":69,"column":54}},"30":{"start":{"line":63,"column":13},"end":{"line":63,"column":35}},"31":{"start":{"line":74,"column":27},"end":{"line":86,"column":1}},"32":{"start":{"line":75,"column":4},"end":{"line":85,"column":7}},"33":{"start":{"line":77,"column":8},"end":{"line":81,"column":null}},"34":{"start":{"line":78,"column":12},"end":{"line":78,"column":39}},"35":{"start":{"line":80,"column":12},"end":{"line":80,"column":55}},"36":{"start":{"line":84,"column":8},"end":{"line":84,"column":54}},"37":{"start":{"line":74,"column":13},"end":{"line":74,"column":27}},"38":{"start":{"line":90,"column":30},"end":{"line":109,"column":1}},"39":{"start":{"line":91,"column":4},"end":{"line":107,"column":7}},"40":{"start":{"line":93,"column":8},"end":{"line":103,"column":11}},"41":{"start":{"line":95,"column":12},"end":{"line":99,"column":null}},"42":{"start":{"line":96,"column":16},"end":{"line":96,"column":57}},"43":{"start":{"line":98,"column":16},"end":{"line":98,"column":59}},"44":{"start":{"line":102,"column":12},"end":{"line":102,"column":58}},"45":{"start":{"line":106,"column":8},"end":{"line":106,"column":54}},"46":{"start":{"line":90,"column":13},"end":{"line":90,"column":30}},"47":{"start":{"line":112,"column":30},"end":{"line":130,"column":1}},"48":{"start":{"line":113,"column":4},"end":{"line":129,"column":null}},"49":{"start":{"line":115,"column":8},"end":{"line":128,"column":null}},"50":{"start":{"line":117,"column":12},"end":{"line":127,"column":15}},"51":{"start":{"line":119,"column":16},"end":{"line":123,"column":null}},"52":{"start":{"line":120,"column":20},"end":{"line":120,"column":61}},"53":{"start":{"line":122,"column":20},"end":{"line":122,"column":63}},"54":{"start":{"line":126,"column":16},"end":{"line":126,"column":62}},"55":{"start":{"line":112,"column":13},"end":{"line":112,"column":30}}},"fnMap":{"0":{"name":"(anonymous_1)","decl":{"start":{"line":9,"column":30},"end":{"line":9,"column":31}},"loc":{"start":{"line":9,"column":78},"end":{"line":48,"column":1}}},"1":{"name":"(anonymous_2)","decl":{"start":{"line":11,"column":10},"end":{"line":11,"column":11}},"loc":{"start":{"line":11,"column":40},"end":{"line":44,"column":5}}},"2":{"name":"(anonymous_3)","decl":{"start":{"line":23,"column":18},"end":{"line":23,"column":19}},"loc":{"start":{"line":23,"column":41},"end":{"line":25,"column":13}}},"3":{"name":"(anonymous_4)","decl":{"start":{"line":26,"column":19},"end":{"line":26,"column":20}},"loc":{"start":{"line":26,"column":34},"end":{"line":37,"column":13}}},"4":{"name":"(anonymous_5)","decl":{"start":{"line":45,"column":11},"end":{"line":45,"column":12}},"loc":{"start":{"line":45,"column":26},"end":{"line":47,"column":5}}},"5":{"name":"(anonymous_6)","decl":{"start":{"line":51,"column":29},"end":{"line":51,"column":30}},"loc":{"start":{"line":51,"column":77},"end":{"line":60,"column":1}}},"6":{"name":"(anonymous_7)","decl":{"start":{"line":53,"column":10},"end":{"line":53,"column":11}},"loc":{"start":{"line":53,"column":35},"end":{"line":55,"column":5}}},"7":{"name":"(anonymous_8)","decl":{"start":{"line":56,"column":11},"end":{"line":56,"column":12}},"loc":{"start":{"line":56,"column":26},"end":{"line":59,"column":5}}},"8":{"name":"(anonymous_9)","decl":{"start":{"line":63,"column":35},"end":{"line":63,"column":36}},"loc":{"start":{"line":63,"column":83},"end":{"line":71,"column":1}}},"9":{"name":"(anonymous_10)","decl":{"start":{"line":65,"column":10},"end":{"line":65,"column":11}},"loc":{"start":{"line":65,"column":35},"end":{"line":67,"column":5}}},"10":{"name":"(anonymous_11)","decl":{"start":{"line":68,"column":11},"end":{"line":68,"column":12}},"loc":{"start":{"line":68,"column":24},"end":{"line":70,"column":5}}},"11":{"name":"(anonymous_12)","decl":{"start":{"line":74,"column":27},"end":{"line":74,"column":28}},"loc":{"start":{"line":74,"column":75},"end":{"line":86,"column":1}}},"12":{"name":"(anonymous_13)","decl":{"start":{"line":76,"column":10},"end":{"line":76,"column":11}},"loc":{"start":{"line":76,"column":40},"end":{"line":82,"column":5}}},"13":{"name":"(anonymous_14)","decl":{"start":{"line":83,"column":11},"end":{"line":83,"column":12}},"loc":{"start":{"line":83,"column":24},"end":{"line":85,"column":5}}},"14":{"name":"(anonymous_15)","decl":{"start":{"line":90,"column":30},"end":{"line":90,"column":31}},"loc":{"start":{"line":90,"column":78},"end":{"line":109,"column":1}}},"15":{"name":"(anonymous_16)","decl":{"start":{"line":92,"column":11},"end":{"line":92,"column":13}},"loc":{"start":{"line":92,"column":15},"end":{"line":104,"column":5}}},"16":{"name":"(anonymous_17)","decl":{"start":{"line":94,"column":14},"end":{"line":94,"column":15}},"loc":{"start":{"line":94,"column":44},"end":{"line":100,"column":9}}},"17":{"name":"(anonymous_18)","decl":{"start":{"line":101,"column":15},"end":{"line":101,"column":16}},"loc":{"start":{"line":101,"column":28},"end":{"line":103,"column":9}}},"18":{"name":"(anonymous_19)","decl":{"start":{"line":105,"column":11},"end":{"line":105,"column":12}},"loc":{"start":{"line":105,"column":24},"end":{"line":107,"column":5}}},"19":{"name":"(anonymous_20)","decl":{"start":{"line":112,"column":30},"end":{"line":112,"column":31}},"loc":{"start":{"line":112,"column":78},"end":{"line":130,"column":1}}},"20":{"name":"(anonymous_21)","decl":{"start":{"line":114,"column":10},"end":{"line":114,"column":13}},"loc":{"start":{"line":114,"column":15},"end":{"line":129,"column":5}}},"21":{"name":"(anonymous_22)","decl":{"start":{"line":116,"column":14},"end":{"line":116,"column":17}},"loc":{"start":{"line":116,"column":19},"end":{"line":128,"column":9}}},"22":{"name":"(anonymous_23)","decl":{"start":{"line":118,"column":18},"end":{"line":118,"column":19}},"loc":{"start":{"line":118,"column":48},"end":{"line":124,"column":13}}},"23":{"name":"(anonymous_24)","decl":{"start":{"line":125,"column":19},"end":{"line":125,"column":20}},"loc":{"start":{"line":125,"column":32},"end":{"line":127,"column":13}}}},"branchMap":{"0":{"loc":{"start":{"line":13,"column":8},"end":{"line":43,"column":null}},"type":"if","locations":[{"start":{"line":13,"column":8},"end":{"line":43,"column":null}},{"start":{"line":39,"column":14},"end":{"line":43,"column":null}}]},"1":{"loc":{"start":{"line":28,"column":16},"end":{"line":36,"column":null}},"type":"if","locations":[{"start":{"line":28,"column":16},"end":{"line":36,"column":null}},{"start":{"line":30,"column":22},"end":{"line":36,"column":null}}]},"2":{"loc":{"start":{"line":31,"column":20},"end":{"line":35,"column":null}},"type":"if","locations":[{"start":{"line":31,"column":20},"end":{"line":35,"column":null}},{"start":{"line":33,"column":25},"end":{"line":35,"column":null}}]},"3":{"loc":{"start":{"line":77,"column":8},"end":{"line":81,"column":null}},"type":"if","locations":[{"start":{"line":77,"column":8},"end":{"line":81,"column":null}},{"start":{"line":79,"column":15},"end":{"line":81,"column":null}}]},"4":{"loc":{"start":{"line":95,"column":12},"end":{"line":99,"column":null}},"type":"if","locations":[{"start":{"line":95,"column":12},"end":{"line":99,"column":null}},{"start":{"line":97,"column":19},"end":{"line":99,"column":null}}]},"5":{"loc":{"start":{"line":119,"column":16},"end":{"line":123,"column":null}},"type":"if","locations":[{"start":{"line":119,"column":16},"end":{"line":123,"column":null}},{"start":{"line":121,"column":23},"end":{"line":123,"column":null}}]}},"s":{"0":7,"1":7,"2":7,"3":7,"4":7,"5":7,"6":5,"7":5,"8":5,"9":4,"10":4,"11":3,"12":1,"13":1,"14":0,"15":1,"16":1,"17":0,"18":1,"19":0,"20":7,"21":7,"22":1,"23":1,"24":0,"25":7,"26":7,"27":2,"28":2,"29":0,"30":7,"31":7,"32":4,"33":4,"34":2,"35":2,"36":0,"37":7,"38":7,"39":2,"40":2,"41":2,"42":1,"43":1,"44":0,"45":0,"46":7,"47":7,"48":5,"49":5,"50":5,"51":5,"52":3,"53":2,"54":0,"55":7},"f":{"0":5,"1":5,"2":3,"3":1,"4":0,"5":1,"6":1,"7":0,"8":2,"9":2,"10":0,"11":4,"12":4,"13":0,"14":2,"15":2,"16":2,"17":0,"18":0,"19":5,"20":5,"21":5,"22":5,"23":0},"b":{"0":[4,1],"1":[0,1],"2":[1,0],"3":[2,2],"4":[1,1],"5":[3,2]}}
,"/home/matteopossamai/Desktop/projects/ProgettoG09/backend/controller/checker.ts": {"path":"/home/matteopossamai/Desktop/projects/ProgettoG09/backend/controller/checker.ts","statementMap":{"0":{"start":{"line":3,"column":0},"end":{"line":3,"column":45}},"1":{"start":{"line":6,"column":23},"end":{"line":25,"column":null}},"2":{"start":{"line":6,"column":105},"end":{"line":25,"column":null}},"3":{"start":{"line":7,"column":16},"end":{"line":7,"column":77}},"4":{"start":{"line":9,"column":4},"end":{"line":14,"column":null}},"5":{"start":{"line":10,"column":8},"end":{"line":13,"column":5}},"6":{"start":{"line":16,"column":23},"end":{"line":16,"column":90}},"7":{"start":{"line":17,"column":4},"end":{"line":24,"column":null}},"8":{"start":{"line":18,"column":8},"end":{"line":21,"column":11}},"9":{"start":{"line":23,"column":8},"end":{"line":23,"column":15}},"10":{"start":{"line":6,"column":13},"end":{"line":6,"column":23}}},"fnMap":{"0":{"name":"(anonymous_7)","decl":{"start":{"line":6,"column":23},"end":{"line":6,"column":30}},"loc":{"start":{"line":6,"column":105},"end":{"line":25,"column":null}}},"1":{"name":"(anonymous_8)","decl":{"start":{"line":6,"column":105},"end":{"line":6,"column":null}},"loc":{"start":{"line":6,"column":105},"end":{"line":25,"column":1}}}},"branchMap":{"0":{"loc":{"start":{"line":7,"column":16},"end":{"line":7,"column":77}},"type":"binary-expr","locations":[{"start":{"line":7,"column":16},"end":{"line":7,"column":45}},{"start":{"line":7,"column":49},"end":{"line":7,"column":77}}]},"1":{"loc":{"start":{"line":9,"column":4},"end":{"line":14,"column":null}},"type":"if","locations":[{"start":{"line":9,"column":4},"end":{"line":14,"column":null}}]},"2":{"loc":{"start":{"line":16,"column":41},"end":{"line":16,"column":71}},"type":"binary-expr","locations":[{"start":{"line":16,"column":41},"end":{"line":16,"column":59}},{"start":{"line":16,"column":63},"end":{"line":16,"column":71}}]},"3":{"loc":{"start":{"line":17,"column":4},"end":{"line":24,"column":null}},"type":"if","locations":[{"start":{"line":17,"column":4},"end":{"line":24,"column":null}},{"start":{"line":22,"column":10},"end":{"line":24,"column":null}}]}},"s":{"0":7,"1":7,"2":118,"3":118,"4":118,"5":29,"6":89,"7":89,"8":1,"9":88,"10":7},"f":{"0":118,"1":118},"b":{"0":[118,29],"1":[29],"2":[89,89],"3":[1,88]}}
,"/home/matteopossamai/Desktop/projects/ProgettoG09/backend/controller/transaction.ts": {"path":"/home/matteopossamai/Desktop/projects/ProgettoG09/backend/controller/transaction.ts","statementMap":{"0":{"start":{"line":2,"column":0},"end":{"line":2,"column":67}},"1":{"start":{"line":3,"column":0},"end":{"line":3,"column":38}},"2":{"start":{"line":4,"column":0},"end":{"line":4,"column":38}},"3":{"start":{"line":5,"column":17},"end":{"line":5,"column":36}},"4":{"start":{"line":6,"column":17},"end":{"line":6,"column":40}},"5":{"start":{"line":9,"column":33},"end":{"line":56,"column":null}},"6":{"start":{"line":9,"column":87},"end":{"line":56,"column":null}},"7":{"start":{"line":10,"column":4},"end":{"line":55,"column":null}},"8":{"start":{"line":11,"column":31},"end":{"line":11,"column":45}},"9":{"start":{"line":12,"column":31},"end":{"line":21,"column":10}},"10":{"start":{"line":22,"column":21},"end":{"line":22,"column":87}},"11":{"start":{"line":23,"column":8},"end":{"line":47,"column":null}},"12":{"start":{"line":24,"column":12},"end":{"line":24,"column":53}},"13":{"start":{"line":26,"column":23},"end":{"line":26,"column":50}},"14":{"start":{"line":27,"column":8},"end":{"line":35,"column":null}},"15":{"start":{"line":29,"column":12},"end":{"line":33,"column":null}},"16":{"start":{"line":30,"column":13},"end":{"line":30,"column":44}},"17":{"start":{"line":32,"column":16},"end":{"line":32,"column":47}},"18":{"start":{"line":34,"column":12},"end":{"line":34,"column":32}},"19":{"start":{"line":38,"column":22},"end":{"line":38,"column":91}},"20":{"start":{"line":39,"column":8},"end":{"line":44,"column":null}},"21":{"start":{"line":40,"column":12},"end":{"line":43,"column":null}},"22":{"start":{"line":40,"column":25},"end":{"line":40,"column":26}},"23":{"start":{"line":41,"column":16},"end":{"line":41,"column":57}},"24":{"start":{"line":42,"column":16},"end":{"line":42,"column":40}},"25":{"start":{"line":46,"column":8},"end":{"line":46,"column":35}},"26":{"start":{"line":50,"column":8},"end":{"line":54,"column":null}},"27":{"start":{"line":51,"column":12},"end":{"line":51,"column":48}},"28":{"start":{"line":53,"column":12},"end":{"line":53,"column":58}},"29":{"start":{"line":9,"column":13},"end":{"line":9,"column":33}},"30":{"start":{"line":59,"column":31},"end":{"line":66,"column":null}},"31":{"start":{"line":59,"column":85},"end":{"line":66,"column":null}},"32":{"start":{"line":60,"column":4},"end":{"line":65,"column":null}},"33":{"start":{"line":61,"column":21},"end":{"line":61,"column":45}},"34":{"start":{"line":62,"column":8},"end":{"line":62,"column":35}},"35":{"start":{"line":64,"column":8},"end":{"line":64,"column":54}},"36":{"start":{"line":59,"column":13},"end":{"line":59,"column":31}},"37":{"start":{"line":69,"column":34},"end":{"line":80,"column":null}},"38":{"start":{"line":69,"column":88},"end":{"line":80,"column":null}},"39":{"start":{"line":70,"column":4},"end":{"line":79,"column":null}},"40":{"start":{"line":71,"column":21},"end":{"line":71,"column":62}},"41":{"start":{"line":72,"column":8},"end":{"line":76,"column":null}},"42":{"start":{"line":73,"column":12},"end":{"line":73,"column":39}},"43":{"start":{"line":75,"column":12},"end":{"line":75,"column":58}},"44":{"start":{"line":78,"column":8},"end":{"line":78,"column":54}},"45":{"start":{"line":69,"column":13},"end":{"line":69,"column":34}},"46":{"start":{"line":83,"column":37},"end":{"line":91,"column":null}},"47":{"start":{"line":83,"column":91},"end":{"line":91,"column":null}},"48":{"start":{"line":84,"column":4},"end":{"line":90,"column":7}},"49":{"start":{"line":86,"column":8},"end":{"line":86,"column":35}},"50":{"start":{"line":89,"column":8},"end":{"line":89,"column":54}},"51":{"start":{"line":83,"column":13},"end":{"line":83,"column":37}},"52":{"start":{"line":94,"column":37},"end":{"line":124,"column":null}},"53":{"start":{"line":94,"column":91},"end":{"line":124,"column":null}},"54":{"start":{"line":95,"column":4},"end":{"line":123,"column":null}},"55":{"start":{"line":96,"column":26},"end":{"line":96,"column":67}},"56":{"start":{"line":97,"column":21},"end":{"line":97,"column":95}},"57":{"start":{"line":98,"column":8},"end":{"line":105,"column":null}},"58":{"start":{"line":99,"column":12},"end":{"line":103,"column":null}},"59":{"start":{"line":100,"column":16},"end":{"line":100,"column":50}},"60":{"start":{"line":102,"column":16},"end":{"line":102,"column":50}},"61":{"start":{"line":104,"column":12},"end":{"line":104,"column":32}},"62":{"start":{"line":106,"column":21},"end":{"line":106,"column":101}},"63":{"start":{"line":107,"column":8},"end":{"line":114,"column":null}},"64":{"start":{"line":108,"column":12},"end":{"line":112,"column":null}},"65":{"start":{"line":109,"column":16},"end":{"line":109,"column":56}},"66":{"start":{"line":111,"column":16},"end":{"line":111,"column":56}},"67":{"start":{"line":113,"column":12},"end":{"line":113,"column":32}},"68":{"start":{"line":115,"column":21},"end":{"line":115,"column":71}},"69":{"start":{"line":116,"column":8},"end":{"line":120,"column":null}},"70":{"start":{"line":117,"column":12},"end":{"line":117,"column":56}},"71":{"start":{"line":119,"column":12},"end":{"line":119,"column":58}},"72":{"start":{"line":122,"column":8},"end":{"line":122,"column":54}},"73":{"start":{"line":94,"column":13},"end":{"line":94,"column":37}},"74":{"start":{"line":127,"column":37},"end":{"line":174,"column":null}},"75":{"start":{"line":127,"column":91},"end":{"line":174,"column":null}},"76":{"start":{"line":128,"column":22},"end":{"line":128,"column":62}},"77":{"start":{"line":129,"column":17},"end":{"line":129,"column":91}},"78":{"start":{"line":130,"column":4},"end":{"line":137,"column":null}},"79":{"start":{"line":131,"column":8},"end":{"line":135,"column":null}},"80":{"start":{"line":132,"column":12},"end":{"line":132,"column":46}},"81":{"start":{"line":134,"column":12},"end":{"line":134,"column":46}},"82":{"start":{"line":136,"column":8},"end":{"line":136,"column":28}},"83":{"start":{"line":138,"column":19},"end":{"line":138,"column":99}},"84":{"start":{"line":139,"column":4},"end":{"line":146,"column":null}},"85":{"start":{"line":140,"column":8},"end":{"line":144,"column":null}},"86":{"start":{"line":141,"column":12},"end":{"line":141,"column":54}},"87":{"start":{"line":143,"column":12},"end":{"line":143,"column":54}},"88":{"start":{"line":145,"column":8},"end":{"line":145,"column":30}},"89":{"start":{"line":147,"column":4},"end":{"line":173,"column":7}},"90":{"start":{"line":149,"column":8},"end":{"line":169,"column":null}},"91":{"start":{"line":150,"column":12},"end":{"line":155,"column":null}},"92":{"start":{"line":151,"column":16},"end":{"line":151,"column":43}},"93":{"start":{"line":154,"column":16},"end":{"line":154,"column":43}},"94":{"start":{"line":156,"column":12},"end":{"line":156,"column":26}},"95":{"start":{"line":157,"column":12},"end":{"line":165,"column":null}},"96":{"start":{"line":158,"column":16},"end":{"line":163,"column":null}},"97":{"start":{"line":159,"column":20},"end":{"line":159,"column":55}},"98":{"start":{"line":162,"column":20},"end":{"line":162,"column":55}},"99":{"start":{"line":164,"column":16},"end":{"line":164,"column":32}},"100":{"start":{"line":166,"column":12},"end":{"line":166,"column":56}},"101":{"start":{"line":168,"column":12},"end":{"line":168,"column":58}},"102":{"start":{"line":172,"column":8},"end":{"line":172,"column":54}},"103":{"start":{"line":127,"column":13},"end":{"line":127,"column":37}}},"fnMap":{"0":{"name":"(anonymous_8)","decl":{"start":{"line":9,"column":33},"end":{"line":9,"column":40}},"loc":{"start":{"line":9,"column":87},"end":{"line":56,"column":null}}},"1":{"name":"(anonymous_9)","decl":{"start":{"line":9,"column":87},"end":{"line":9,"column":null}},"loc":{"start":{"line":9,"column":87},"end":{"line":56,"column":1}}},"2":{"name":"(anonymous_10)","decl":{"start":{"line":59,"column":31},"end":{"line":59,"column":38}},"loc":{"start":{"line":59,"column":85},"end":{"line":66,"column":null}}},"3":{"name":"(anonymous_11)","decl":{"start":{"line":59,"column":85},"end":{"line":59,"column":null}},"loc":{"start":{"line":59,"column":85},"end":{"line":66,"column":1}}},"4":{"name":"(anonymous_12)","decl":{"start":{"line":69,"column":34},"end":{"line":69,"column":41}},"loc":{"start":{"line":69,"column":88},"end":{"line":80,"column":null}}},"5":{"name":"(anonymous_13)","decl":{"start":{"line":69,"column":88},"end":{"line":69,"column":null}},"loc":{"start":{"line":69,"column":88},"end":{"line":80,"column":1}}},"6":{"name":"(anonymous_14)","decl":{"start":{"line":83,"column":37},"end":{"line":83,"column":44}},"loc":{"start":{"line":83,"column":91},"end":{"line":91,"column":null}}},"7":{"name":"(anonymous_15)","decl":{"start":{"line":83,"column":91},"end":{"line":83,"column":null}},"loc":{"start":{"line":83,"column":91},"end":{"line":91,"column":1}}},"8":{"name":"(anonymous_16)","decl":{"start":{"line":85,"column":10},"end":{"line":85,"column":11}},"loc":{"start":{"line":85,"column":38},"end":{"line":87,"column":5}}},"9":{"name":"(anonymous_17)","decl":{"start":{"line":88,"column":11},"end":{"line":88,"column":12}},"loc":{"start":{"line":88,"column":26},"end":{"line":90,"column":5}}},"10":{"name":"(anonymous_18)","decl":{"start":{"line":94,"column":37},"end":{"line":94,"column":44}},"loc":{"start":{"line":94,"column":91},"end":{"line":124,"column":null}}},"11":{"name":"(anonymous_19)","decl":{"start":{"line":94,"column":91},"end":{"line":94,"column":null}},"loc":{"start":{"line":94,"column":91},"end":{"line":124,"column":1}}},"12":{"name":"(anonymous_20)","decl":{"start":{"line":127,"column":37},"end":{"line":127,"column":44}},"loc":{"start":{"line":127,"column":91},"end":{"line":174,"column":null}}},"13":{"name":"(anonymous_21)","decl":{"start":{"line":127,"column":91},"end":{"line":127,"column":null}},"loc":{"start":{"line":127,"column":91},"end":{"line":174,"column":1}}},"14":{"name":"(anonymous_22)","decl":{"start":{"line":148,"column":10},"end":{"line":148,"column":11}},"loc":{"start":{"line":148,"column":43},"end":{"line":170,"column":5}}},"15":{"name":"(anonymous_23)","decl":{"start":{"line":171,"column":11},"end":{"line":171,"column":12}},"loc":{"start":{"line":171,"column":26},"end":{"line":173,"column":5}}}},"branchMap":{"0":{"loc":{"start":{"line":23,"column":8},"end":{"line":47,"column":null}},"type":"if","locations":[{"start":{"line":23,"column":8},"end":{"line":47,"column":null}},{"start":{"line":25,"column":15},"end":{"line":47,"column":null}}]},"1":{"loc":{"start":{"line":27,"column":8},"end":{"line":35,"column":null}},"type":"if","locations":[{"start":{"line":27,"column":8},"end":{"line":35,"column":null}}]},"2":{"loc":{"start":{"line":29,"column":12},"end":{"line":33,"column":null}},"type":"if","locations":[{"start":{"line":29,"column":12},"end":{"line":33,"column":null}},{"start":{"line":31,"column":18},"end":{"line":33,"column":null}}]},"3":{"loc":{"start":{"line":39,"column":8},"end":{"line":44,"column":null}},"type":"if","locations":[{"start":{"line":39,"column":8},"end":{"line":44,"column":null}}]},"4":{"loc":{"start":{"line":39,"column":12},"end":{"line":39,"column":50}},"type":"binary-expr","locations":[{"start":{"line":39,"column":12},"end":{"line":39,"column":19}},{"start":{"line":39,"column":23},"end":{"line":39,"column":50}}]},"5":{"loc":{"start":{"line":50,"column":8},"end":{"line":54,"column":null}},"type":"if","locations":[{"start":{"line":50,"column":8},"end":{"line":54,"column":null}},{"start":{"line":52,"column":14},"end":{"line":54,"column":null}}]},"6":{"loc":{"start":{"line":72,"column":8},"end":{"line":76,"column":null}},"type":"if","locations":[{"start":{"line":72,"column":8},"end":{"line":76,"column":null}},{"start":{"line":74,"column":15},"end":{"line":76,"column":null}}]},"7":{"loc":{"start":{"line":97,"column":49},"end":{"line":97,"column":68}},"type":"cond-expr","locations":[{"start":{"line":97,"column":60},"end":{"line":97,"column":62}},{"start":{"line":97,"column":49},"end":{"line":97,"column":68}}]},"8":{"loc":{"start":{"line":97,"column":49},"end":{"line":97,"column":62}},"type":"binary-expr","locations":[{"start":{"line":97,"column":49},"end":{"line":97,"column":62}},{"start":{"line":97,"column":49},"end":{"line":97,"column":62}}]},"9":{"loc":{"start":{"line":97,"column":76},"end":{"line":97,"column":93}},"type":"cond-expr","locations":[{"start":{"line":97,"column":87},"end":{"line":97,"column":89}},{"start":{"line":97,"column":76},"end":{"line":97,"column":93}}]},"10":{"loc":{"start":{"line":97,"column":76},"end":{"line":97,"column":89}},"type":"binary-expr","locations":[{"start":{"line":97,"column":76},"end":{"line":97,"column":89}},{"start":{"line":97,"column":76},"end":{"line":97,"column":89}}]},"11":{"loc":{"start":{"line":98,"column":8},"end":{"line":105,"column":null}},"type":"if","locations":[{"start":{"line":98,"column":8},"end":{"line":105,"column":null}}]},"12":{"loc":{"start":{"line":98,"column":12},"end":{"line":98,"column":33}},"type":"binary-expr","locations":[{"start":{"line":98,"column":12},"end":{"line":98,"column":18}},{"start":{"line":98,"column":22},"end":{"line":98,"column":33}}]},"13":{"loc":{"start":{"line":99,"column":12},"end":{"line":103,"column":null}},"type":"if","locations":[{"start":{"line":99,"column":12},"end":{"line":103,"column":null}},{"start":{"line":101,"column":18},"end":{"line":103,"column":null}}]},"14":{"loc":{"start":{"line":106,"column":53},"end":{"line":106,"column":74}},"type":"cond-expr","locations":[{"start":{"line":106,"column":64},"end":{"line":106,"column":66}},{"start":{"line":106,"column":53},"end":{"line":106,"column":74}}]},"15":{"loc":{"start":{"line":106,"column":53},"end":{"line":106,"column":66}},"type":"binary-expr","locations":[{"start":{"line":106,"column":53},"end":{"line":106,"column":66}},{"start":{"line":106,"column":53},"end":{"line":106,"column":66}}]},"16":{"loc":{"start":{"line":106,"column":82},"end":{"line":106,"column":99}},"type":"cond-expr","locations":[{"start":{"line":106,"column":93},"end":{"line":106,"column":95}},{"start":{"line":106,"column":82},"end":{"line":106,"column":99}}]},"17":{"loc":{"start":{"line":106,"column":82},"end":{"line":106,"column":95}},"type":"binary-expr","locations":[{"start":{"line":106,"column":82},"end":{"line":106,"column":95}},{"start":{"line":106,"column":82},"end":{"line":106,"column":95}}]},"18":{"loc":{"start":{"line":107,"column":8},"end":{"line":114,"column":null}},"type":"if","locations":[{"start":{"line":107,"column":8},"end":{"line":114,"column":null}}]},"19":{"loc":{"start":{"line":107,"column":12},"end":{"line":107,"column":33}},"type":"binary-expr","locations":[{"start":{"line":107,"column":12},"end":{"line":107,"column":18}},{"start":{"line":107,"column":22},"end":{"line":107,"column":33}}]},"20":{"loc":{"start":{"line":108,"column":12},"end":{"line":112,"column":null}},"type":"if","locations":[{"start":{"line":108,"column":12},"end":{"line":112,"column":null}},{"start":{"line":110,"column":18},"end":{"line":112,"column":null}}]},"21":{"loc":{"start":{"line":116,"column":8},"end":{"line":120,"column":null}},"type":"if","locations":[{"start":{"line":116,"column":8},"end":{"line":120,"column":null}},{"start":{"line":118,"column":15},"end":{"line":120,"column":null}}]},"22":{"loc":{"start":{"line":129,"column":45},"end":{"line":129,"column":64}},"type":"cond-expr","locations":[{"start":{"line":129,"column":56},"end":{"line":129,"column":58}},{"start":{"line":129,"column":45},"end":{"line":129,"column":64}}]},"23":{"loc":{"start":{"line":129,"column":45},"end":{"line":129,"column":58}},"type":"binary-expr","locations":[{"start":{"line":129,"column":45},"end":{"line":129,"column":58}},{"start":{"line":129,"column":45},"end":{"line":129,"column":58}}]},"24":{"loc":{"start":{"line":129,"column":72},"end":{"line":129,"column":89}},"type":"cond-expr","locations":[{"start":{"line":129,"column":83},"end":{"line":129,"column":85}},{"start":{"line":129,"column":72},"end":{"line":129,"column":89}}]},"25":{"loc":{"start":{"line":129,"column":72},"end":{"line":129,"column":85}},"type":"binary-expr","locations":[{"start":{"line":129,"column":72},"end":{"line":129,"column":85}},{"start":{"line":129,"column":72},"end":{"line":129,"column":85}}]},"26":{"loc":{"start":{"line":130,"column":4},"end":{"line":137,"column":null}},"type":"if","locations":[{"start":{"line":130,"column":4},"end":{"line":137,"column":null}}]},"27":{"loc":{"start":{"line":130,"column":8},"end":{"line":130,"column":29}},"type":"binary-expr","locations":[{"start":{"line":130,"column":8},"end":{"line":130,"column":14}},{"start":{"line":130,"column":18},"end":{"line":130,"column":29}}]},"28":{"loc":{"start":{"line":131,"column":8},"end":{"line":135,"column":null}},"type":"if","locations":[{"start":{"line":131,"column":8},"end":{"line":135,"column":null}},{"start":{"line":133,"column":14},"end":{"line":135,"column":null}}]},"29":{"loc":{"start":{"line":138,"column":51},"end":{"line":138,"column":72}},"type":"cond-expr","locations":[{"start":{"line":138,"column":62},"end":{"line":138,"column":64}},{"start":{"line":138,"column":51},"end":{"line":138,"column":72}}]},"30":{"loc":{"start":{"line":138,"column":51},"end":{"line":138,"column":64}},"type":"binary-expr","locations":[{"start":{"line":138,"column":51},"end":{"line":138,"column":64}},{"start":{"line":138,"column":51},"end":{"line":138,"column":64}}]},"31":{"loc":{"start":{"line":138,"column":80},"end":{"line":138,"column":97}},"type":"cond-expr","locations":[{"start":{"line":138,"column":91},"end":{"line":138,"column":93}},{"start":{"line":138,"column":80},"end":{"line":138,"column":97}}]},"32":{"loc":{"start":{"line":138,"column":80},"end":{"line":138,"column":93}},"type":"binary-expr","locations":[{"start":{"line":138,"column":80},"end":{"line":138,"column":93}},{"start":{"line":138,"column":80},"end":{"line":138,"column":93}}]},"33":{"loc":{"start":{"line":139,"column":4},"end":{"line":146,"column":null}},"type":"if","locations":[{"start":{"line":139,"column":4},"end":{"line":146,"column":null}}]},"34":{"loc":{"start":{"line":139,"column":8},"end":{"line":139,"column":31}},"type":"binary-expr","locations":[{"start":{"line":139,"column":8},"end":{"line":139,"column":16}},{"start":{"line":139,"column":20},"end":{"line":139,"column":31}}]},"35":{"loc":{"start":{"line":140,"column":8},"end":{"line":144,"column":null}},"type":"if","locations":[{"start":{"line":140,"column":8},"end":{"line":144,"column":null}},{"start":{"line":142,"column":14},"end":{"line":144,"column":null}}]},"36":{"loc":{"start":{"line":149,"column":8},"end":{"line":169,"column":null}},"type":"if","locations":[{"start":{"line":149,"column":8},"end":{"line":169,"column":null}},{"start":{"line":167,"column":15},"end":{"line":169,"column":null}}]},"37":{"loc":{"start":{"line":149,"column":12},"end":{"line":149,"column":26}},"type":"binary-expr","locations":[{"start":{"line":149,"column":12},"end":{"line":149,"column":16}},{"start":{"line":149,"column":20},"end":{"line":149,"column":26}}]},"38":{"loc":{"start":{"line":150,"column":12},"end":{"line":155,"column":null}},"type":"if","locations":[{"start":{"line":150,"column":12},"end":{"line":155,"column":null}},{"start":{"line":153,"column":17},"end":{"line":155,"column":null}}]},"39":{"loc":{"start":{"line":157,"column":12},"end":{"line":165,"column":null}},"type":"if","locations":[{"start":{"line":157,"column":12},"end":{"line":165,"column":null}}]},"40":{"loc":{"start":{"line":157,"column":16},"end":{"line":157,"column":32}},"type":"binary-expr","locations":[{"start":{"line":157,"column":16},"end":{"line":157,"column":20}},{"start":{"line":157,"column":24},"end":{"line":157,"column":32}}]},"41":{"loc":{"start":{"line":158,"column":16},"end":{"line":163,"column":null}},"type":"if","locations":[{"start":{"line":158,"column":16},"end":{"line":163,"column":null}},{"start":{"line":161,"column":21},"end":{"line":163,"column":null}}]}},"s":{"0":7,"1":7,"2":7,"3":7,"4":7,"5":7,"6":4,"7":4,"8":4,"9":4,"10":4,"11":4,"12":1,"13":3,"14":2,"15":2,"16":0,"17":2,"18":2,"19":2,"20":2,"21":2,"22":2,"23":0,"24":0,"25":2,"26":1,"27":1,"28":0,"29":7,"30":7,"31":1,"32":1,"33":1,"34":1,"35":0,"36":7,"37":7,"38":3,"39":3,"40":3,"41":2,"42":2,"43":0,"44":1,"45":7,"46":7,"47":2,"48":2,"49":2,"50":0,"51":7,"52":7,"53":4,"54":4,"55":4,"56":3,"57":3,"58":2,"59":0,"60":2,"61":2,"62":3,"63":3,"64":0,"65":0,"66":0,"67":0,"68":3,"69":3,"70":2,"71":1,"72":1,"73":7,"74":7,"75":2,"76":2,"77":2,"78":2,"79":1,"80":0,"81":1,"82":1,"83":2,"84":2,"85":0,"86":0,"87":0,"88":0,"89":2,"90":2,"91":1,"92":0,"93":1,"94":1,"95":1,"96":0,"97":0,"98":0,"99":0,"100":1,"101":1,"102":0,"103":7},"f":{"0":4,"1":4,"2":1,"3":1,"4":3,"5":3,"6":2,"7":2,"8":2,"9":0,"10":4,"11":4,"12":2,"13":2,"14":2,"15":0},"b":{"0":[1,3],"1":[2],"2":[0,2],"3":[2],"4":[2,2],"5":[1,0],"6":[2,0],"7":[1,2],"8":[3,2],"9":[1,2],"10":[3,2],"11":[2],"12":[3,2],"13":[0,2],"14":[1,2],"15":[3,2],"16":[1,2],"17":[3,2],"18":[0],"19":[3,0],"20":[0,0],"21":[2,1],"22":[1,1],"23":[2,1],"24":[1,1],"25":[2,1],"26":[1],"27":[2,1],"28":[0,1],"29":[1,1],"30":[2,1],"31":[1,1],"32":[2,1],"33":[0],"34":[2,0],"35":[0,0],"36":[1,1],"37":[2,1],"38":[0,1],"39":[0],"40":[1,1],"41":[0,0]}}
,"/home/matteopossamai/Desktop/projects/ProgettoG09/backend/controller/user.ts": {"path":"/home/matteopossamai/Desktop/projects/ProgettoG09/backend/controller/user.ts","statementMap":{"0":{"start":{"line":2,"column":0},"end":{"line":2,"column":46}},"1":{"start":{"line":3,"column":0},"end":{"line":3,"column":59}},"2":{"start":{"line":4,"column":17},"end":{"line":4,"column":36}},"3":{"start":{"line":5,"column":17},"end":{"line":5,"column":40}},"4":{"start":{"line":8,"column":22},"end":{"line":43,"column":1}},"5":{"start":{"line":9,"column":4},"end":{"line":42,"column":7}},"6":{"start":{"line":11,"column":8},"end":{"line":37,"column":null}},"7":{"start":{"line":13,"column":12},"end":{"line":15,"column":null}},"8":{"start":{"line":14,"column":16},"end":{"line":14,"column":190}},"9":{"start":{"line":16,"column":35},"end":{"line":16,"column":49}},"10":{"start":{"line":17,"column":28},"end":{"line":24,"column":14}},"11":{"start":{"line":26,"column":12},"end":{"line":33,"column":15}},"12":{"start":{"line":28,"column":16},"end":{"line":28,"column":43}},"13":{"start":{"line":31,"column":16},"end":{"line":31,"column":null}},"14":{"start":{"line":32,"column":16},"end":{"line":32,"column":62}},"15":{"start":{"line":36,"column":12},"end":{"line":36,"column":56}},"16":{"start":{"line":40,"column":8},"end":{"line":40,"column":null}},"17":{"start":{"line":41,"column":8},"end":{"line":41,"column":54}},"18":{"start":{"line":8,"column":13},"end":{"line":8,"column":22}},"19":{"start":{"line":46,"column":24},"end":{"line":54,"column":1}},"20":{"start":{"line":47,"column":4},"end":{"line":53,"column":7}},"21":{"start":{"line":49,"column":8},"end":{"line":49,"column":35}},"22":{"start":{"line":52,"column":8},"end":{"line":52,"column":54}},"23":{"start":{"line":46,"column":13},"end":{"line":46,"column":24}},"24":{"start":{"line":57,"column":30},"end":{"line":69,"column":1}},"25":{"start":{"line":58,"column":4},"end":{"line":68,"column":7}},"26":{"start":{"line":60,"column":8},"end":{"line":64,"column":null}},"27":{"start":{"line":61,"column":12},"end":{"line":61,"column":51}},"28":{"start":{"line":63,"column":12},"end":{"line":63,"column":39}},"29":{"start":{"line":67,"column":8},"end":{"line":67,"column":54}},"30":{"start":{"line":57,"column":13},"end":{"line":57,"column":30}},"31":{"start":{"line":72,"column":26},"end":{"line":81,"column":2}},"32":{"start":{"line":72,"column":80},"end":{"line":81,"column":2}},"33":{"start":{"line":73,"column":15},"end":{"line":73,"column":67}},"34":{"start":{"line":75,"column":4},"end":{"line":80,"column":null}},"35":{"start":{"line":76,"column":8},"end":{"line":76,"column":54}},"36":{"start":{"line":78,"column":8},"end":{"line":78,"column":62}},"37":{"start":{"line":79,"column":8},"end":{"line":79,"column":38}},"38":{"start":{"line":72,"column":13},"end":{"line":72,"column":26}},"39":{"start":{"line":84,"column":26},"end":{"line":96,"column":1}},"40":{"start":{"line":85,"column":4},"end":{"line":95,"column":7}},"41":{"start":{"line":87,"column":8},"end":{"line":91,"column":null}},"42":{"start":{"line":88,"column":12},"end":{"line":88,"column":51}},"43":{"start":{"line":90,"column":12},"end":{"line":90,"column":49}},"44":{"start":{"line":94,"column":8},"end":{"line":94,"column":54}},"45":{"start":{"line":84,"column":13},"end":{"line":84,"column":26}},"46":{"start":{"line":98,"column":30},"end":{"line":110,"column":1}},"47":{"start":{"line":99,"column":4},"end":{"line":109,"column":7}},"48":{"start":{"line":101,"column":8},"end":{"line":105,"column":null}},"49":{"start":{"line":102,"column":12},"end":{"line":102,"column":51}},"50":{"start":{"line":104,"column":12},"end":{"line":104,"column":49}},"51":{"start":{"line":108,"column":8},"end":{"line":108,"column":54}},"52":{"start":{"line":98,"column":13},"end":{"line":98,"column":30}}},"fnMap":{"0":{"name":"(anonymous_8)","decl":{"start":{"line":8,"column":22},"end":{"line":8,"column":23}},"loc":{"start":{"line":8,"column":70},"end":{"line":43,"column":1}}},"1":{"name":"(anonymous_9)","decl":{"start":{"line":10,"column":10},"end":{"line":10,"column":11}},"loc":{"start":{"line":10,"column":36},"end":{"line":38,"column":5}}},"2":{"name":"(anonymous_10)","decl":{"start":{"line":27,"column":18},"end":{"line":27,"column":19}},"loc":{"start":{"line":27,"column":37},"end":{"line":29,"column":13}}},"3":{"name":"(anonymous_11)","decl":{"start":{"line":30,"column":19},"end":{"line":30,"column":20}},"loc":{"start":{"line":30,"column":34},"end":{"line":33,"column":13}}},"4":{"name":"(anonymous_12)","decl":{"start":{"line":39,"column":11},"end":{"line":39,"column":12}},"loc":{"start":{"line":39,"column":26},"end":{"line":42,"column":5}}},"5":{"name":"(anonymous_13)","decl":{"start":{"line":46,"column":24},"end":{"line":46,"column":25}},"loc":{"start":{"line":46,"column":72},"end":{"line":54,"column":1}}},"6":{"name":"(anonymous_14)","decl":{"start":{"line":48,"column":10},"end":{"line":48,"column":11}},"loc":{"start":{"line":48,"column":31},"end":{"line":50,"column":5}}},"7":{"name":"(anonymous_15)","decl":{"start":{"line":51,"column":11},"end":{"line":51,"column":12}},"loc":{"start":{"line":51,"column":26},"end":{"line":53,"column":5}}},"8":{"name":"(anonymous_16)","decl":{"start":{"line":57,"column":30},"end":{"line":57,"column":31}},"loc":{"start":{"line":57,"column":78},"end":{"line":69,"column":1}}},"9":{"name":"(anonymous_17)","decl":{"start":{"line":59,"column":10},"end":{"line":59,"column":11}},"loc":{"start":{"line":59,"column":36},"end":{"line":65,"column":5}}},"10":{"name":"(anonymous_18)","decl":{"start":{"line":66,"column":11},"end":{"line":66,"column":12}},"loc":{"start":{"line":66,"column":26},"end":{"line":68,"column":5}}},"11":{"name":"(anonymous_19)","decl":{"start":{"line":72,"column":26},"end":{"line":72,"column":33}},"loc":{"start":{"line":72,"column":80},"end":{"line":81,"column":2}}},"12":{"name":"(anonymous_20)","decl":{"start":{"line":72,"column":80},"end":{"line":72,"column":null}},"loc":{"start":{"line":72,"column":80},"end":{"line":81,"column":1}}},"13":{"name":"(anonymous_21)","decl":{"start":{"line":84,"column":26},"end":{"line":84,"column":27}},"loc":{"start":{"line":84,"column":74},"end":{"line":96,"column":1}}},"14":{"name":"(anonymous_22)","decl":{"start":{"line":86,"column":10},"end":{"line":86,"column":11}},"loc":{"start":{"line":86,"column":36},"end":{"line":92,"column":5}}},"15":{"name":"(anonymous_23)","decl":{"start":{"line":93,"column":11},"end":{"line":93,"column":12}},"loc":{"start":{"line":93,"column":26},"end":{"line":95,"column":5}}},"16":{"name":"(anonymous_24)","decl":{"start":{"line":98,"column":30},"end":{"line":98,"column":31}},"loc":{"start":{"line":98,"column":78},"end":{"line":110,"column":1}}},"17":{"name":"(anonymous_25)","decl":{"start":{"line":100,"column":10},"end":{"line":100,"column":11}},"loc":{"start":{"line":100,"column":36},"end":{"line":106,"column":5}}},"18":{"name":"(anonymous_26)","decl":{"start":{"line":107,"column":11},"end":{"line":107,"column":12}},"loc":{"start":{"line":107,"column":26},"end":{"line":109,"column":5}}}},"branchMap":{"0":{"loc":{"start":{"line":11,"column":8},"end":{"line":37,"column":null}},"type":"if","locations":[{"start":{"line":11,"column":8},"end":{"line":37,"column":null}},{"start":{"line":35,"column":14},"end":{"line":37,"column":null}}]},"1":{"loc":{"start":{"line":13,"column":12},"end":{"line":15,"column":null}},"type":"if","locations":[{"start":{"line":13,"column":12},"end":{"line":15,"column":null}}]},"2":{"loc":{"start":{"line":60,"column":8},"end":{"line":64,"column":null}},"type":"if","locations":[{"start":{"line":60,"column":8},"end":{"line":64,"column":null}},{"start":{"line":62,"column":14},"end":{"line":64,"column":null}}]},"3":{"loc":{"start":{"line":75,"column":4},"end":{"line":80,"column":null}},"type":"if","locations":[{"start":{"line":75,"column":4},"end":{"line":80,"column":null}},{"start":{"line":77,"column":10},"end":{"line":80,"column":null}}]},"4":{"loc":{"start":{"line":87,"column":8},"end":{"line":91,"column":null}},"type":"if","locations":[{"start":{"line":87,"column":8},"end":{"line":91,"column":null}},{"start":{"line":89,"column":14},"end":{"line":91,"column":null}}]},"5":{"loc":{"start":{"line":101,"column":8},"end":{"line":105,"column":null}},"type":"if","locations":[{"start":{"line":101,"column":8},"end":{"line":105,"column":null}},{"start":{"line":103,"column":14},"end":{"line":105,"column":null}}]}},"s":{"0":7,"1":7,"2":7,"3":7,"4":7,"5":8,"6":8,"7":7,"8":1,"9":6,"10":6,"11":6,"12":6,"13":0,"14":0,"15":1,"16":0,"17":0,"18":7,"19":7,"20":1,"21":1,"22":0,"23":7,"24":7,"25":4,"26":4,"27":1,"28":3,"29":0,"30":7,"31":7,"32":8,"33":8,"34":8,"35":2,"36":6,"37":6,"38":7,"39":7,"40":2,"41":2,"42":1,"43":1,"44":0,"45":7,"46":7,"47":2,"48":2,"49":1,"50":1,"51":0,"52":7},"f":{"0":8,"1":8,"2":6,"3":0,"4":0,"5":1,"6":1,"7":0,"8":4,"9":4,"10":0,"11":8,"12":8,"13":2,"14":2,"15":0,"16":2,"17":2,"18":0},"b":{"0":[7,1],"1":[1],"2":[1,3],"3":[2,6],"4":[1,1],"5":[1,1]}}
,"/home/matteopossamai/Desktop/projects/ProgettoG09/backend/controller/wallet.ts": {"path":"/home/matteopossamai/Desktop/projects/ProgettoG09/backend/controller/wallet.ts","statementMap":{"0":{"start":{"line":2,"column":0},"end":{"line":2,"column":52}},"1":{"start":{"line":3,"column":0},"end":{"line":3,"column":48}},"2":{"start":{"line":4,"column":17},"end":{"line":4,"column":36}},"3":{"start":{"line":5,"column":17},"end":{"line":5,"column":40}},"4":{"start":{"line":8,"column":28},"end":{"line":37,"column":1}},"5":{"start":{"line":9,"column":4},"end":{"line":36,"column":7}},"6":{"start":{"line":11,"column":8},"end":{"line":35,"column":null}},"7":{"start":{"line":12,"column":35},"end":{"line":12,"column":49}},"8":{"start":{"line":13,"column":28},"end":{"line":20,"column":14}},"9":{"start":{"line":22,"column":12},"end":{"line":32,"column":15}},"10":{"start":{"line":24,"column":16},"end":{"line":24,"column":43}},"11":{"start":{"line":27,"column":16},"end":{"line":31,"column":null}},"12":{"start":{"line":28,"column":20},"end":{"line":28,"column":56}},"13":{"start":{"line":30,"column":20},"end":{"line":30,"column":66}},"14":{"start":{"line":34,"column":12},"end":{"line":34,"column":63}},"15":{"start":{"line":8,"column":13},"end":{"line":8,"column":28}},"16":{"start":{"line":40,"column":26},"end":{"line":48,"column":1}},"17":{"start":{"line":41,"column":4},"end":{"line":47,"column":7}},"18":{"start":{"line":43,"column":8},"end":{"line":43,"column":35}},"19":{"start":{"line":46,"column":8},"end":{"line":46,"column":54}},"20":{"start":{"line":40,"column":13},"end":{"line":40,"column":26}},"21":{"start":{"line":51,"column":32},"end":{"line":59,"column":1}},"22":{"start":{"line":52,"column":4},"end":{"line":58,"column":7}},"23":{"start":{"line":54,"column":8},"end":{"line":54,"column":35}},"24":{"start":{"line":57,"column":8},"end":{"line":57,"column":54}},"25":{"start":{"line":51,"column":13},"end":{"line":51,"column":32}},"26":{"start":{"line":62,"column":25},"end":{"line":74,"column":1}},"27":{"start":{"line":63,"column":4},"end":{"line":73,"column":7}},"28":{"start":{"line":65,"column":8},"end":{"line":69,"column":null}},"29":{"start":{"line":66,"column":12},"end":{"line":66,"column":39}},"30":{"start":{"line":68,"column":12},"end":{"line":68,"column":53}},"31":{"start":{"line":72,"column":8},"end":{"line":72,"column":54}},"32":{"start":{"line":62,"column":13},"end":{"line":62,"column":25}},"33":{"start":{"line":77,"column":28},"end":{"line":89,"column":1}},"34":{"start":{"line":78,"column":4},"end":{"line":88,"column":11}},"35":{"start":{"line":80,"column":12},"end":{"line":84,"column":null}},"36":{"start":{"line":81,"column":16},"end":{"line":81,"column":55}},"37":{"start":{"line":83,"column":16},"end":{"line":83,"column":57}},"38":{"start":{"line":87,"column":12},"end":{"line":87,"column":58}},"39":{"start":{"line":77,"column":13},"end":{"line":77,"column":28}},"40":{"start":{"line":91,"column":28},"end":{"line":111,"column":1}},"41":{"start":{"line":92,"column":4},"end":{"line":110,"column":7}},"42":{"start":{"line":94,"column":8},"end":{"line":105,"column":null}},"43":{"start":{"line":95,"column":12},"end":{"line":102,"column":null}},"44":{"start":{"line":97,"column":12},"end":{"line":101,"column":null}},"45":{"start":{"line":98,"column":16},"end":{"line":98,"column":55}},"46":{"start":{"line":100,"column":16},"end":{"line":100,"column":57}},"47":{"start":{"line":104,"column":12},"end":{"line":104,"column":53}},"48":{"start":{"line":109,"column":8},"end":{"line":109,"column":54}},"49":{"start":{"line":91,"column":13},"end":{"line":91,"column":28}}},"fnMap":{"0":{"name":"(anonymous_1)","decl":{"start":{"line":8,"column":28},"end":{"line":8,"column":29}},"loc":{"start":{"line":8,"column":76},"end":{"line":37,"column":1}}},"1":{"name":"(anonymous_2)","decl":{"start":{"line":10,"column":10},"end":{"line":10,"column":11}},"loc":{"start":{"line":10,"column":38},"end":{"line":36,"column":5}}},"2":{"name":"(anonymous_3)","decl":{"start":{"line":23,"column":18},"end":{"line":23,"column":19}},"loc":{"start":{"line":23,"column":39},"end":{"line":25,"column":13}}},"3":{"name":"(anonymous_4)","decl":{"start":{"line":26,"column":19},"end":{"line":26,"column":20}},"loc":{"start":{"line":26,"column":34},"end":{"line":32,"column":13}}},"4":{"name":"(anonymous_5)","decl":{"start":{"line":40,"column":26},"end":{"line":40,"column":27}},"loc":{"start":{"line":40,"column":72},"end":{"line":48,"column":1}}},"5":{"name":"(anonymous_6)","decl":{"start":{"line":42,"column":10},"end":{"line":42,"column":11}},"loc":{"start":{"line":42,"column":33},"end":{"line":44,"column":5}}},"6":{"name":"(anonymous_7)","decl":{"start":{"line":45,"column":11},"end":{"line":45,"column":12}},"loc":{"start":{"line":45,"column":24},"end":{"line":47,"column":5}}},"7":{"name":"(anonymous_8)","decl":{"start":{"line":51,"column":32},"end":{"line":51,"column":33}},"loc":{"start":{"line":51,"column":80},"end":{"line":59,"column":1}}},"8":{"name":"(anonymous_9)","decl":{"start":{"line":53,"column":10},"end":{"line":53,"column":11}},"loc":{"start":{"line":53,"column":33},"end":{"line":55,"column":5}}},"9":{"name":"(anonymous_10)","decl":{"start":{"line":56,"column":11},"end":{"line":56,"column":12}},"loc":{"start":{"line":56,"column":24},"end":{"line":58,"column":5}}},"10":{"name":"(anonymous_11)","decl":{"start":{"line":62,"column":25},"end":{"line":62,"column":26}},"loc":{"start":{"line":62,"column":73},"end":{"line":74,"column":1}}},"11":{"name":"(anonymous_12)","decl":{"start":{"line":64,"column":10},"end":{"line":64,"column":11}},"loc":{"start":{"line":64,"column":38},"end":{"line":70,"column":5}}},"12":{"name":"(anonymous_13)","decl":{"start":{"line":71,"column":11},"end":{"line":71,"column":12}},"loc":{"start":{"line":71,"column":24},"end":{"line":73,"column":5}}},"13":{"name":"(anonymous_14)","decl":{"start":{"line":77,"column":28},"end":{"line":77,"column":29}},"loc":{"start":{"line":77,"column":76},"end":{"line":89,"column":1}}},"14":{"name":"(anonymous_15)","decl":{"start":{"line":79,"column":14},"end":{"line":79,"column":15}},"loc":{"start":{"line":79,"column":42},"end":{"line":85,"column":9}}},"15":{"name":"(anonymous_16)","decl":{"start":{"line":86,"column":15},"end":{"line":86,"column":16}},"loc":{"start":{"line":86,"column":28},"end":{"line":88,"column":9}}},"16":{"name":"(anonymous_17)","decl":{"start":{"line":91,"column":28},"end":{"line":91,"column":29}},"loc":{"start":{"line":91,"column":76},"end":{"line":111,"column":1}}},"17":{"name":"(anonymous_18)","decl":{"start":{"line":93,"column":10},"end":{"line":93,"column":11}},"loc":{"start":{"line":93,"column":38},"end":{"line":107,"column":5}}},"18":{"name":"(anonymous_19)","decl":{"start":{"line":96,"column":18},"end":{"line":96,"column":19}},"loc":{"start":{"line":96,"column":32},"end":{"line":102,"column":9}}},"19":{"name":"(anonymous_20)","decl":{"start":{"line":108,"column":11},"end":{"line":108,"column":12}},"loc":{"start":{"line":108,"column":24},"end":{"line":110,"column":5}}}},"branchMap":{"0":{"loc":{"start":{"line":11,"column":8},"end":{"line":35,"column":null}},"type":"if","locations":[{"start":{"line":11,"column":8},"end":{"line":35,"column":null}},{"start":{"line":33,"column":14},"end":{"line":35,"column":null}}]},"1":{"loc":{"start":{"line":27,"column":16},"end":{"line":31,"column":null}},"type":"if","locations":[{"start":{"line":27,"column":16},"end":{"line":31,"column":null}},{"start":{"line":29,"column":22},"end":{"line":31,"column":null}}]},"2":{"loc":{"start":{"line":65,"column":8},"end":{"line":69,"column":null}},"type":"if","locations":[{"start":{"line":65,"column":8},"end":{"line":69,"column":null}},{"start":{"line":67,"column":15},"end":{"line":69,"column":null}}]},"3":{"loc":{"start":{"line":80,"column":12},"end":{"line":84,"column":null}},"type":"if","locations":[{"start":{"line":80,"column":12},"end":{"line":84,"column":null}},{"start":{"line":82,"column":19},"end":{"line":84,"column":null}}]},"4":{"loc":{"start":{"line":94,"column":8},"end":{"line":105,"column":null}},"type":"if","locations":[{"start":{"line":94,"column":8},"end":{"line":105,"column":null}},{"start":{"line":103,"column":15},"end":{"line":105,"column":null}}]},"5":{"loc":{"start":{"line":97,"column":12},"end":{"line":101,"column":null}},"type":"if","locations":[{"start":{"line":97,"column":12},"end":{"line":101,"column":null}},{"start":{"line":99,"column":19},"end":{"line":101,"column":null}}]}},"s":{"0":7,"1":7,"2":7,"3":7,"4":7,"5":5,"6":5,"7":4,"8":4,"9":4,"10":3,"11":1,"12":1,"13":0,"14":1,"15":7,"16":7,"17":1,"18":1,"19":0,"20":7,"21":7,"22":2,"23":2,"24":0,"25":7,"26":7,"27":4,"28":4,"29":2,"30":2,"31":0,"32":7,"33":7,"34":2,"35":2,"36":1,"37":1,"38":0,"39":7,"40":7,"41":5,"42":5,"43":3,"44":3,"45":3,"46":0,"47":2,"48":0,"49":7},"f":{"0":5,"1":5,"2":3,"3":1,"4":1,"5":1,"6":0,"7":2,"8":2,"9":0,"10":4,"11":4,"12":0,"13":2,"14":2,"15":0,"16":5,"17":5,"18":3,"19":0},"b":{"0":[4,1],"1":[1,0],"2":[2,2],"3":[1,1],"4":[3,2],"5":[3,0]}}
,"/home/matteopossamai/Desktop/projects/ProgettoG09/backend/models/budget.ts": {"path":"/home/matteopossamai/Desktop/projects/ProgettoG09/backend/models/budget.ts","statementMap":{"0":{"start":{"line":1,"column":0},"end":{"line":1,"column":41}},"1":{"start":{"line":2,"column":17},"end":{"line":2,"column":36}},"2":{"start":{"line":3,"column":17},"end":{"line":3,"column":40}},"3":{"start":{"line":5,"column":15},"end":{"line":13,"column":2}},"4":{"start":{"line":25,"column":15},"end":{"line":25,"column":38}},"5":{"start":{"line":27,"column":0},"end":{"line":27,"column":22}}},"fnMap":{},"branchMap":{},"s":{"0":7,"1":7,"2":7,"3":7,"4":7,"5":7},"f":{},"b":{}}
,"/home/matteopossamai/Desktop/projects/ProgettoG09/backend/models/category.ts": {"path":"/home/matteopossamai/Desktop/projects/ProgettoG09/backend/models/category.ts","statementMap":{"0":{"start":{"line":2,"column":0},"end":{"line":2,"column":41}},"1":{"start":{"line":3,"column":17},"end":{"line":3,"column":36}},"2":{"start":{"line":4,"column":17},"end":{"line":4,"column":40}},"3":{"start":{"line":6,"column":15},"end":{"line":11,"column":2}},"4":{"start":{"line":20,"column":17},"end":{"line":20,"column":42}},"5":{"start":{"line":22,"column":0},"end":{"line":22,"column":24}}},"fnMap":{},"branchMap":{},"s":{"0":7,"1":7,"2":7,"3":7,"4":7,"5":7},"f":{},"b":{}}
,"/home/matteopossamai/Desktop/projects/ProgettoG09/backend/models/transaction.ts": {"path":"/home/matteopossamai/Desktop/projects/ProgettoG09/backend/models/transaction.ts","statementMap":{"0":{"start":{"line":1,"column":0},"end":{"line":1,"column":41}},"1":{"start":{"line":2,"column":17},"end":{"line":2,"column":36}},"2":{"start":{"line":3,"column":17},"end":{"line":3,"column":40}},"3":{"start":{"line":5,"column":15},"end":{"line":14,"column":2}},"4":{"start":{"line":27,"column":20},"end":{"line":27,"column":48}},"5":{"start":{"line":29,"column":0},"end":{"line":29,"column":27}}},"fnMap":{},"branchMap":{},"s":{"0":7,"1":7,"2":7,"3":7,"4":7,"5":7},"f":{},"b":{}}
,"/home/matteopossamai/Desktop/projects/ProgettoG09/backend/models/user.ts": {"path":"/home/matteopossamai/Desktop/projects/ProgettoG09/backend/models/user.ts","statementMap":{"0":{"start":{"line":1,"column":0},"end":{"line":1,"column":41}},"1":{"start":{"line":2,"column":17},"end":{"line":2,"column":36}},"2":{"start":{"line":3,"column":17},"end":{"line":3,"column":40}},"3":{"start":{"line":5,"column":15},"end":{"line":12,"column":2}},"4":{"start":{"line":14,"column":13},"end":{"line":14,"column":34}},"5":{"start":{"line":25,"column":0},"end":{"line":25,"column":20}}},"fnMap":{},"branchMap":{},"s":{"0":7,"1":7,"2":7,"3":7,"4":7,"5":7},"f":{},"b":{}}
,"/home/matteopossamai/Desktop/projects/ProgettoG09/backend/models/wallet.ts": {"path":"/home/matteopossamai/Desktop/projects/ProgettoG09/backend/models/wallet.ts","statementMap":{"0":{"start":{"line":1,"column":0},"end":{"line":1,"column":41}},"1":{"start":{"line":2,"column":17},"end":{"line":2,"column":36}},"2":{"start":{"line":3,"column":17},"end":{"line":3,"column":40}},"3":{"start":{"line":5,"column":15},"end":{"line":12,"column":2}},"4":{"start":{"line":23,"column":15},"end":{"line":23,"column":38}},"5":{"start":{"line":25,"column":0},"end":{"line":25,"column":22}}},"fnMap":{},"branchMap":{},"s":{"0":7,"1":7,"2":7,"3":7,"4":7,"5":7},"f":{},"b":{}}
,"/home/matteopossamai/Desktop/projects/ProgettoG09/backend/router/auth.ts": {"path":"/home/matteopossamai/Desktop/projects/ProgettoG09/backend/router/auth.ts","statementMap":{"0":{"start":{"line":1,"column":0},"end":{"line":1,"column":30}},"1":{"start":{"line":2,"column":0},"end":{"line":2,"column":61}},"2":{"start":{"line":3,"column":0},"end":{"line":3,"column":44}},"3":{"start":{"line":5,"column":19},"end":{"line":5,"column":35}},"4":{"start":{"line":7,"column":0},"end":{"line":7,"column":33}},"5":{"start":{"line":8,"column":0},"end":{"line":8,"column":39}},"6":{"start":{"line":9,"column":0},"end":{"line":9,"column":35}},"7":{"start":{"line":10,"column":0},"end":{"line":10,"column":35}},"8":{"start":{"line":12,"column":0},"end":{"line":12,"column":26}}},"fnMap":{},"branchMap":{},"s":{"0":7,"1":7,"2":7,"3":7,"4":7,"5":7,"6":7,"7":7,"8":7},"f":{},"b":{}}
,"/home/matteopossamai/Desktop/projects/ProgettoG09/backend/router/budget.ts": {"path":"/home/matteopossamai/Desktop/projects/ProgettoG09/backend/router/budget.ts","statementMap":{"0":{"start":{"line":1,"column":0},"end":{"line":1,"column":30}},"1":{"start":{"line":2,"column":0},"end":{"line":2,"column":120}},"2":{"start":{"line":4,"column":21},"end":{"line":4,"column":37}},"3":{"start":{"line":6,"column":0},"end":{"line":6,"column":48}},"4":{"start":{"line":7,"column":0},"end":{"line":7,"column":45}},"5":{"start":{"line":8,"column":0},"end":{"line":8,"column":61}},"6":{"start":{"line":9,"column":0},"end":{"line":9,"column":55}},"7":{"start":{"line":10,"column":0},"end":{"line":10,"column":52}},"8":{"start":{"line":11,"column":0},"end":{"line":11,"column":61}},"9":{"start":{"line":13,"column":0},"end":{"line":13,"column":28}}},"fnMap":{},"branchMap":{},"s":{"0":7,"1":7,"2":7,"3":7,"4":7,"5":7,"6":7,"7":7,"8":7,"9":7},"f":{},"b":{}}
,"/home/matteopossamai/Desktop/projects/ProgettoG09/backend/router/category.ts": {"path":"/home/matteopossamai/Desktop/projects/ProgettoG09/backend/router/category.ts","statementMap":{"0":{"start":{"line":1,"column":0},"end":{"line":1,"column":30}},"1":{"start":{"line":2,"column":0},"end":{"line":2,"column":137}},"2":{"start":{"line":4,"column":23},"end":{"line":4,"column":39}},"3":{"start":{"line":6,"column":0},"end":{"line":6,"column":54}},"4":{"start":{"line":7,"column":0},"end":{"line":7,"column":52}},"5":{"start":{"line":8,"column":0},"end":{"line":8,"column":68}},"6":{"start":{"line":9,"column":0},"end":{"line":9,"column":61}},"7":{"start":{"line":10,"column":0},"end":{"line":10,"column":58}},"8":{"start":{"line":11,"column":0},"end":{"line":11,"column":67}},"9":{"start":{"line":13,"column":0},"end":{"line":13,"column":30}}},"fnMap":{},"branchMap":{},"s":{"0":7,"1":7,"2":7,"3":7,"4":7,"5":7,"6":7,"7":7,"8":7,"9":7},"f":{},"b":{}}
,"/home/matteopossamai/Desktop/projects/ProgettoG09/backend/router/transaction.ts": {"path":"/home/matteopossamai/Desktop/projects/ProgettoG09/backend/router/transaction.ts","statementMap":{"0":{"start":{"line":1,"column":0},"end":{"line":1,"column":30}},"1":{"start":{"line":2,"column":0},"end":{"line":2,"column":167}},"2":{"start":{"line":4,"column":26},"end":{"line":4,"column":42}},"3":{"start":{"line":6,"column":0},"end":{"line":6,"column":63}},"4":{"start":{"line":7,"column":0},"end":{"line":7,"column":60}},"5":{"start":{"line":8,"column":0},"end":{"line":8,"column":76}},"6":{"start":{"line":9,"column":0},"end":{"line":9,"column":66}},"7":{"start":{"line":10,"column":0},"end":{"line":10,"column":65}},"8":{"start":{"line":11,"column":0},"end":{"line":11,"column":72}},"9":{"start":{"line":13,"column":0},"end":{"line":13,"column":33}}},"fnMap":{},"branchMap":{},"s":{"0":7,"1":7,"2":7,"3":7,"4":7,"5":7,"6":7,"7":7,"8":7,"9":7},"f":{},"b":{}}
,"/home/matteopossamai/Desktop/projects/ProgettoG09/backend/router/user.ts": {"path":"/home/matteopossamai/Desktop/projects/ProgettoG09/backend/router/user.ts","statementMap":{"0":{"start":{"line":1,"column":0},"end":{"line":1,"column":30}},"1":{"start":{"line":2,"column":0},"end":{"line":2,"column":null}},"2":{"start":{"line":5,"column":19},"end":{"line":5,"column":35}},"3":{"start":{"line":7,"column":0},"end":{"line":7,"column":39}},"4":{"start":{"line":8,"column":0},"end":{"line":8,"column":51}},"5":{"start":{"line":9,"column":0},"end":{"line":9,"column":47}},"6":{"start":{"line":10,"column":0},"end":{"line":10,"column":60}},"7":{"start":{"line":11,"column":0},"end":{"line":11,"column":50}},"8":{"start":{"line":13,"column":0},"end":{"line":13,"column":26}}},"fnMap":{},"branchMap":{},"s":{"0":7,"1":7,"2":7,"3":7,"4":7,"5":7,"6":7,"7":7,"8":7},"f":{},"b":{}}
,"/home/matteopossamai/Desktop/projects/ProgettoG09/backend/router/wallet.ts": {"path":"/home/matteopossamai/Desktop/projects/ProgettoG09/backend/router/wallet.ts","statementMap":{"0":{"start":{"line":1,"column":0},"end":{"line":1,"column":30}},"1":{"start":{"line":2,"column":0},"end":{"line":2,"column":121}},"2":{"start":{"line":4,"column":21},"end":{"line":4,"column":37}},"3":{"start":{"line":6,"column":0},"end":{"line":6,"column":48}},"4":{"start":{"line":7,"column":0},"end":{"line":7,"column":45}},"5":{"start":{"line":8,"column":0},"end":{"line":8,"column":61}},"6":{"start":{"line":9,"column":0},"end":{"line":9,"column":55}},"7":{"start":{"line":10,"column":0},"end":{"line":10,"column":52}},"8":{"start":{"line":11,"column":0},"end":{"line":11,"column":61}},"9":{"start":{"line":13,"column":0},"end":{"line":13,"column":28}}},"fnMap":{},"branchMap":{},"s":{"0":7,"1":7,"2":7,"3":7,"4":7,"5":7,"6":7,"7":7,"8":7,"9":7},"f":{},"b":{}}
,"/home/matteopossamai/Desktop/projects/ProgettoG09/backend/utils/passwordChecker.ts": {"path":"/home/matteopossamai/Desktop/projects/ProgettoG09/backend/utils/passwordChecker.ts","statementMap":{"0":{"start":{"line":1,"column":31},"end":{"line":5,"column":1}},"1":{"start":{"line":3,"column":16},"end":{"line":3,"column":86}},"2":{"start":{"line":4,"column":4},"end":{"line":4,"column":32}},"3":{"start":{"line":1,"column":13},"end":{"line":1,"column":31}}},"fnMap":{"0":{"name":"(anonymous_0)","decl":{"start":{"line":1,"column":31},"end":{"line":1,"column":32}},"loc":{"start":{"line":1,"column":52},"end":{"line":5,"column":1}}}},"branchMap":{},"s":{"0":7,"1":13,"2":13,"3":7},"f":{"0":13},"b":{}}
,"/home/matteopossamai/Desktop/projects/ProgettoG09/backend/utils/token.ts": {"path":"/home/matteopossamai/Desktop/projects/ProgettoG09/backend/utils/token.ts","statementMap":{"0":{"start":{"line":1,"column":12},"end":{"line":1,"column":35}},"1":{"start":{"line":3,"column":29},"end":{"line":5,"column":1}},"2":{"start":{"line":4,"column":2},"end":{"line":4,"column":50}},"3":{"start":{"line":3,"column":13},"end":{"line":3,"column":29}},"4":{"start":{"line":7,"column":27},"end":{"line":12,"column":null}},"5":{"start":{"line":7,"column":67},"end":{"line":12,"column":null}},"6":{"start":{"line":8,"column":12},"end":{"line":10,"column":6}},"7":{"start":{"line":9,"column":6},"end":{"line":9,"column":21}},"8":{"start":{"line":11,"column":4},"end":{"line":11,"column":13}},"9":{"start":{"line":7,"column":13},"end":{"line":7,"column":27}}},"fnMap":{"0":{"name":"(anonymous_7)","decl":{"start":{"line":3,"column":29},"end":{"line":3,"column":30}},"loc":{"start":{"line":3,"column":84},"end":{"line":5,"column":1}}},"1":{"name":"(anonymous_8)","decl":{"start":{"line":7,"column":27},"end":{"line":7,"column":34}},"loc":{"start":{"line":7,"column":67},"end":{"line":12,"column":null}}},"2":{"name":"(anonymous_9)","decl":{"start":{"line":7,"column":67},"end":{"line":7,"column":null}},"loc":{"start":{"line":7,"column":67},"end":{"line":12,"column":1}}},"3":{"name":"(anonymous_10)","decl":{"start":{"line":8,"column":44},"end":{"line":8,"column":45}},"loc":{"start":{"line":8,"column":71},"end":{"line":10,"column":5}}}},"branchMap":{},"s":{"0":7,"1":7,"2":10,"3":7,"4":7,"5":94,"6":94,"7":94,"8":94,"9":7},"f":{"0":10,"1":94,"2":94,"3":94},"b":{}}
}
