TN:
SF:index.ts
FN:27,(anonymous_1)
FN:40,(anonymous_2)
FN:46,(anonymous_3)
FN:73,(anonymous_4)
FNF:4
FNH:3
FNDA:136,(anonymous_1)
FNDA:0,(anonymous_2)
FNDA:1,(anonymous_3)
FNDA:7,(anonymous_4)
DA:1,7
DA:2,7
DA:3,7
DA:6,7
DA:7,7
DA:8,7
DA:9,7
DA:10,7
DA:11,7
DA:14,7
DA:18,7
DA:21,7
DA:22,7
DA:25,7
DA:26,7
DA:27,7
DA:28,136
DA:29,136
DA:34,7
DA:35,7
DA:38,7
DA:40,0
DA:43,7
DA:46,7
DA:47,1
DA:57,7
DA:58,7
DA:59,7
DA:60,7
DA:63,7
DA:66,7
DA:67,7
DA:68,7
DA:69,7
DA:70,7
DA:73,7
DA:74,7
DA:77,7
DA:78,7
LF:39
LH:38
BRDA:22,0,0,7
BRDA:22,0,1,0
BRDA:39,1,0,7
BRDA:39,1,1,0
BRF:4
BRH:2
end_of_record
TN:
SF:controller/auth.ts
FN:7,(anonymous_8)
FN:7,(anonymous_9)
FN:26,(anonymous_10)
FN:26,(anonymous_11)
FN:41,(anonymous_12)
FNF:5
FNH:5
FNDA:3,(anonymous_8)
FNDA:3,(anonymous_9)
FNDA:3,(anonymous_10)
FNDA:3,(anonymous_11)
FNDA:2,(anonymous_12)
DA:1,7
DA:3,7
DA:5,7
DA:7,7
DA:8,3
DA:10,3
DA:12,3
DA:13,1
DA:16,2
DA:17,1
DA:20,1
DA:21,1
DA:22,1
DA:23,1
DA:26,7
DA:27,3
DA:29,3
DA:30,1
DA:33,2
DA:34,2
DA:35,2
DA:37,1
DA:41,7
DA:42,2
DA:43,2
DA:45,2
DA:46,1
DA:47,1
DA:48,1
DA:49,1
DA:51,1
LF:31
LH:31
BRDA:5,0,0,7
BRDA:5,0,1,7
BRDA:12,1,0,1
BRDA:16,2,0,1
BRDA:27,3,0,3
BRDA:27,3,1,1
BRDA:29,4,0,1
BRDA:42,5,0,2
BRDA:42,5,1,1
BRDA:45,6,0,1
BRDA:45,6,1,1
BRF:11
BRH:11
end_of_record
TN:
SF:controller/budget.ts
FN:5,(anonymous_1)
FN:7,(anonymous_2)
FN:20,(anonymous_3)
FN:23,(anonymous_4)
FN:35,(anonymous_5)
FN:41,(anonymous_6)
FN:43,(anonymous_7)
FN:46,(anonymous_8)
FN:53,(anonymous_9)
FN:55,(anonymous_10)
FN:58,(anonymous_11)
FN:65,(anonymous_12)
FN:67,(anonymous_13)
FN:74,(anonymous_14)
FN:81,(anonymous_15)
FN:83,(anonymous_16)
FN:90,(anonymous_17)
FN:97,(anonymous_18)
FN:99,(anonymous_19)
FN:106,(anonymous_20)
FNF:20
FNH:14
FNDA:4,(anonymous_1)
FNDA:4,(anonymous_2)
FNDA:2,(anonymous_3)
FNDA:1,(anonymous_4)
FNDA:0,(anonymous_5)
FNDA:1,(anonymous_6)
FNDA:1,(anonymous_7)
FNDA:0,(anonymous_8)
FNDA:2,(anonymous_9)
FNDA:2,(anonymous_10)
FNDA:0,(anonymous_11)
FNDA:4,(anonymous_12)
FNDA:4,(anonymous_13)
FNDA:0,(anonymous_14)
FNDA:2,(anonymous_15)
FNDA:2,(anonymous_16)
FNDA:0,(anonymous_17)
FNDA:4,(anonymous_18)
FNDA:4,(anonymous_19)
FNDA:0,(anonymous_20)
DA:2,7
DA:5,7
DA:6,4
DA:8,4
DA:9,3
DA:19,3
DA:21,2
DA:24,1
DA:25,1
DA:27,0
DA:32,1
DA:36,0
DA:41,7
DA:42,1
DA:44,1
DA:48,0
DA:53,7
DA:54,2
DA:56,2
DA:60,0
DA:65,7
DA:66,4
DA:68,4
DA:69,2
DA:71,2
DA:76,0
DA:81,7
DA:82,2
DA:84,2
DA:85,1
DA:87,1
DA:92,0
DA:97,7
DA:98,4
DA:100,4
DA:101,2
DA:103,2
DA:108,0
LF:38
LH:31
BRDA:8,0,0,3
BRDA:8,0,1,1
BRDA:24,1,0,1
BRDA:24,1,1,0
BRDA:68,2,0,2
BRDA:68,2,1,2
BRDA:84,3,0,1
BRDA:84,3,1,1
BRDA:100,4,0,2
BRDA:100,4,1,2
BRF:10
BRH:9
end_of_record
TN:
SF:controller/category.ts
FN:5,(anonymous_1)
FN:7,(anonymous_2)
FN:18,(anonymous_3)
FN:21,(anonymous_4)
FN:37,(anonymous_5)
FN:43,(anonymous_6)
FN:45,(anonymous_7)
FN:48,(anonymous_8)
FN:55,(anonymous_9)
FN:57,(anonymous_10)
FN:60,(anonymous_11)
FN:66,(anonymous_12)
FN:68,(anonymous_13)
FN:75,(anonymous_14)
FN:82,(anonymous_15)
FN:84,(anonymous_16)
FN:91,(anonymous_17)
FN:97,(anonymous_18)
FN:99,(anonymous_19)
FN:106,(anonymous_20)
FNF:20
FNH:14
FNDA:5,(anonymous_1)
FNDA:5,(anonymous_2)
FNDA:3,(anonymous_3)
FNDA:1,(anonymous_4)
FNDA:0,(anonymous_5)
FNDA:1,(anonymous_6)
FNDA:1,(anonymous_7)
FNDA:0,(anonymous_8)
FNDA:2,(anonymous_9)
FNDA:2,(anonymous_10)
FNDA:0,(anonymous_11)
FNDA:4,(anonymous_12)
FNDA:4,(anonymous_13)
FNDA:0,(anonymous_14)
FNDA:2,(anonymous_15)
FNDA:2,(anonymous_16)
FNDA:0,(anonymous_17)
FNDA:5,(anonymous_18)
FNDA:5,(anonymous_19)
FNDA:0,(anonymous_20)
DA:2,7
DA:5,7
DA:6,5
DA:8,5
DA:9,4
DA:17,4
DA:19,3
DA:22,1
DA:23,0
DA:25,1
DA:26,1
DA:28,0
DA:34,1
DA:38,0
DA:43,7
DA:44,1
DA:46,1
DA:50,0
DA:55,7
DA:56,2
DA:58,2
DA:61,0
DA:66,7
DA:67,4
DA:69,4
DA:70,2
DA:72,2
DA:76,0
DA:82,7
DA:83,2
DA:85,2
DA:86,1
DA:88,1
DA:92,0
DA:97,7
DA:98,5
DA:100,5
DA:101,3
DA:103,2
DA:107,0
LF:40
LH:32
BRDA:8,0,0,4
BRDA:8,0,1,1
BRDA:22,1,0,0
BRDA:22,1,1,1
BRDA:25,2,0,1
BRDA:25,2,1,0
BRDA:69,3,0,2
BRDA:69,3,1,2
BRDA:85,4,0,1
BRDA:85,4,1,1
BRDA:100,5,0,3
BRDA:100,5,1,2
BRF:12
BRH:10
end_of_record
TN:
SF:controller/checker.ts
FN:6,(anonymous_7)
FN:6,(anonymous_8)
FNF:2
FNH:2
FNDA:118,(anonymous_7)
FNDA:118,(anonymous_8)
DA:3,7
DA:6,118
DA:7,118
DA:9,118
DA:10,29
DA:16,89
DA:17,89
DA:18,1
DA:23,88
LF:9
LH:9
BRDA:7,0,0,118
BRDA:7,0,1,29
BRDA:9,1,0,29
BRDA:16,2,0,89
BRDA:16,2,1,89
BRDA:17,3,0,1
BRDA:17,3,1,88
BRF:7
BRH:7
end_of_record
TN:
SF:controller/transaction.ts
FN:7,(anonymous_8)
FN:7,(anonymous_9)
FN:56,(anonymous_10)
FN:56,(anonymous_11)
FN:66,(anonymous_12)
FN:66,(anonymous_13)
FN:80,(anonymous_14)
FN:80,(anonymous_15)
FN:82,(anonymous_16)
FN:85,(anonymous_17)
FN:91,(anonymous_18)
FN:91,(anonymous_19)
FN:105,(anonymous_20)
FN:105,(anonymous_21)
FN:107,(anonymous_22)
FN:114,(anonymous_23)
FNF:16
FNH:14
FNDA:4,(anonymous_8)
FNDA:4,(anonymous_9)
FNDA:1,(anonymous_10)
FNDA:1,(anonymous_11)
FNDA:3,(anonymous_12)
FNDA:3,(anonymous_13)
FNDA:2,(anonymous_14)
FNDA:2,(anonymous_15)
FNDA:2,(anonymous_16)
FNDA:0,(anonymous_17)
FNDA:4,(anonymous_18)
FNDA:4,(anonymous_19)
FNDA:2,(anonymous_20)
FNDA:2,(anonymous_21)
FNDA:2,(anonymous_22)
FNDA:0,(anonymous_23)
DA:2,7
DA:3,7
DA:4,7
DA:7,7
DA:8,4
DA:9,4
DA:19,4
DA:20,4
DA:21,1
DA:23,3
DA:24,2
DA:26,2
DA:27,0
DA:29,2
DA:31,2
DA:35,2
DA:36,2
DA:37,2
DA:38,0
DA:39,0
DA:43,2
DA:47,1
DA:48,1
DA:50,0
DA:56,7
DA:57,1
DA:58,1
DA:59,1
DA:61,0
DA:66,7
DA:67,3
DA:68,3
DA:69,3
DA:70,2
DA:72,1
DA:75,0
DA:80,7
DA:81,2
DA:83,2
DA:86,0
DA:91,7
DA:92,4
DA:93,4
DA:94,4
DA:95,2
DA:97,2
DA:100,0
DA:105,7
DA:106,2
DA:108,2
DA:109,1
DA:111,1
DA:115,0
LF:53
LH:44
BRDA:20,0,0,1
BRDA:20,0,1,3
BRDA:24,1,0,2
BRDA:26,2,0,0
BRDA:26,2,1,2
BRDA:36,3,0,2
BRDA:36,4,0,2
BRDA:36,4,1,2
BRDA:47,5,0,1
BRDA:47,5,1,0
BRDA:69,6,0,2
BRDA:69,6,1,1
BRDA:94,7,0,2
BRDA:94,7,1,2
BRDA:108,8,0,1
BRDA:108,8,1,1
BRF:16
BRH:14
end_of_record
TN:
SF:controller/user.ts
FN:6,(anonymous_8)
FN:8,(anonymous_9)
FN:24,(anonymous_10)
FN:27,(anonymous_11)
FN:36,(anonymous_12)
FN:43,(anonymous_13)
FN:45,(anonymous_14)
FN:48,(anonymous_15)
FN:54,(anonymous_16)
FN:56,(anonymous_17)
FN:63,(anonymous_18)
FN:69,(anonymous_19)
FN:69,(anonymous_20)
FN:81,(anonymous_21)
FN:83,(anonymous_22)
FN:90,(anonymous_23)
FN:95,(anonymous_24)
FN:97,(anonymous_25)
FN:104,(anonymous_26)
FNF:19
FNH:13
FNDA:8,(anonymous_8)
FNDA:8,(anonymous_9)
FNDA:5,(anonymous_10)
FNDA:0,(anonymous_11)
FNDA:0,(anonymous_12)
FNDA:1,(anonymous_13)
FNDA:1,(anonymous_14)
FNDA:0,(anonymous_15)
FNDA:4,(anonymous_16)
FNDA:4,(anonymous_17)
FNDA:0,(anonymous_18)
FNDA:8,(anonymous_19)
FNDA:8,(anonymous_20)
FNDA:2,(anonymous_21)
FNDA:2,(anonymous_22)
FNDA:0,(anonymous_23)
FNDA:2,(anonymous_24)
FNDA:2,(anonymous_25)
FNDA:0,(anonymous_26)
DA:2,7
DA:3,7
DA:6,7
DA:7,8
DA:9,8
DA:11,6
DA:12,1
DA:14,5
DA:23,5
DA:25,5
DA:28,0
DA:29,0
DA:33,2
DA:37,0
DA:38,0
DA:43,7
DA:44,1
DA:46,1
DA:49,0
DA:54,7
DA:55,4
DA:57,4
DA:58,1
DA:60,3
DA:64,0
DA:69,8
DA:70,8
DA:72,8
DA:73,2
DA:75,6
DA:76,6
DA:81,7
DA:82,2
DA:84,2
DA:85,1
DA:87,1
DA:91,0
DA:95,7
DA:96,2
DA:98,2
DA:99,1
DA:101,1
DA:105,0
LF:43
LH:35
BRDA:9,0,0,6
BRDA:9,0,1,2
BRDA:11,1,0,1
BRDA:57,2,0,1
BRDA:57,2,1,3
BRDA:72,3,0,2
BRDA:72,3,1,6
BRDA:84,4,0,1
BRDA:84,4,1,1
BRDA:98,5,0,1
BRDA:98,5,1,1
BRF:11
BRH:11
end_of_record
TN:
SF:controller/wallet.ts
FN:6,(anonymous_1)
FN:8,(anonymous_2)
FN:20,(anonymous_3)
FN:23,(anonymous_4)
FN:37,(anonymous_5)
FN:39,(anonymous_6)
FN:42,(anonymous_7)
FN:48,(anonymous_8)
FN:50,(anonymous_9)
FN:53,(anonymous_10)
FN:59,(anonymous_11)
FN:61,(anonymous_12)
FN:68,(anonymous_13)
FN:74,(anonymous_14)
FN:76,(anonymous_15)
FN:83,(anonymous_16)
FN:88,(anonymous_17)
FN:90,(anonymous_18)
FN:93,(anonymous_19)
FN:105,(anonymous_20)
FNF:20
FNH:15
FNDA:5,(anonymous_1)
FNDA:5,(anonymous_2)
FNDA:3,(anonymous_3)
FNDA:1,(anonymous_4)
FNDA:1,(anonymous_5)
FNDA:1,(anonymous_6)
FNDA:0,(anonymous_7)
FNDA:2,(anonymous_8)
FNDA:2,(anonymous_9)
FNDA:0,(anonymous_10)
FNDA:4,(anonymous_11)
FNDA:4,(anonymous_12)
FNDA:0,(anonymous_13)
FNDA:2,(anonymous_14)
FNDA:2,(anonymous_15)
FNDA:0,(anonymous_16)
FNDA:5,(anonymous_17)
FNDA:5,(anonymous_18)
FNDA:3,(anonymous_19)
FNDA:0,(anonymous_20)
DA:2,7
DA:3,7
DA:6,7
DA:7,5
DA:9,5
DA:10,4
DA:19,4
DA:21,3
DA:24,1
DA:25,1
DA:27,0
DA:31,1
DA:37,7
DA:38,1
DA:40,1
DA:43,0
DA:48,7
DA:49,2
DA:51,2
DA:54,0
DA:59,7
DA:60,4
DA:62,4
DA:63,2
DA:65,2
DA:69,0
DA:74,7
DA:75,2
DA:77,2
DA:78,1
DA:80,1
DA:84,0
DA:88,7
DA:89,5
DA:91,5
DA:92,3
DA:94,3
DA:95,3
DA:97,0
DA:101,2
DA:106,0
LF:41
LH:34
BRDA:9,0,0,4
BRDA:9,0,1,1
BRDA:24,1,0,1
BRDA:24,1,1,0
BRDA:62,2,0,2
BRDA:62,2,1,2
BRDA:77,3,0,1
BRDA:77,3,1,1
BRDA:91,4,0,3
BRDA:91,4,1,2
BRDA:94,5,0,3
BRDA:94,5,1,0
BRF:12
BRH:10
end_of_record
TN:
SF:models/budget.ts
FNF:0
FNH:0
DA:1,7
DA:3,7
DA:23,7
DA:25,7
LF:4
LH:4
BRF:0
BRH:0
end_of_record
TN:
SF:models/category.ts
FNF:0
FNH:0
DA:2,7
DA:4,7
DA:18,7
DA:20,7
LF:4
LH:4
BRF:0
BRH:0
end_of_record
TN:
SF:models/transaction.ts
FNF:0
FNH:0
DA:1,7
DA:3,7
DA:25,7
DA:27,7
LF:4
LH:4
BRF:0
BRH:0
end_of_record
TN:
SF:models/user.ts
FNF:0
FNH:0
DA:1,7
DA:3,7
DA:12,7
DA:23,7
LF:4
LH:4
BRF:0
BRH:0
end_of_record
TN:
SF:models/wallet.ts
FNF:0
FNH:0
DA:1,7
DA:3,7
DA:21,7
DA:23,7
LF:4
LH:4
BRF:0
BRH:0
end_of_record
TN:
SF:router/auth.ts
FNF:0
FNH:0
DA:1,7
DA:2,7
DA:3,7
DA:5,7
DA:7,7
DA:8,7
DA:9,7
DA:10,7
DA:12,7
LF:9
LH:9
BRF:0
BRH:0
end_of_record
TN:
SF:router/budget.ts
FNF:0
FNH:0
DA:1,7
DA:2,7
DA:4,7
DA:6,7
DA:7,7
DA:8,7
DA:9,7
DA:10,7
DA:11,7
DA:13,7
LF:10
LH:10
BRF:0
BRH:0
end_of_record
TN:
SF:router/category.ts
FNF:0
FNH:0
DA:1,7
DA:2,7
DA:4,7
DA:6,7
DA:7,7
DA:8,7
DA:9,7
DA:10,7
DA:11,7
DA:13,7
LF:10
LH:10
BRF:0
BRH:0
end_of_record
TN:
SF:router/transaction.ts
FNF:0
FNH:0
DA:1,7
DA:2,7
DA:4,7
DA:6,7
DA:7,7
DA:8,7
DA:9,7
DA:10,7
DA:11,7
DA:13,7
LF:10
LH:10
BRF:0
BRH:0
end_of_record
TN:
SF:router/user.ts
FNF:0
FNH:0
DA:1,7
DA:2,7
DA:5,7
DA:7,7
DA:8,7
DA:9,7
DA:10,7
DA:11,7
DA:13,7
LF:9
LH:9
BRF:0
BRH:0
end_of_record
TN:
SF:router/wallet.ts
FNF:0
FNH:0
DA:1,7
DA:2,7
DA:4,7
DA:6,7
DA:7,7
DA:8,7
DA:9,7
DA:10,7
DA:11,7
DA:13,7
LF:10
LH:10
BRF:0
BRH:0
end_of_record
TN:
SF:utils/passwordChecker.ts
FN:1,(anonymous_0)
FNF:1
FNH:1
FNDA:12,(anonymous_0)
DA:1,7
DA:3,12
DA:4,12
LF:3
LH:3
BRF:0
BRH:0
end_of_record
TN:
SF:utils/token.ts
FN:3,(anonymous_7)
FN:7,(anonymous_8)
FN:7,(anonymous_9)
FN:8,(anonymous_10)
FNF:4
FNH:4
FNDA:10,(anonymous_7)
FNDA:94,(anonymous_8)
FNDA:94,(anonymous_9)
FNDA:94,(anonymous_10)
DA:1,7
DA:3,7
DA:4,10
DA:7,94
DA:8,94
DA:9,94
DA:11,94
LF:7
LH:7
BRF:0
BRH:0
end_of_record
