TN:
SF:index.ts
FN:26,(anonymous_1)
FN:36,(anonymous_2)
FN:49,(anonymous_3)
FN:55,(anonymous_4)
FN:82,(anonymous_5)
FNF:5
FNH:4
FNDA:136,(anonymous_1)
FNDA:136,(anonymous_2)
FNDA:0,(anonymous_3)
FNDA:1,(anonymous_4)
FNDA:7,(anonymous_5)
DA:1,7
DA:2,7
DA:3,7
DA:6,7
DA:7,7
DA:8,7
DA:9,7
DA:10,7
DA:11,7
DA:14,7
DA:16,7
DA:20,7
DA:23,7
DA:24,7
DA:25,7
DA:26,7
DA:27,136
DA:28,136
DA:29,136
DA:34,7
DA:35,7
DA:36,7
DA:37,136
DA:38,136
DA:43,7
DA:44,7
DA:47,7
DA:49,0
DA:52,7
DA:55,7
DA:56,1
DA:66,7
DA:67,7
DA:68,7
DA:69,7
DA:72,7
DA:75,7
DA:76,7
DA:77,7
DA:78,7
DA:79,7
DA:82,7
DA:83,7
DA:86,7
DA:87,7
LF:45
LH:44
BRDA:24,0,0,7
BRDA:24,0,1,0
BRDA:48,1,0,7
BRDA:48,1,1,0
BRF:4
BRH:2
end_of_record
TN:
SF:controller/auth.ts
FN:7,(anonymous_8)
FN:7,(anonymous_9)
FN:26,(anonymous_10)
FN:26,(anonymous_11)
FN:41,(anonymous_12)
FNF:5
FNH:5
FNDA:3,(anonymous_8)
FNDA:3,(anonymous_9)
FNDA:3,(anonymous_10)
FNDA:3,(anonymous_11)
FNDA:2,(anonymous_12)
DA:1,7
DA:3,7
DA:5,7
DA:7,7
DA:8,3
DA:10,3
DA:12,3
DA:13,1
DA:16,2
DA:17,1
DA:20,1
DA:21,1
DA:22,1
DA:23,1
DA:26,7
DA:27,3
DA:29,3
DA:30,1
DA:33,2
DA:34,2
DA:35,2
DA:37,1
DA:41,7
DA:42,2
DA:43,2
DA:45,2
DA:46,1
DA:47,1
DA:48,1
DA:49,1
DA:51,1
LF:31
LH:31
BRDA:5,0,0,7
BRDA:5,0,1,7
BRDA:12,1,0,1
BRDA:16,2,0,1
BRDA:27,3,0,3
BRDA:27,3,1,1
BRDA:29,4,0,1
BRDA:42,5,0,2
BRDA:42,5,1,1
BRDA:45,6,0,1
BRDA:45,6,1,1
BRF:11
BRH:11
end_of_record
TN:
SF:controller/budget.ts
FN:7,(anonymous_1)
FN:9,(anonymous_2)
FN:23,(anonymous_3)
FN:26,(anonymous_4)
FN:38,(anonymous_5)
FN:44,(anonymous_6)
FN:46,(anonymous_7)
FN:49,(anonymous_8)
FN:56,(anonymous_9)
FN:58,(anonymous_10)
FN:61,(anonymous_11)
FN:68,(anonymous_12)
FN:70,(anonymous_13)
FN:77,(anonymous_14)
FN:84,(anonymous_15)
FN:86,(anonymous_16)
FN:93,(anonymous_17)
FN:100,(anonymous_18)
FN:102,(anonymous_19)
FN:109,(anonymous_20)
FNF:20
FNH:14
FNDA:4,(anonymous_1)
FNDA:4,(anonymous_2)
FNDA:2,(anonymous_3)
FNDA:1,(anonymous_4)
FNDA:0,(anonymous_5)
FNDA:1,(anonymous_6)
FNDA:1,(anonymous_7)
FNDA:0,(anonymous_8)
FNDA:2,(anonymous_9)
FNDA:2,(anonymous_10)
FNDA:0,(anonymous_11)
FNDA:4,(anonymous_12)
FNDA:4,(anonymous_13)
FNDA:0,(anonymous_14)
FNDA:2,(anonymous_15)
FNDA:2,(anonymous_16)
FNDA:0,(anonymous_17)
FNDA:4,(anonymous_18)
FNDA:4,(anonymous_19)
FNDA:0,(anonymous_20)
DA:2,7
DA:3,7
DA:4,7
DA:7,7
DA:8,4
DA:10,4
DA:11,4
DA:12,3
DA:22,3
DA:24,2
DA:27,1
DA:28,1
DA:30,0
DA:35,1
DA:39,0
DA:44,7
DA:45,1
DA:47,1
DA:51,0
DA:56,7
DA:57,2
DA:59,2
DA:63,0
DA:68,7
DA:69,4
DA:71,4
DA:72,2
DA:74,2
DA:79,0
DA:84,7
DA:85,2
DA:87,2
DA:88,1
DA:90,1
DA:95,0
DA:100,7
DA:101,4
DA:103,4
DA:104,2
DA:106,2
DA:111,0
LF:41
LH:34
BRDA:11,0,0,3
BRDA:11,0,1,1
BRDA:27,1,0,1
BRDA:27,1,1,0
BRDA:71,2,0,2
BRDA:71,2,1,2
BRDA:87,3,0,1
BRDA:87,3,1,1
BRDA:103,4,0,2
BRDA:103,4,1,2
BRF:10
BRH:9
end_of_record
TN:
SF:controller/category.ts
FN:9,(anonymous_1)
FN:11,(anonymous_2)
FN:23,(anonymous_3)
FN:26,(anonymous_4)
FN:45,(anonymous_5)
FN:51,(anonymous_6)
FN:53,(anonymous_7)
FN:56,(anonymous_8)
FN:63,(anonymous_9)
FN:65,(anonymous_10)
FN:68,(anonymous_11)
FN:74,(anonymous_12)
FN:76,(anonymous_13)
FN:83,(anonymous_14)
FN:90,(anonymous_15)
FN:92,(anonymous_16)
FN:94,(anonymous_17)
FN:101,(anonymous_18)
FN:105,(anonymous_19)
FN:112,(anonymous_20)
FN:114,(anonymous_21)
FN:116,(anonymous_22)
FN:118,(anonymous_23)
FN:125,(anonymous_24)
FNF:24
FNH:17
FNDA:5,(anonymous_1)
FNDA:5,(anonymous_2)
FNDA:3,(anonymous_3)
FNDA:1,(anonymous_4)
FNDA:0,(anonymous_5)
FNDA:1,(anonymous_6)
FNDA:1,(anonymous_7)
FNDA:0,(anonymous_8)
FNDA:2,(anonymous_9)
FNDA:2,(anonymous_10)
FNDA:0,(anonymous_11)
FNDA:4,(anonymous_12)
FNDA:4,(anonymous_13)
FNDA:0,(anonymous_14)
FNDA:2,(anonymous_15)
FNDA:2,(anonymous_16)
FNDA:2,(anonymous_17)
FNDA:0,(anonymous_18)
FNDA:0,(anonymous_19)
FNDA:5,(anonymous_20)
FNDA:5,(anonymous_21)
FNDA:5,(anonymous_22)
FNDA:5,(anonymous_23)
FNDA:0,(anonymous_24)
DA:2,7
DA:3,7
DA:4,7
DA:5,7
DA:6,7
DA:9,7
DA:10,5
DA:12,5
DA:13,5
DA:14,4
DA:22,4
DA:24,3
DA:27,1
DA:28,1
DA:29,0
DA:31,1
DA:32,1
DA:34,0
DA:42,1
DA:46,0
DA:51,7
DA:52,1
DA:54,1
DA:58,0
DA:63,7
DA:64,2
DA:66,2
DA:69,0
DA:74,7
DA:75,4
DA:77,4
DA:78,2
DA:80,2
DA:84,0
DA:90,7
DA:91,2
DA:93,2
DA:95,2
DA:96,1
DA:98,1
DA:102,0
DA:106,0
DA:112,7
DA:113,5
DA:115,5
DA:117,5
DA:119,5
DA:120,3
DA:122,2
DA:126,0
LF:50
LH:41
BRDA:13,0,0,4
BRDA:13,0,1,1
BRDA:28,1,0,0
BRDA:28,1,1,1
BRDA:31,2,0,1
BRDA:31,2,1,0
BRDA:77,3,0,2
BRDA:77,3,1,2
BRDA:95,4,0,1
BRDA:95,4,1,1
BRDA:119,5,0,3
BRDA:119,5,1,2
BRF:12
BRH:10
end_of_record
TN:
SF:controller/checker.ts
FN:6,(anonymous_7)
FN:6,(anonymous_8)
FNF:2
FNH:2
FNDA:118,(anonymous_7)
FNDA:118,(anonymous_8)
DA:3,7
DA:6,118
DA:7,118
DA:9,118
DA:10,29
DA:16,89
DA:17,89
DA:18,1
DA:23,88
LF:9
LH:9
BRDA:7,0,0,118
BRDA:7,0,1,29
BRDA:9,1,0,29
BRDA:16,2,0,89
BRDA:16,2,1,89
BRDA:17,3,0,1
BRDA:17,3,1,88
BRF:7
BRH:7
end_of_record
TN:
SF:controller/transaction.ts
FN:9,(anonymous_8)
FN:9,(anonymous_9)
FN:59,(anonymous_10)
FN:59,(anonymous_11)
FN:69,(anonymous_12)
FN:69,(anonymous_13)
FN:83,(anonymous_14)
FN:83,(anonymous_15)
FN:85,(anonymous_16)
FN:88,(anonymous_17)
FN:94,(anonymous_18)
FN:94,(anonymous_19)
FN:127,(anonymous_20)
FN:127,(anonymous_21)
FN:148,(anonymous_22)
FN:171,(anonymous_23)
FNF:16
FNH:14
FNDA:4,(anonymous_8)
FNDA:4,(anonymous_9)
FNDA:1,(anonymous_10)
FNDA:1,(anonymous_11)
FNDA:3,(anonymous_12)
FNDA:3,(anonymous_13)
FNDA:2,(anonymous_14)
FNDA:2,(anonymous_15)
FNDA:2,(anonymous_16)
FNDA:0,(anonymous_17)
FNDA:4,(anonymous_18)
FNDA:4,(anonymous_19)
FNDA:2,(anonymous_20)
FNDA:2,(anonymous_21)
FNDA:2,(anonymous_22)
FNDA:0,(anonymous_23)
DA:2,7
DA:3,7
DA:4,7
DA:5,7
DA:6,7
DA:9,7
DA:10,4
DA:11,4
DA:12,4
DA:22,4
DA:23,4
DA:24,1
DA:26,3
DA:27,2
DA:29,2
DA:30,0
DA:32,2
DA:34,2
DA:38,2
DA:39,2
DA:40,2
DA:41,0
DA:42,0
DA:46,2
DA:50,1
DA:51,1
DA:53,0
DA:59,7
DA:60,1
DA:61,1
DA:62,1
DA:64,0
DA:69,7
DA:70,3
DA:71,3
DA:72,2
DA:73,2
DA:75,0
DA:78,1
DA:83,7
DA:84,2
DA:86,2
DA:89,0
DA:94,7
DA:95,4
DA:96,4
DA:97,3
DA:98,3
DA:99,2
DA:100,0
DA:102,2
DA:104,2
DA:106,3
DA:107,3
DA:108,0
DA:109,0
DA:111,0
DA:113,0
DA:115,3
DA:116,3
DA:117,2
DA:119,1
DA:122,1
DA:127,7
DA:128,2
DA:129,2
DA:130,2
DA:131,1
DA:132,0
DA:134,1
DA:136,1
DA:138,2
DA:139,2
DA:140,0
DA:141,0
DA:143,0
DA:145,0
DA:147,2
DA:149,2
DA:150,1
DA:151,0
DA:154,1
DA:156,1
DA:157,1
DA:158,0
DA:159,0
DA:162,0
DA:164,0
DA:166,1
DA:168,1
DA:172,0
LF:91
LH:68
BRDA:23,0,0,1
BRDA:23,0,1,3
BRDA:27,1,0,2
BRDA:29,2,0,0
BRDA:29,2,1,2
BRDA:39,3,0,2
BRDA:39,4,0,2
BRDA:39,4,1,2
BRDA:50,5,0,1
BRDA:50,5,1,0
BRDA:72,6,0,2
BRDA:72,6,1,0
BRDA:97,7,0,1
BRDA:97,7,1,2
BRDA:97,8,0,3
BRDA:97,8,1,2
BRDA:97,9,0,1
BRDA:97,9,1,2
BRDA:97,10,0,3
BRDA:97,10,1,2
BRDA:98,11,0,2
BRDA:98,12,0,3
BRDA:98,12,1,2
BRDA:99,13,0,0
BRDA:99,13,1,2
BRDA:106,14,0,1
BRDA:106,14,1,2
BRDA:106,15,0,3
BRDA:106,15,1,2
BRDA:106,16,0,1
BRDA:106,16,1,2
BRDA:106,17,0,3
BRDA:106,17,1,2
BRDA:107,18,0,0
BRDA:107,19,0,3
BRDA:107,19,1,0
BRDA:108,20,0,0
BRDA:108,20,1,0
BRDA:116,21,0,2
BRDA:116,21,1,1
BRDA:129,22,0,1
BRDA:129,22,1,1
BRDA:129,23,0,2
BRDA:129,23,1,1
BRDA:129,24,0,1
BRDA:129,24,1,1
BRDA:129,25,0,2
BRDA:129,25,1,1
BRDA:130,26,0,1
BRDA:130,27,0,2
BRDA:130,27,1,1
BRDA:131,28,0,0
BRDA:131,28,1,1
BRDA:138,29,0,1
BRDA:138,29,1,1
BRDA:138,30,0,2
BRDA:138,30,1,1
BRDA:138,31,0,1
BRDA:138,31,1,1
BRDA:138,32,0,2
BRDA:138,32,1,1
BRDA:139,33,0,0
BRDA:139,34,0,2
BRDA:139,34,1,0
BRDA:140,35,0,0
BRDA:140,35,1,0
BRDA:149,36,0,1
BRDA:149,36,1,1
BRDA:149,37,0,2
BRDA:149,37,1,1
BRDA:150,38,0,0
BRDA:150,38,1,1
BRDA:157,39,0,0
BRDA:157,40,0,1
BRDA:157,40,1,1
BRDA:158,41,0,0
BRDA:158,41,1,0
BRF:77
BRH:60
end_of_record
TN:
SF:controller/user.ts
FN:8,(anonymous_8)
FN:10,(anonymous_9)
FN:27,(anonymous_10)
FN:30,(anonymous_11)
FN:39,(anonymous_12)
FN:46,(anonymous_13)
FN:48,(anonymous_14)
FN:51,(anonymous_15)
FN:57,(anonymous_16)
FN:59,(anonymous_17)
FN:66,(anonymous_18)
FN:72,(anonymous_19)
FN:72,(anonymous_20)
FN:84,(anonymous_21)
FN:86,(anonymous_22)
FN:93,(anonymous_23)
FN:98,(anonymous_24)
FN:100,(anonymous_25)
FN:107,(anonymous_26)
FNF:19
FNH:13
FNDA:8,(anonymous_8)
FNDA:8,(anonymous_9)
FNDA:6,(anonymous_10)
FNDA:0,(anonymous_11)
FNDA:0,(anonymous_12)
FNDA:1,(anonymous_13)
FNDA:1,(anonymous_14)
FNDA:0,(anonymous_15)
FNDA:4,(anonymous_16)
FNDA:4,(anonymous_17)
FNDA:0,(anonymous_18)
FNDA:8,(anonymous_19)
FNDA:8,(anonymous_20)
FNDA:2,(anonymous_21)
FNDA:2,(anonymous_22)
FNDA:0,(anonymous_23)
FNDA:2,(anonymous_24)
FNDA:2,(anonymous_25)
FNDA:0,(anonymous_26)
DA:2,7
DA:3,7
DA:4,7
DA:5,7
DA:8,7
DA:9,8
DA:11,8
DA:13,7
DA:14,1
DA:16,6
DA:17,6
DA:26,6
DA:28,6
DA:31,0
DA:32,0
DA:36,1
DA:40,0
DA:41,0
DA:46,7
DA:47,1
DA:49,1
DA:52,0
DA:57,7
DA:58,4
DA:60,4
DA:61,1
DA:63,3
DA:67,0
DA:72,8
DA:73,8
DA:75,8
DA:76,2
DA:78,6
DA:79,6
DA:84,7
DA:85,2
DA:87,2
DA:88,1
DA:90,1
DA:94,0
DA:98,7
DA:99,2
DA:101,2
DA:102,1
DA:104,1
DA:108,0
LF:46
LH:38
BRDA:11,0,0,7
BRDA:11,0,1,1
BRDA:13,1,0,1
BRDA:60,2,0,1
BRDA:60,2,1,3
BRDA:75,3,0,2
BRDA:75,3,1,6
BRDA:87,4,0,1
BRDA:87,4,1,1
BRDA:101,5,0,1
BRDA:101,5,1,1
BRF:11
BRH:11
end_of_record
TN:
SF:controller/wallet.ts
FN:8,(anonymous_1)
FN:10,(anonymous_2)
FN:23,(anonymous_3)
FN:26,(anonymous_4)
FN:40,(anonymous_5)
FN:42,(anonymous_6)
FN:45,(anonymous_7)
FN:51,(anonymous_8)
FN:53,(anonymous_9)
FN:56,(anonymous_10)
FN:62,(anonymous_11)
FN:64,(anonymous_12)
FN:71,(anonymous_13)
FN:77,(anonymous_14)
FN:79,(anonymous_15)
FN:86,(anonymous_16)
FN:91,(anonymous_17)
FN:93,(anonymous_18)
FN:96,(anonymous_19)
FN:108,(anonymous_20)
FNF:20
FNH:15
FNDA:5,(anonymous_1)
FNDA:5,(anonymous_2)
FNDA:3,(anonymous_3)
FNDA:1,(anonymous_4)
FNDA:1,(anonymous_5)
FNDA:1,(anonymous_6)
FNDA:0,(anonymous_7)
FNDA:2,(anonymous_8)
FNDA:2,(anonymous_9)
FNDA:0,(anonymous_10)
FNDA:4,(anonymous_11)
FNDA:4,(anonymous_12)
FNDA:0,(anonymous_13)
FNDA:2,(anonymous_14)
FNDA:2,(anonymous_15)
FNDA:0,(anonymous_16)
FNDA:5,(anonymous_17)
FNDA:5,(anonymous_18)
FNDA:3,(anonymous_19)
FNDA:0,(anonymous_20)
DA:2,7
DA:3,7
DA:4,7
DA:5,7
DA:8,7
DA:9,5
DA:11,5
DA:12,4
DA:13,4
DA:22,4
DA:24,3
DA:27,1
DA:28,1
DA:30,0
DA:34,1
DA:40,7
DA:41,1
DA:43,1
DA:46,0
DA:51,7
DA:52,2
DA:54,2
DA:57,0
DA:62,7
DA:63,4
DA:65,4
DA:66,2
DA:68,2
DA:72,0
DA:77,7
DA:78,2
DA:80,2
DA:81,1
DA:83,1
DA:87,0
DA:91,7
DA:92,5
DA:94,5
DA:95,3
DA:97,3
DA:98,3
DA:100,0
DA:104,2
DA:109,0
LF:44
LH:37
BRDA:11,0,0,4
BRDA:11,0,1,1
BRDA:27,1,0,1
BRDA:27,1,1,0
BRDA:65,2,0,2
BRDA:65,2,1,2
BRDA:80,3,0,1
BRDA:80,3,1,1
BRDA:94,4,0,3
BRDA:94,4,1,2
BRDA:97,5,0,3
BRDA:97,5,1,0
BRF:12
BRH:10
end_of_record
TN:
SF:models/budget.ts
FNF:0
FNH:0
DA:1,7
DA:2,7
DA:3,7
DA:5,7
DA:25,7
DA:27,7
LF:6
LH:6
BRF:0
BRH:0
end_of_record
TN:
SF:models/category.ts
FNF:0
FNH:0
DA:2,7
DA:3,7
DA:4,7
DA:6,7
DA:20,7
DA:22,7
LF:6
LH:6
BRF:0
BRH:0
end_of_record
TN:
SF:models/transaction.ts
FNF:0
FNH:0
DA:1,7
DA:2,7
DA:3,7
DA:5,7
DA:27,7
DA:29,7
LF:6
LH:6
BRF:0
BRH:0
end_of_record
TN:
SF:models/user.ts
FNF:0
FNH:0
DA:1,7
DA:2,7
DA:3,7
DA:5,7
DA:14,7
DA:25,7
LF:6
LH:6
BRF:0
BRH:0
end_of_record
TN:
SF:models/wallet.ts
FNF:0
FNH:0
DA:1,7
DA:2,7
DA:3,7
DA:5,7
DA:23,7
DA:25,7
LF:6
LH:6
BRF:0
BRH:0
end_of_record
TN:
SF:router/auth.ts
FNF:0
FNH:0
DA:1,7
DA:2,7
DA:3,7
DA:5,7
DA:7,7
DA:8,7
DA:9,7
DA:10,7
DA:12,7
LF:9
LH:9
BRF:0
BRH:0
end_of_record
TN:
SF:router/budget.ts
FNF:0
FNH:0
DA:1,7
DA:2,7
DA:4,7
DA:6,7
DA:7,7
DA:8,7
DA:9,7
DA:10,7
DA:11,7
DA:13,7
LF:10
LH:10
BRF:0
BRH:0
end_of_record
TN:
SF:router/category.ts
FNF:0
FNH:0
DA:1,7
DA:2,7
DA:4,7
DA:6,7
DA:7,7
DA:8,7
DA:9,7
DA:10,7
DA:11,7
DA:13,7
LF:10
LH:10
BRF:0
BRH:0
end_of_record
TN:
SF:router/transaction.ts
FNF:0
FNH:0
DA:1,7
DA:2,7
DA:4,7
DA:6,7
DA:7,7
DA:8,7
DA:9,7
DA:10,7
DA:11,7
DA:13,7
LF:10
LH:10
BRF:0
BRH:0
end_of_record
TN:
SF:router/user.ts
FNF:0
FNH:0
DA:1,7
DA:2,7
DA:5,7
DA:7,7
DA:8,7
DA:9,7
DA:10,7
DA:11,7
DA:13,7
LF:9
LH:9
BRF:0
BRH:0
end_of_record
TN:
SF:router/wallet.ts
FNF:0
FNH:0
DA:1,7
DA:2,7
DA:4,7
DA:6,7
DA:7,7
DA:8,7
DA:9,7
DA:10,7
DA:11,7
DA:13,7
LF:10
LH:10
BRF:0
BRH:0
end_of_record
TN:
SF:utils/passwordChecker.ts
FN:1,(anonymous_0)
FNF:1
FNH:1
FNDA:13,(anonymous_0)
DA:1,7
DA:3,13
DA:4,13
LF:3
LH:3
BRF:0
BRH:0
end_of_record
TN:
SF:utils/token.ts
FN:3,(anonymous_7)
FN:7,(anonymous_8)
FN:7,(anonymous_9)
FN:8,(anonymous_10)
FNF:4
FNH:4
FNDA:10,(anonymous_7)
FNDA:94,(anonymous_8)
FNDA:94,(anonymous_9)
FNDA:94,(anonymous_10)
DA:1,7
DA:3,7
DA:4,10
DA:7,94
DA:8,94
DA:9,94
DA:11,94
LF:7
LH:7
BRF:0
BRH:0
end_of_record
